Log file open, 09/10/20 15:03:05
LogInit: Display: Running engine for game: Unending
LogPlatformFile: Not using cached read wrapper
LogTaskGraph: Started task graph with 5 named threads and 47 total threads with 3 sets of task threads.
LogStats: Stats thread started at 0.208192
LogD3D11RHI: Loaded GFSDK_Aftermath_Lib.x64.dll
LogICUInternationalization: ICU TimeZone Detection - Raw Offset: +1:00, Platform Override: ''
LogPluginManager: Mounting plugin Paper2D
LogPluginManager: Mounting plugin AISupport
LogPluginManager: Mounting plugin LightPropagationVolume
LogPluginManager: Mounting plugin CameraShakePreviewer
LogPluginManager: Mounting plugin ActorLayerUtilities
LogPluginManager: Mounting plugin AnimationSharing
LogPluginManager: Mounting plugin CLionSourceCodeAccess
LogPluginManager: Mounting plugin CodeLiteSourceCodeAccess
LogPluginManager: Mounting plugin GitSourceControl
LogPluginManager: Mounting plugin KDevelopSourceCodeAccess
LogPluginManager: Mounting plugin NullSourceCodeAccess
LogPluginManager: Mounting plugin PerforceSourceControl
LogPluginManager: Mounting plugin PlasticSourceControl
LogPluginManager: Mounting plugin RiderSourceCodeAccess
LogPluginManager: Mounting plugin SubversionSourceControl
LogPluginManager: Mounting plugin UObjectPlugin
LogPluginManager: Mounting plugin VisualStudioCodeSourceCodeAccess
LogPluginManager: Mounting plugin VisualStudioSourceCodeAccess
LogPluginManager: Mounting plugin XCodeSourceCodeAccess
LogPluginManager: Mounting plugin AssetManagerEditor
LogPluginManager: Mounting plugin CryptoKeys
LogPluginManager: Mounting plugin CurveEditorTools
LogPluginManager: Mounting plugin DataValidation
LogPluginManager: Mounting plugin EditorScriptingUtilities
LogPluginManager: Mounting plugin FacialAnimation
LogPluginManager: Mounting plugin GameplayTagsEditor
LogPluginManager: Mounting plugin GeometryMode
LogPluginManager: Mounting plugin MacGraphicsSwitching
LogPluginManager: Mounting plugin MaterialAnalyzer
LogPluginManager: Mounting plugin MobileLauncherProfileWizard
LogPluginManager: Mounting plugin PluginBrowser
LogPluginManager: Mounting plugin SpeedTreeImporter
LogPluginManager: Mounting plugin DatasmithContent
LogPluginManager: Mounting plugin VariantManagerContent
LogPluginManager: Mounting plugin AlembicImporter
LogPluginManager: Mounting plugin AutomationUtils
LogPluginManager: Mounting plugin BackChannel
LogPluginManager: Mounting plugin ChaosCloth
LogPluginManager: Mounting plugin ChaosClothEditor
LogPluginManager: Mounting plugin ChaosEditor
LogPluginManager: Mounting plugin ChaosNiagara
LogPluginManager: Mounting plugin ChaosSolverPlugin
LogPluginManager: Mounting plugin CharacterAI
LogPluginManager: Mounting plugin GeometryCache
LogPluginManager: Mounting plugin GeometryCollectionPlugin
LogPluginManager: Mounting plugin GeometryProcessing
LogPluginManager: Mounting plugin PlanarCut
LogPluginManager: Mounting plugin PlatformCrypto
LogPluginManager: Mounting plugin ProxyLODPlugin
LogPluginManager: Mounting plugin SkeletalReduction
LogPluginManager: Mounting plugin Niagara
LogPluginManager: Mounting plugin MagicLeap
LogPluginManager: Mounting plugin MagicLeapLightEstimation
LogPluginManager: Mounting plugin MagicLeapMedia
LogPluginManager: Mounting plugin MagicLeapPassableWorld
LogPluginManager: Mounting plugin MLSDK
LogPluginManager: Mounting plugin AutoSizeComments
LogPluginManager: Mounting plugin AndroidMedia
LogPluginManager: Mounting plugin AvfMedia
LogPluginManager: Mounting plugin ImgMedia
LogPluginManager: Mounting plugin MediaCompositing
LogPluginManager: Mounting plugin MediaPlayerEditor
LogPluginManager: Mounting plugin WebMMedia
LogPluginManager: Mounting plugin WmfMedia
LogPluginManager: Mounting plugin MeshPainting
LogPluginManager: Mounting plugin TcpMessaging
LogPluginManager: Mounting plugin UdpMessaging
LogPluginManager: Mounting plugin ActorSequence
LogPluginManager: Mounting plugin LevelSequenceEditor
LogPluginManager: Mounting plugin MatineeToLevelSequence
LogPluginManager: Mounting plugin MovieRenderPipeline
LogPluginManager: Mounting plugin TemplateSequence
LogPluginManager: Mounting plugin NetcodeUnitTest
LogPluginManager: Mounting plugin NUTUnrealEngine4
LogPluginManager: Mounting plugin OnlineSubsystemGooglePlay
LogPluginManager: Mounting plugin OnlineSubsystemIOS
LogPluginManager: Mounting plugin OnlineSubsystem
LogPluginManager: Mounting plugin OnlineSubsystemNull
LogPluginManager: Mounting plugin OnlineSubsystemUtils
LogPluginManager: Mounting plugin LauncherChunkInstaller
LogPluginManager: Mounting plugin AndroidDeviceProfileSelector
LogPluginManager: Mounting plugin AndroidMoviePlayer
LogPluginManager: Mounting plugin AndroidPermission
LogPluginManager: Mounting plugin AppleImageUtils
LogPluginManager: Mounting plugin AppleMoviePlayer
LogPluginManager: Mounting plugin ArchVisCharacter
LogPluginManager: Mounting plugin AssetTags
LogPluginManager: Mounting plugin AudioCapture
LogPluginManager: Mounting plugin CableComponent
LogPluginManager: Mounting plugin CustomMeshComponent
LogPluginManager: Mounting plugin EditableMesh
LogPluginManager: Mounting plugin ExampleDeviceProfileSelector
LogPluginManager: Mounting plugin GoogleCloudMessaging
LogPluginManager: Mounting plugin GooglePAD
LogPluginManager: Mounting plugin IOSDeviceProfileSelector
LogPluginManager: Mounting plugin LinuxDeviceProfileSelector
LogPluginManager: Mounting plugin LocationServicesBPLibrary
LogPluginManager: Mounting plugin MobilePatchingUtils
LogPluginManager: Mounting plugin OculusVR
LogPluginManager: Mounting plugin PhysXVehicles
LogPluginManager: Mounting plugin PostSplashScreen
LogPluginManager: Mounting plugin ProceduralMeshComponent
LogPluginManager: Mounting plugin RuntimePhysXCooking
LogPluginManager: Mounting plugin SignificanceManager
LogPluginManager: Mounting plugin SoundFields
LogPluginManager: Mounting plugin SteamVR
LogPluginManager: Mounting plugin SunPosition
LogPluginManager: Mounting plugin Synthesis
LogPluginManager: Mounting plugin WebMMoviePlayer
LogPluginManager: Mounting plugin WindowsMoviePlayer
LogPluginManager: Mounting plugin ScreenshotTools
LogInit: Using libcurl 7.55.1-DEV
LogInit:  - built for x86_64-pc-win32
LogInit:  - supports SSL with OpenSSL/1.1.1
LogInit:  - supports HTTP deflate (compression) using libz 1.2.8
LogInit:  - other features:
LogInit:      CURL_VERSION_SSL
LogInit:      CURL_VERSION_LIBZ
LogInit:      CURL_VERSION_IPV6
LogInit:      CURL_VERSION_ASYNCHDNS
LogInit:      CURL_VERSION_LARGEFILE
LogInit:      CURL_VERSION_IDN
LogInit:  CurlRequestOptions (configurable via config and command line):
LogInit:  - bVerifyPeer = true  - Libcurl will verify peer certificate
LogInit:  - bUseHttpProxy = false  - Libcurl will NOT use HTTP proxy
LogInit:  - bDontReuseConnections = false  - Libcurl will reuse connections
LogInit:  - MaxHostConnections = 16  - Libcurl will limit the number of connections to a host
LogInit:  - LocalHostAddr = Default
LogInit:  - BufferSize = 65536
LogOnline: OSS: Creating online subsystem instance for: NULL
LogInit: WinSock: version 1.1 (2.2), MaxSocks=32767, MaxUdp=65467
LogOnline: OSS: TryLoadSubsystemAndSetDefault: Loaded subsystem for module [NULL]
LogInit: Build: ++UE4+Release-4.25-CL-13942748
LogInit: Engine Version: 4.25.3-13942748+++UE4+Release-4.25
LogInit: Compatible Engine Version: 4.25.0-13144385+++UE4+Release-4.25
LogInit: Net CL: 13144385
LogInit: OS: Windows 10 (Release 1909) (), CPU: AMD Ryzen 7 2700X Eight-Core Processor         , GPU: NVIDIA GeForce RTX 2060 SUPER
LogInit: Compiled (64-bit): Jul 25 2020 02:07:48
LogInit: Compiled with Visual C++: 19.24.28315.00
LogInit: Build Configuration: Development
LogInit: Branch Name: ++UE4+Release-4.25
LogInit: Command Line: 
LogInit: Base Directory: C:/Program Files/Epic Games/UE_4.25/Engine/Binaries/Win64/
LogInit: Allocator: TBB
LogInit: Installed Engine Build: 1
LogDevObjectVersion: Number of dev versions registered: 26
LogDevObjectVersion:   Dev-Blueprints (B0D832E4-1F89-4F0D-ACCF-7EB736FD4AA2): 10
LogDevObjectVersion:   Dev-Build (E1C64328-A22C-4D53-A36C-8E866417BD8C): 0
LogDevObjectVersion:   Dev-Core (375EC13C-06E4-48FB-B500-84F0262A717E): 4
LogDevObjectVersion:   Dev-Editor (E4B068ED-F494-42E9-A231-DA0B2E46BB41): 38
LogDevObjectVersion:   Dev-Framework (CFFC743F-43B0-4480-9391-14DF171D2073): 37
LogDevObjectVersion:   Dev-Mobile (B02B49B5-BB20-44E9-A304-32B752E40360): 2
LogDevObjectVersion:   Dev-Networking (A4E4105C-59A1-49B5-A7C5-40C4547EDFEE): 0
LogDevObjectVersion:   Dev-Online (39C831C9-5AE6-47DC-9A44-9C173E1C8E7C): 0
LogDevObjectVersion:   Dev-Physics (78F01B33-EBEA-4F98-B9B4-84EACCB95AA2): 4
LogDevObjectVersion:   Dev-Platform (6631380F-2D4D-43E0-8009-CF276956A95A): 0
LogDevObjectVersion:   Dev-Rendering (12F88B9F-8875-4AFC-A67C-D90C383ABD29): 43
LogDevObjectVersion:   Dev-Sequencer (7B5AE74C-D270-4C10-A958-57980B212A5A): 12
LogDevObjectVersion:   Dev-VR (D7296918-1DD6-4BDD-9DE2-64A83CC13884): 3
LogDevObjectVersion:   Dev-LoadTimes (C2A15278-BFE7-4AFE-6C17-90FF531DF755): 1
LogDevObjectVersion:   Private-Geometry (6EACA3D4-40EC-4CC1-B786-8BED09428FC5): 3
LogDevObjectVersion:   Dev-AnimPhys (29E575DD-E0A3-4627-9D10-D276232CDCEA): 17
LogDevObjectVersion:   Dev-Anim (AF43A65D-7FD3-4947-9873-3E8ED9C1BB05): 7
LogDevObjectVersion:   Dev-ReflectionCapture (6B266CEC-1EC7-4B8F-A30B-E4D90942FC07): 1
LogDevObjectVersion:   Dev-Automation (0DF73D61-A23F-47EA-B727-89E90C41499A): 1
LogDevObjectVersion:   FortniteMain (601D1886-AC64-4F84-AA16-D3DE0DEAC7D6): 31
LogDevObjectVersion:   Dev-Enterprise (9DFFBCD6-494F-0158-E221-12823C92A888): 10
LogDevObjectVersion:   Dev-Niagara (F2AED0AC-9AFE-416F-8664-AA7FFA26D6FC): 1
LogDevObjectVersion:   Dev-Destruction (174F1F0B-B4C6-45A5-B13F-2EE8D0FB917D): 10
LogDevObjectVersion:   Dev-Physics-Ext (35F94A83-E258-406C-A318-09F59610247C): 37
LogDevObjectVersion:   Dev-PhysicsMaterial-Chaos (B68FC16E-8B1B-42E2-B453-215C058844FE): 1
LogDevObjectVersion:   Dev-CineCamera (B2E18506-4273-CFC2-A54E-F4BB758BBA07): 1
LogInit: Presizing for max 25165824 objects, including 0 objects not considered by GC, pre-allocating 0 bytes for permanent pool.
LogConfig: Applying CVar settings from Section [/Script/Engine.StreamingSettings] File [C:/Users/doria/Documents/GitHub/MyProject/Saved/Config/Windows/Engine.ini]
LogConfig: Setting CVar [[s.MinBulkDataSizeForAsyncLoading:131072]]
LogConfig: Setting CVar [[s.AsyncLoadingThreadEnabled:0]]
LogConfig: Setting CVar [[s.EventDrivenLoaderEnabled:1]]
LogConfig: Setting CVar [[s.WarnIfTimeLimitExceeded:0]]
LogConfig: Setting CVar [[s.TimeLimitExceededMultiplier:1.5]]
LogConfig: Setting CVar [[s.TimeLimitExceededMinTime:0.005]]
LogConfig: Setting CVar [[s.UseBackgroundLevelStreaming:1]]
LogConfig: Setting CVar [[s.PriorityAsyncLoadingExtraTime:15.0]]
LogConfig: Setting CVar [[s.LevelStreamingActorsUpdateTimeLimit:5.0]]
LogConfig: Setting CVar [[s.PriorityLevelStreamingActorsUpdateExtraTime:5.0]]
LogConfig: Setting CVar [[s.LevelStreamingComponentsRegistrationGranularity:10]]
LogConfig: Setting CVar [[s.UnregisterComponentsTimeLimit:1.0]]
LogConfig: Setting CVar [[s.LevelStreamingComponentsUnregistrationGranularity:5]]
LogConfig: Setting CVar [[s.FlushStreamingOnExit:1]]
LogInit: Object subsystem initialized
LogConfig: Setting CVar [[con.DebugEarlyDefault:1]]
LogConfig: Setting CVar [[r.setres:1280x720]]
[2020.09.10-13.03.05:858][  0]LogConfig: Setting CVar [[r.VSync:0]]
[2020.09.10-13.03.05:858][  0]LogConfig: Setting CVar [[r.RHICmdBypass:0]]
[2020.09.10-13.03.05:858][  0]LogConfig: Applying CVar settings from Section [/Script/Engine.RendererSettings] File [C:/Users/doria/Documents/GitHub/MyProject/Saved/Config/Windows/Engine.ini]
[2020.09.10-13.03.05:858][  0]LogConfig: Setting CVar [[r.GPUCrashDebugging:0]]
[2020.09.10-13.03.05:858][  0]LogConfig: Setting CVar [[r.DefaultFeature.AutoExposure:0]]
[2020.09.10-13.03.05:858][  0]LogConfig: Setting CVar [[r.GenerateMeshDistanceFields:1]]
[2020.09.10-13.03.05:858][  0]LogConfig: Applying CVar settings from Section [/Script/Engine.RendererOverrideSettings] File [C:/Users/doria/Documents/GitHub/MyProject/Saved/Config/Windows/Engine.ini]
[2020.09.10-13.03.05:858][  0]LogConfig: Applying CVar settings from Section [/Script/Engine.StreamingSettings] File [C:/Users/doria/Documents/GitHub/MyProject/Saved/Config/Windows/Engine.ini]
[2020.09.10-13.03.05:859][  0]LogConfig: Setting CVar [[s.MinBulkDataSizeForAsyncLoading:131072]]
[2020.09.10-13.03.05:859][  0]LogConfig: Setting CVar [[s.AsyncLoadingThreadEnabled:0]]
[2020.09.10-13.03.05:859][  0]LogConfig: Setting CVar [[s.EventDrivenLoaderEnabled:1]]
[2020.09.10-13.03.05:859][  0]LogConfig: Setting CVar [[s.WarnIfTimeLimitExceeded:0]]
[2020.09.10-13.03.05:859][  0]LogConfig: Setting CVar [[s.TimeLimitExceededMultiplier:1.5]]
[2020.09.10-13.03.05:859][  0]LogConfig: Setting CVar [[s.TimeLimitExceededMinTime:0.005]]
[2020.09.10-13.03.05:859][  0]LogConfig: Setting CVar [[s.UseBackgroundLevelStreaming:1]]
[2020.09.10-13.03.05:859][  0]LogConfig: Setting CVar [[s.PriorityAsyncLoadingExtraTime:15.0]]
[2020.09.10-13.03.05:859][  0]LogConfig: Setting CVar [[s.LevelStreamingActorsUpdateTimeLimit:5.0]]
[2020.09.10-13.03.05:859][  0]LogConfig: Setting CVar [[s.PriorityLevelStreamingActorsUpdateExtraTime:5.0]]
[2020.09.10-13.03.05:859][  0]LogConfig: Setting CVar [[s.LevelStreamingComponentsRegistrationGranularity:10]]
[2020.09.10-13.03.05:859][  0]LogConfig: Setting CVar [[s.UnregisterComponentsTimeLimit:1.0]]
[2020.09.10-13.03.05:859][  0]LogConfig: Setting CVar [[s.LevelStreamingComponentsUnregistrationGranularity:5]]
[2020.09.10-13.03.05:859][  0]LogConfig: Setting CVar [[s.FlushStreamingOnExit:1]]
[2020.09.10-13.03.05:859][  0]LogConfig: Applying CVar settings from Section [/Script/Engine.GarbageCollectionSettings] File [C:/Users/doria/Documents/GitHub/MyProject/Saved/Config/Windows/Engine.ini]
[2020.09.10-13.03.05:859][  0]LogConfig: Setting CVar [[gc.MaxObjectsNotConsideredByGC:1]]
[2020.09.10-13.03.05:859][  0]LogConfig: Setting CVar [[gc.SizeOfPermanentObjectPool:0]]
[2020.09.10-13.03.05:859][  0]LogConfig: Setting CVar [[gc.FlushStreamingOnGC:0]]
[2020.09.10-13.03.05:859][  0]LogConfig: Setting CVar [[gc.NumRetriesBeforeForcingGC:10]]
[2020.09.10-13.03.05:859][  0]LogConfig: Setting CVar [[gc.AllowParallelGC:1]]
[2020.09.10-13.03.05:859][  0]LogConfig: Setting CVar [[gc.TimeBetweenPurgingPendingKillObjects:61.1]]
[2020.09.10-13.03.05:859][  0]LogConfig: Setting CVar [[gc.MaxObjectsInEditor:25165824]]
[2020.09.10-13.03.05:859][  0]LogConfig: Setting CVar [[gc.IncrementalBeginDestroyEnabled:1]]
[2020.09.10-13.03.05:859][  0]LogConfig: Setting CVar [[gc.CreateGCClusters:1]]
[2020.09.10-13.03.05:859][  0]LogConfig: Setting CVar [[gc.MinGCClusterSize:5]]
[2020.09.10-13.03.05:859][  0]LogConfig: Setting CVar [[gc.ActorClusteringEnabled:0]]
[2020.09.10-13.03.05:859][  0]LogConfig: Setting CVar [[gc.BlueprintClusteringEnabled:0]]
[2020.09.10-13.03.05:859][  0]LogConfig: Setting CVar [[gc.UseDisregardForGCOnDedicatedServers:0]]
[2020.09.10-13.03.05:859][  0]LogConfig: Applying CVar settings from Section [/Script/Engine.NetworkSettings] File [C:/Users/doria/Documents/GitHub/MyProject/Saved/Config/Windows/Engine.ini]
[2020.09.10-13.03.05:859][  0]LogConfig: Applying CVar settings from Section [/Script/UnrealEd.CookerSettings] File [C:/Users/doria/Documents/GitHub/MyProject/Saved/Config/Windows/Engine.ini]
[2020.09.10-13.03.05:864][  0]LogConfig: Applying CVar settings from Section [ViewDistanceQuality@3] File [C:/Users/doria/Documents/GitHub/MyProject/Saved/Config/Windows/Scalability.ini]
[2020.09.10-13.03.05:864][  0]LogConfig: Setting CVar [[r.SkeletalMeshLODBias:0]]
[2020.09.10-13.03.05:864][  0]LogConfig: Setting CVar [[r.ViewDistanceScale:1.0]]
[2020.09.10-13.03.05:864][  0]LogConfig: Applying CVar settings from Section [AntiAliasingQuality@3] File [C:/Users/doria/Documents/GitHub/MyProject/Saved/Config/Windows/Scalability.ini]
[2020.09.10-13.03.05:864][  0]LogConfig: Setting CVar [[r.PostProcessAAQuality:4]]
[2020.09.10-13.03.05:864][  0]LogConfig: Applying CVar settings from Section [ShadowQuality@3] File [C:/Users/doria/Documents/GitHub/MyProject/Saved/Config/Windows/Scalability.ini]
[2020.09.10-13.03.05:864][  0]LogConfig: Setting CVar [[r.LightFunctionQuality:1]]
[2020.09.10-13.03.05:864][  0]LogConfig: Setting CVar [[r.ShadowQuality:5]]
[2020.09.10-13.03.05:864][  0]LogConfig: Setting CVar [[r.Shadow.CSM.MaxCascades:10]]
[2020.09.10-13.03.05:864][  0]LogConfig: Setting CVar [[r.Shadow.MaxResolution:2048]]
[2020.09.10-13.03.05:864][  0]LogConfig: Setting CVar [[r.Shadow.MaxCSMResolution:2048]]
[2020.09.10-13.03.05:864][  0]LogConfig: Setting CVar [[r.Shadow.RadiusThreshold:0.01]]
[2020.09.10-13.03.05:864][  0]LogConfig: Setting CVar [[r.Shadow.DistanceScale:1.0]]
[2020.09.10-13.03.05:864][  0]LogConfig: Setting CVar [[r.Shadow.CSM.TransitionScale:1.0]]
[2020.09.10-13.03.05:864][  0]LogConfig: Setting CVar [[r.Shadow.PreShadowResolutionFactor:1.0]]
[2020.09.10-13.03.05:864][  0]LogConfig: Setting CVar [[r.DistanceFieldShadowing:1]]
[2020.09.10-13.03.05:864][  0]LogConfig: Setting CVar [[r.DistanceFieldAO:1]]
[2020.09.10-13.03.05:864][  0]LogConfig: Setting CVar [[r.AOQuality:2]]
[2020.09.10-13.03.05:864][  0]LogConfig: Setting CVar [[r.VolumetricFog:1]]
[2020.09.10-13.03.05:864][  0]LogConfig: Setting CVar [[r.VolumetricFog.GridPixelSize:8]]
[2020.09.10-13.03.05:864][  0]LogConfig: Setting CVar [[r.VolumetricFog.GridSizeZ:128]]
[2020.09.10-13.03.05:864][  0]LogConfig: Setting CVar [[r.VolumetricFog.HistoryMissSupersampleCount:4]]
[2020.09.10-13.03.05:864][  0]LogConfig: Setting CVar [[r.LightMaxDrawDistanceScale:1]]
[2020.09.10-13.03.05:864][  0]LogConfig: Setting CVar [[r.CapsuleShadows:1]]
[2020.09.10-13.03.05:864][  0]LogConfig: Applying CVar settings from Section [PostProcessQuality@3] File [C:/Users/doria/Documents/GitHub/MyProject/Saved/Config/Windows/Scalability.ini]
[2020.09.10-13.03.05:864][  0]LogConfig: Setting CVar [[r.MotionBlurQuality:4]]
[2020.09.10-13.03.05:864][  0]LogConfig: Setting CVar [[r.AmbientOcclusionMipLevelFactor:0.4]]
[2020.09.10-13.03.05:864][  0]LogConfig: Setting CVar [[r.AmbientOcclusionMaxQuality:100]]
[2020.09.10-13.03.05:864][  0]LogConfig: Setting CVar [[r.AmbientOcclusionLevels:-1]]
[2020.09.10-13.03.05:864][  0]LogConfig: Setting CVar [[r.AmbientOcclusionRadiusScale:1.0]]
[2020.09.10-13.03.05:864][  0]LogConfig: Setting CVar [[r.DepthOfFieldQuality:2]]
[2020.09.10-13.03.05:864][  0]LogConfig: Setting CVar [[r.RenderTargetPoolMin:400]]
[2020.09.10-13.03.05:864][  0]LogConfig: Setting CVar [[r.LensFlareQuality:2]]
[2020.09.10-13.03.05:864][  0]LogConfig: Setting CVar [[r.SceneColorFringeQuality:1]]
[2020.09.10-13.03.05:864][  0]LogConfig: Setting CVar [[r.EyeAdaptationQuality:2]]
[2020.09.10-13.03.05:864][  0]LogConfig: Setting CVar [[r.BloomQuality:5]]
[2020.09.10-13.03.05:864][  0]LogConfig: Setting CVar [[r.FastBlurThreshold:100]]
[2020.09.10-13.03.05:864][  0]LogConfig: Setting CVar [[r.Upscale.Quality:3]]
[2020.09.10-13.03.05:864][  0]LogConfig: Setting CVar [[r.Tonemapper.GrainQuantization:1]]
[2020.09.10-13.03.05:864][  0]LogConfig: Setting CVar [[r.LightShaftQuality:1]]
[2020.09.10-13.03.05:864][  0]LogConfig: Setting CVar [[r.Filter.SizeScale:1]]
[2020.09.10-13.03.05:864][  0]LogConfig: Setting CVar [[r.Tonemapper.Quality:5]]
[2020.09.10-13.03.05:864][  0]LogConfig: Setting CVar [[r.DOF.Gather.AccumulatorQuality:1        ; higher gathering accumulator quality]]
[2020.09.10-13.03.05:864][  0]LogConfig: Setting CVar [[r.DOF.Gather.PostfilterMethod:1          ; Median3x3 postfilering method]]
[2020.09.10-13.03.05:864][  0]LogConfig: Setting CVar [[r.DOF.Gather.EnableBokehSettings:0       ; no bokeh simulation when gathering]]
[2020.09.10-13.03.05:864][  0]LogConfig: Setting CVar [[r.DOF.Gather.RingCount:4                 ; medium number of samples when gathering]]
[2020.09.10-13.03.05:864][  0]LogConfig: Setting CVar [[r.DOF.Scatter.ForegroundCompositing:1    ; additive foreground scattering]]
[2020.09.10-13.03.05:864][  0]LogConfig: Setting CVar [[r.DOF.Scatter.BackgroundCompositing:2    ; additive background scattering]]
[2020.09.10-13.03.05:864][  0]LogConfig: Setting CVar [[r.DOF.Scatter.EnableBokehSettings:1      ; bokeh simulation when scattering]]
[2020.09.10-13.03.05:864][  0]LogConfig: Setting CVar [[r.DOF.Scatter.MaxSpriteRatio:0.1         ; only a maximum of 10% of scattered bokeh]]
[2020.09.10-13.03.05:864][  0]LogConfig: Setting CVar [[r.DOF.Recombine.Quality:1                ; cheap slight out of focus]]
[2020.09.10-13.03.05:864][  0]LogConfig: Setting CVar [[r.DOF.Recombine.EnableBokehSettings:0    ; no bokeh simulation on slight out of focus]]
[2020.09.10-13.03.05:864][  0]LogConfig: Setting CVar [[r.DOF.TemporalAAQuality:1                ; more stable temporal accumulation]]
[2020.09.10-13.03.05:864][  0]LogConfig: Setting CVar [[r.DOF.Kernel.MaxForegroundRadius:0.025]]
[2020.09.10-13.03.05:864][  0]LogConfig: Setting CVar [[r.DOF.Kernel.MaxBackgroundRadius:0.025]]
[2020.09.10-13.03.05:864][  0]LogConfig: Applying CVar settings from Section [TextureQuality@3] File [C:/Users/doria/Documents/GitHub/MyProject/Saved/Config/Windows/Scalability.ini]
[2020.09.10-13.03.05:864][  0]LogConfig: Setting CVar [[r.Streaming.MipBias:0]]
[2020.09.10-13.03.05:864][  0]LogConfig: Setting CVar [[r.Streaming.AmortizeCPUToGPUCopy:0]]
[2020.09.10-13.03.05:864][  0]LogConfig: Setting CVar [[r.Streaming.MaxNumTexturesToStreamPerFrame:0]]
[2020.09.10-13.03.05:865][  0]LogConfig: Setting CVar [[r.Streaming.Boost:1]]
[2020.09.10-13.03.05:865][  0]LogConfig: Setting CVar [[r.MaxAnisotropy:8]]
[2020.09.10-13.03.05:865][  0]LogConfig: Setting CVar [[r.VT.MaxAnisotropy:8]]
[2020.09.10-13.03.05:865][  0]LogConfig: Setting CVar [[r.Streaming.LimitPoolSizeToVRAM:0]]
[2020.09.10-13.03.05:865][  0]LogConfig: Setting CVar [[r.Streaming.PoolSize:1000]]
[2020.09.10-13.03.05:865][  0]LogConfig: Setting CVar [[r.Streaming.MaxEffectiveScreenSize:0]]
[2020.09.10-13.03.05:865][  0]LogConfig: Applying CVar settings from Section [EffectsQuality@3] File [C:/Users/doria/Documents/GitHub/MyProject/Saved/Config/Windows/Scalability.ini]
[2020.09.10-13.03.05:865][  0]LogConfig: Setting CVar [[r.TranslucencyLightingVolumeDim:64]]
[2020.09.10-13.03.05:865][  0]LogConfig: Setting CVar [[r.RefractionQuality:2]]
[2020.09.10-13.03.05:865][  0]LogConfig: Setting CVar [[r.SSR.Quality:3]]
[2020.09.10-13.03.05:865][  0]LogConfig: Setting CVar [[r.SSR.HalfResSceneColor:0]]
[2020.09.10-13.03.05:865][  0]LogConfig: Setting CVar [[r.SceneColorFormat:4]]
[2020.09.10-13.03.05:865][  0]LogConfig: Setting CVar [[r.DetailMode:2]]
[2020.09.10-13.03.05:865][  0]LogConfig: Setting CVar [[r.TranslucencyVolumeBlur:1]]
[2020.09.10-13.03.05:865][  0]LogConfig: Setting CVar [[r.MaterialQualityLevel:1 ; High quality]]
[2020.09.10-13.03.05:865][  0]LogConfig: Setting CVar [[r.SSS.Scale:1]]
[2020.09.10-13.03.05:865][  0]LogConfig: Setting CVar [[r.SSS.SampleSet:2]]
[2020.09.10-13.03.05:865][  0]LogConfig: Setting CVar [[r.SSS.Quality:1]]
[2020.09.10-13.03.05:865][  0]LogConfig: Setting CVar [[r.SSS.HalfRes:0]]
[2020.09.10-13.03.05:865][  0]LogConfig: Setting CVar [[r.SSGI.Quality:3]]
[2020.09.10-13.03.05:865][  0]LogConfig: Setting CVar [[r.EmitterSpawnRateScale:1.0]]
[2020.09.10-13.03.05:865][  0]LogConfig: Setting CVar [[r.ParticleLightQuality:2]]
[2020.09.10-13.03.05:865][  0]LogConfig: Setting CVar [[r.SkyAtmosphere.AerialPerspectiveLUT.FastApplyOnOpaque:1 ; Always have FastSkyLUT 1 in this case to avoid wrong sky]]
[2020.09.10-13.03.05:865][  0]LogConfig: Setting CVar [[r.SkyAtmosphere.AerialPerspectiveLUT.SampleCountPerSlice:1]]
[2020.09.10-13.03.05:865][  0]LogConfig: Setting CVar [[r.SkyAtmosphere.AerialPerspectiveLUT.DepthResolution:16.0]]
[2020.09.10-13.03.05:865][  0]LogConfig: Setting CVar [[r.SkyAtmosphere.FastSkyLUT:1]]
[2020.09.10-13.03.05:865][  0]LogConfig: Setting CVar [[r.SkyAtmosphere.FastSkyLUT.SampleCountMin:4.0]]
[2020.09.10-13.03.05:865][  0]LogConfig: Setting CVar [[r.SkyAtmosphere.FastSkyLUT.SampleCountMax:32.0]]
[2020.09.10-13.03.05:865][  0]LogConfig: Setting CVar [[r.SkyAtmosphere.SampleCountMin:4.0]]
[2020.09.10-13.03.05:865][  0]LogConfig: Setting CVar [[r.SkyAtmosphere.SampleCountMax:32.0]]
[2020.09.10-13.03.05:865][  0]LogConfig: Setting CVar [[r.SkyAtmosphere.TransmittanceLUT.UseSmallFormat:0]]
[2020.09.10-13.03.05:865][  0]LogConfig: Setting CVar [[r.SkyAtmosphere.TransmittanceLUT.SampleCount:10.0]]
[2020.09.10-13.03.05:865][  0]LogConfig: Setting CVar [[r.SkyAtmosphere.MultiScatteringLUT.SampleCount:15.0]]
[2020.09.10-13.03.05:865][  0]LogConfig: Applying CVar settings from Section [FoliageQuality@3] File [C:/Users/doria/Documents/GitHub/MyProject/Saved/Config/Windows/Scalability.ini]
[2020.09.10-13.03.05:865][  0]LogConfig: Setting CVar [[foliage.DensityScale:1.0]]
[2020.09.10-13.03.05:865][  0]LogConfig: Setting CVar [[grass.DensityScale:1.0]]
[2020.09.10-13.03.05:865][  0]LogConfig: Applying CVar settings from Section [ShadingQuality@3] File [C:/Users/doria/Documents/GitHub/MyProject/Saved/Config/Windows/Scalability.ini]
[2020.09.10-13.03.05:865][  0]LogConfig: Setting CVar [[r.HairStrands.SkyLighting.SampleCount:16]]
[2020.09.10-13.03.05:865][  0]LogConfig: Setting CVar [[r.HairStrands.SkyLighting.JitterIntegration:0]]
[2020.09.10-13.03.05:865][  0]LogConfig: Setting CVar [[r.HairStrands.SkyAO.SampleCount:16]]
[2020.09.10-13.03.05:865][  0]LogConfig: Setting CVar [[r.HairStrands.DeepShadow.SuperSampling:0]]
[2020.09.10-13.03.05:865][  0]LogConfig: Setting CVar [[r.HairStrands.VisibilityPPLL:0]]
[2020.09.10-13.03.05:865][  0]LogConfig: Setting CVar [[r.HairStrands.RasterizationScale:0.5]]
[2020.09.10-13.03.05:865][  0]LogConfig: Setting CVar [[r.HairStrands.VelocityRasterizationScale:1]]
[2020.09.10-13.03.05:865][  0]LogInit: Selected Device Profile: [Windows]
[2020.09.10-13.03.05:865][  0]LogInit: Applying CVar settings loaded from the selected device profile: [Windows]
[2020.09.10-13.03.05:865][  0]LogHAL: Display: Platform has ~ 32 GB [34287583232 / 34359738368 / 32], which maps to Largest [LargestMinGB=32, LargerMinGB=12, DefaultMinGB=8, SmallerMinGB=6, SmallestMinGB=0)
[2020.09.10-13.03.05:865][  0]LogInit: Going up to parent DeviceProfile []
[2020.09.10-13.03.05:865][  0]LogConfig: Applying CVar settings from Section [ViewDistanceQuality@3] File [C:/Users/doria/Documents/GitHub/MyProject/Saved/Config/Windows/Scalability.ini]
[2020.09.10-13.03.05:865][  0]LogConfig: Setting CVar [[r.SkeletalMeshLODBias:0]]
[2020.09.10-13.03.05:865][  0]LogConfig: Setting CVar [[r.ViewDistanceScale:1.0]]
[2020.09.10-13.03.05:865][  0]LogConfig: Applying CVar settings from Section [AntiAliasingQuality@3] File [C:/Users/doria/Documents/GitHub/MyProject/Saved/Config/Windows/Scalability.ini]
[2020.09.10-13.03.05:865][  0]LogConfig: Setting CVar [[r.PostProcessAAQuality:4]]
[2020.09.10-13.03.05:865][  0]LogConfig: Applying CVar settings from Section [ShadowQuality@3] File [C:/Users/doria/Documents/GitHub/MyProject/Saved/Config/Windows/Scalability.ini]
[2020.09.10-13.03.05:865][  0]LogConfig: Setting CVar [[r.LightFunctionQuality:1]]
[2020.09.10-13.03.05:865][  0]LogConfig: Setting CVar [[r.ShadowQuality:5]]
[2020.09.10-13.03.05:865][  0]LogConfig: Setting CVar [[r.Shadow.CSM.MaxCascades:10]]
[2020.09.10-13.03.05:865][  0]LogConfig: Setting CVar [[r.Shadow.MaxResolution:2048]]
[2020.09.10-13.03.05:866][  0]LogConfig: Setting CVar [[r.Shadow.MaxCSMResolution:2048]]
[2020.09.10-13.03.05:866][  0]LogConfig: Setting CVar [[r.Shadow.RadiusThreshold:0.01]]
[2020.09.10-13.03.05:866][  0]LogConfig: Setting CVar [[r.Shadow.DistanceScale:1.0]]
[2020.09.10-13.03.05:866][  0]LogConfig: Setting CVar [[r.Shadow.CSM.TransitionScale:1.0]]
[2020.09.10-13.03.05:866][  0]LogConfig: Setting CVar [[r.Shadow.PreShadowResolutionFactor:1.0]]
[2020.09.10-13.03.05:866][  0]LogConfig: Setting CVar [[r.DistanceFieldShadowing:1]]
[2020.09.10-13.03.05:866][  0]LogConfig: Setting CVar [[r.DistanceFieldAO:1]]
[2020.09.10-13.03.05:866][  0]LogConfig: Setting CVar [[r.AOQuality:2]]
[2020.09.10-13.03.05:866][  0]LogConfig: Setting CVar [[r.VolumetricFog:1]]
[2020.09.10-13.03.05:866][  0]LogConfig: Setting CVar [[r.VolumetricFog.GridPixelSize:8]]
[2020.09.10-13.03.05:866][  0]LogConfig: Setting CVar [[r.VolumetricFog.GridSizeZ:128]]
[2020.09.10-13.03.05:866][  0]LogConfig: Setting CVar [[r.VolumetricFog.HistoryMissSupersampleCount:4]]
[2020.09.10-13.03.05:866][  0]LogConfig: Setting CVar [[r.LightMaxDrawDistanceScale:1]]
[2020.09.10-13.03.05:866][  0]LogConfig: Setting CVar [[r.CapsuleShadows:1]]
[2020.09.10-13.03.05:866][  0]LogConfig: Applying CVar settings from Section [PostProcessQuality@3] File [C:/Users/doria/Documents/GitHub/MyProject/Saved/Config/Windows/Scalability.ini]
[2020.09.10-13.03.05:866][  0]LogConfig: Setting CVar [[r.MotionBlurQuality:4]]
[2020.09.10-13.03.05:866][  0]LogConfig: Setting CVar [[r.AmbientOcclusionMipLevelFactor:0.4]]
[2020.09.10-13.03.05:866][  0]LogConfig: Setting CVar [[r.AmbientOcclusionMaxQuality:100]]
[2020.09.10-13.03.05:866][  0]LogConfig: Setting CVar [[r.AmbientOcclusionLevels:-1]]
[2020.09.10-13.03.05:866][  0]LogConfig: Setting CVar [[r.AmbientOcclusionRadiusScale:1.0]]
[2020.09.10-13.03.05:866][  0]LogConfig: Setting CVar [[r.DepthOfFieldQuality:2]]
[2020.09.10-13.03.05:866][  0]LogConfig: Setting CVar [[r.RenderTargetPoolMin:400]]
[2020.09.10-13.03.05:866][  0]LogConfig: Setting CVar [[r.LensFlareQuality:2]]
[2020.09.10-13.03.05:866][  0]LogConfig: Setting CVar [[r.SceneColorFringeQuality:1]]
[2020.09.10-13.03.05:866][  0]LogConfig: Setting CVar [[r.EyeAdaptationQuality:2]]
[2020.09.10-13.03.05:866][  0]LogConfig: Setting CVar [[r.BloomQuality:5]]
[2020.09.10-13.03.05:866][  0]LogConfig: Setting CVar [[r.FastBlurThreshold:100]]
[2020.09.10-13.03.05:866][  0]LogConfig: Setting CVar [[r.Upscale.Quality:3]]
[2020.09.10-13.03.05:866][  0]LogConfig: Setting CVar [[r.Tonemapper.GrainQuantization:1]]
[2020.09.10-13.03.05:866][  0]LogConfig: Setting CVar [[r.LightShaftQuality:1]]
[2020.09.10-13.03.05:866][  0]LogConfig: Setting CVar [[r.Filter.SizeScale:1]]
[2020.09.10-13.03.05:866][  0]LogConfig: Setting CVar [[r.Tonemapper.Quality:5]]
[2020.09.10-13.03.05:866][  0]LogConfig: Setting CVar [[r.DOF.Gather.AccumulatorQuality:1        ; higher gathering accumulator quality]]
[2020.09.10-13.03.05:866][  0]LogConfig: Setting CVar [[r.DOF.Gather.PostfilterMethod:1          ; Median3x3 postfilering method]]
[2020.09.10-13.03.05:866][  0]LogConfig: Setting CVar [[r.DOF.Gather.EnableBokehSettings:0       ; no bokeh simulation when gathering]]
[2020.09.10-13.03.05:866][  0]LogConfig: Setting CVar [[r.DOF.Gather.RingCount:4                 ; medium number of samples when gathering]]
[2020.09.10-13.03.05:866][  0]LogConfig: Setting CVar [[r.DOF.Scatter.ForegroundCompositing:1    ; additive foreground scattering]]
[2020.09.10-13.03.05:866][  0]LogConfig: Setting CVar [[r.DOF.Scatter.BackgroundCompositing:2    ; additive background scattering]]
[2020.09.10-13.03.05:866][  0]LogConfig: Setting CVar [[r.DOF.Scatter.EnableBokehSettings:1      ; bokeh simulation when scattering]]
[2020.09.10-13.03.05:866][  0]LogConfig: Setting CVar [[r.DOF.Scatter.MaxSpriteRatio:0.1         ; only a maximum of 10% of scattered bokeh]]
[2020.09.10-13.03.05:866][  0]LogConfig: Setting CVar [[r.DOF.Recombine.Quality:1                ; cheap slight out of focus]]
[2020.09.10-13.03.05:866][  0]LogConfig: Setting CVar [[r.DOF.Recombine.EnableBokehSettings:0    ; no bokeh simulation on slight out of focus]]
[2020.09.10-13.03.05:866][  0]LogConfig: Setting CVar [[r.DOF.TemporalAAQuality:1                ; more stable temporal accumulation]]
[2020.09.10-13.03.05:866][  0]LogConfig: Setting CVar [[r.DOF.Kernel.MaxForegroundRadius:0.025]]
[2020.09.10-13.03.05:866][  0]LogConfig: Setting CVar [[r.DOF.Kernel.MaxBackgroundRadius:0.025]]
[2020.09.10-13.03.05:866][  0]LogConfig: Applying CVar settings from Section [TextureQuality@3] File [C:/Users/doria/Documents/GitHub/MyProject/Saved/Config/Windows/Scalability.ini]
[2020.09.10-13.03.05:866][  0]LogConfig: Setting CVar [[r.Streaming.MipBias:0]]
[2020.09.10-13.03.05:866][  0]LogConfig: Setting CVar [[r.Streaming.AmortizeCPUToGPUCopy:0]]
[2020.09.10-13.03.05:866][  0]LogConfig: Setting CVar [[r.Streaming.MaxNumTexturesToStreamPerFrame:0]]
[2020.09.10-13.03.05:866][  0]LogConfig: Setting CVar [[r.Streaming.Boost:1]]
[2020.09.10-13.03.05:866][  0]LogConfig: Setting CVar [[r.MaxAnisotropy:8]]
[2020.09.10-13.03.05:866][  0]LogConfig: Setting CVar [[r.VT.MaxAnisotropy:8]]
[2020.09.10-13.03.05:866][  0]LogConfig: Setting CVar [[r.Streaming.LimitPoolSizeToVRAM:0]]
[2020.09.10-13.03.05:866][  0]LogConfig: Setting CVar [[r.Streaming.PoolSize:1000]]
[2020.09.10-13.03.05:866][  0]LogConfig: Setting CVar [[r.Streaming.MaxEffectiveScreenSize:0]]
[2020.09.10-13.03.05:866][  0]LogConfig: Applying CVar settings from Section [EffectsQuality@3] File [C:/Users/doria/Documents/GitHub/MyProject/Saved/Config/Windows/Scalability.ini]
[2020.09.10-13.03.05:866][  0]LogConfig: Setting CVar [[r.TranslucencyLightingVolumeDim:64]]
[2020.09.10-13.03.05:866][  0]LogConfig: Setting CVar [[r.RefractionQuality:2]]
[2020.09.10-13.03.05:866][  0]LogConfig: Setting CVar [[r.SSR.Quality:3]]
[2020.09.10-13.03.05:866][  0]LogConfig: Setting CVar [[r.SSR.HalfResSceneColor:0]]
[2020.09.10-13.03.05:866][  0]LogConfig: Setting CVar [[r.SceneColorFormat:4]]
[2020.09.10-13.03.05:866][  0]LogConfig: Setting CVar [[r.DetailMode:2]]
[2020.09.10-13.03.05:866][  0]LogConfig: Setting CVar [[r.TranslucencyVolumeBlur:1]]
[2020.09.10-13.03.05:866][  0]LogConfig: Setting CVar [[r.MaterialQualityLevel:1 ; High quality]]
[2020.09.10-13.03.05:866][  0]LogConfig: Setting CVar [[r.SSS.Scale:1]]
[2020.09.10-13.03.05:866][  0]LogConfig: Setting CVar [[r.SSS.SampleSet:2]]
[2020.09.10-13.03.05:866][  0]LogConfig: Setting CVar [[r.SSS.Quality:1]]
[2020.09.10-13.03.05:866][  0]LogConfig: Setting CVar [[r.SSS.HalfRes:0]]
[2020.09.10-13.03.05:866][  0]LogConfig: Setting CVar [[r.SSGI.Quality:3]]
[2020.09.10-13.03.05:866][  0]LogConfig: Setting CVar [[r.EmitterSpawnRateScale:1.0]]
[2020.09.10-13.03.05:866][  0]LogConfig: Setting CVar [[r.ParticleLightQuality:2]]
[2020.09.10-13.03.05:867][  0]LogConfig: Setting CVar [[r.SkyAtmosphere.AerialPerspectiveLUT.FastApplyOnOpaque:1 ; Always have FastSkyLUT 1 in this case to avoid wrong sky]]
[2020.09.10-13.03.05:867][  0]LogConfig: Setting CVar [[r.SkyAtmosphere.AerialPerspectiveLUT.SampleCountPerSlice:1]]
[2020.09.10-13.03.05:867][  0]LogConfig: Setting CVar [[r.SkyAtmosphere.AerialPerspectiveLUT.DepthResolution:16.0]]
[2020.09.10-13.03.05:867][  0]LogConfig: Setting CVar [[r.SkyAtmosphere.FastSkyLUT:1]]
[2020.09.10-13.03.05:867][  0]LogConfig: Setting CVar [[r.SkyAtmosphere.FastSkyLUT.SampleCountMin:4.0]]
[2020.09.10-13.03.05:867][  0]LogConfig: Setting CVar [[r.SkyAtmosphere.FastSkyLUT.SampleCountMax:32.0]]
[2020.09.10-13.03.05:867][  0]LogConfig: Setting CVar [[r.SkyAtmosphere.SampleCountMin:4.0]]
[2020.09.10-13.03.05:867][  0]LogConfig: Setting CVar [[r.SkyAtmosphere.SampleCountMax:32.0]]
[2020.09.10-13.03.05:867][  0]LogConfig: Setting CVar [[r.SkyAtmosphere.TransmittanceLUT.UseSmallFormat:0]]
[2020.09.10-13.03.05:867][  0]LogConfig: Setting CVar [[r.SkyAtmosphere.TransmittanceLUT.SampleCount:10.0]]
[2020.09.10-13.03.05:867][  0]LogConfig: Setting CVar [[r.SkyAtmosphere.MultiScatteringLUT.SampleCount:15.0]]
[2020.09.10-13.03.05:867][  0]LogConfig: Applying CVar settings from Section [FoliageQuality@3] File [C:/Users/doria/Documents/GitHub/MyProject/Saved/Config/Windows/Scalability.ini]
[2020.09.10-13.03.05:867][  0]LogConfig: Setting CVar [[foliage.DensityScale:1.0]]
[2020.09.10-13.03.05:867][  0]LogConfig: Setting CVar [[grass.DensityScale:1.0]]
[2020.09.10-13.03.05:867][  0]LogConfig: Applying CVar settings from Section [ShadingQuality@3] File [C:/Users/doria/Documents/GitHub/MyProject/Saved/Config/Windows/Scalability.ini]
[2020.09.10-13.03.05:867][  0]LogConfig: Setting CVar [[r.HairStrands.SkyLighting.SampleCount:16]]
[2020.09.10-13.03.05:867][  0]LogConfig: Setting CVar [[r.HairStrands.SkyLighting.JitterIntegration:0]]
[2020.09.10-13.03.05:867][  0]LogConfig: Setting CVar [[r.HairStrands.SkyAO.SampleCount:16]]
[2020.09.10-13.03.05:867][  0]LogConfig: Setting CVar [[r.HairStrands.DeepShadow.SuperSampling:0]]
[2020.09.10-13.03.05:867][  0]LogConfig: Setting CVar [[r.HairStrands.VisibilityPPLL:0]]
[2020.09.10-13.03.05:867][  0]LogConfig: Setting CVar [[r.HairStrands.RasterizationScale:0.5]]
[2020.09.10-13.03.05:867][  0]LogConfig: Setting CVar [[r.HairStrands.VelocityRasterizationScale:1]]
[2020.09.10-13.03.05:867][  0]LogConfig: Applying CVar settings from Section [Startup] File [../../../Engine/Config/ConsoleVariables.ini]
[2020.09.10-13.03.05:873][  0]LogConfig: Setting CVar [[net.UseAdaptiveNetUpdateFrequency:0]]
[2020.09.10-13.03.05:873][  0]LogConfig: Setting CVar [[p.chaos.AllowCreatePhysxBodies:1]]
[2020.09.10-13.03.05:873][  0]LogConfig: Setting CVar [[fx.SkipVectorVMBackendOptimizations:1]]
[2020.09.10-13.03.05:873][  0]LogConfig: Applying CVar settings from Section [ConsoleVariables] File [C:/Users/doria/Documents/GitHub/MyProject/Saved/Config/Windows/Engine.ini]
[2020.09.10-13.03.05:873][  0]LogInit: Computer: DESKTOP-CUSPBUC
[2020.09.10-13.03.05:873][  0]LogInit: User: doria
[2020.09.10-13.03.05:873][  0]LogInit: CPU Page size=4096, Cores=8
[2020.09.10-13.03.05:873][  0]LogInit: High frequency timer resolution =10.000000 MHz
[2020.09.10-13.03.05:873][  0]LogMemory: Memory total: Physical=31.9GB (32GB approx)
[2020.09.10-13.03.05:873][  0]LogMemory: Platform Memory Stats for Windows
[2020.09.10-13.03.05:873][  0]LogMemory: Process Physical Memory: 115.76 MB used, 115.76 MB peak
[2020.09.10-13.03.05:873][  0]LogMemory: Process Virtual Memory: 105.12 MB used, 105.12 MB peak
[2020.09.10-13.03.05:873][  0]LogMemory: Physical Memory: 6934.50 MB used,  25764.69 MB free, 32699.19 MB total
[2020.09.10-13.03.05:873][  0]LogMemory: Virtual Memory: 5191.95 MB used,  134212536.00 MB free, 134217728.00 MB total
[2020.09.10-13.03.05:880][  0]LogWindows: WindowsPlatformFeatures enabled
[2020.09.10-13.03.06:053][  0]LogInit: Physics initialised using underlying interface: PhysX
[2020.09.10-13.03.06:054][  0]LogInit: Using OS detected language (fr-FR).
[2020.09.10-13.03.06:054][  0]LogInit: Using OS detected locale (fr-FR).
[2020.09.10-13.03.06:058][  0]LogTextLocalizationManager: No specific localization for 'fr-FR' exists, so the 'fr' localization will be used.
[2020.09.10-13.03.06:058][  0]LogTextLocalizationResource: LocRes '../../../Engine/Content/Localization/Editor/fr/Editor.locres' could not be opened for reading!
[2020.09.10-13.03.06:058][  0]LogTextLocalizationResource: LocRes '../../../Engine/Content/Localization/EditorTutorials/fr/EditorTutorials.locres' could not be opened for reading!
[2020.09.10-13.03.06:059][  0]LogTextLocalizationResource: LocRes '../../../Engine/Content/Localization/Keywords/fr/Keywords.locres' could not be opened for reading!
[2020.09.10-13.03.06:059][  0]LogTextLocalizationResource: LocRes '../../../Engine/Content/Localization/Category/fr/Category.locres' could not be opened for reading!
[2020.09.10-13.03.06:059][  0]LogTextLocalizationResource: LocRes '../../../Engine/Content/Localization/ToolTips/fr/ToolTips.locres' could not be opened for reading!
[2020.09.10-13.03.06:059][  0]LogTextLocalizationResource: LocRes '../../../Engine/Content/Localization/PropertyNames/fr/PropertyNames.locres' could not be opened for reading!
[2020.09.10-13.03.06:059][  0]LogTextLocalizationResource: LocRes '../../../Engine/Content/Localization/Engine/fr/Engine.locres' could not be opened for reading!
[2020.09.10-13.03.06:087][  0]LogInit: Setting process to per monitor DPI aware
[2020.09.10-13.03.06:191][  0]LogSlate: New Slate User Created.  User Index 0, Is Virtual User: 0
[2020.09.10-13.03.06:191][  0]LogSlate: Slate User Registered.  User Index 0, Is Virtual User: 0
[2020.09.10-13.03.09:255][  0]LogHMD: Failed to initialize OpenVR with code 110
[2020.09.10-13.03.09:255][  0]LogD3D11RHI: D3D11 min allowed feature level: 11_0
[2020.09.10-13.03.09:255][  0]LogD3D11RHI: D3D11 max allowed feature level: 11_0
[2020.09.10-13.03.09:255][  0]LogD3D11RHI: D3D11 adapters:
[2020.09.10-13.03.09:325][  0]LogD3D11RHI:    0. 'NVIDIA GeForce RTX 2060 SUPER' (Feature Level 11_0)
[2020.09.10-13.03.09:325][  0]LogD3D11RHI:       8031/0/16349 MB DedicatedVideo/DedicatedSystem/SharedSystem, Outputs:2, VendorId:0x10de
[2020.09.10-13.03.09:328][  0]LogD3D11RHI:    1. 'Microsoft Basic Render Driver' (Feature Level 11_0)
[2020.09.10-13.03.09:328][  0]LogD3D11RHI:       0/0/16349 MB DedicatedVideo/DedicatedSystem/SharedSystem, Outputs:0, VendorId:0x1414
[2020.09.10-13.03.09:328][  0]LogD3D11RHI: Chosen D3D11 Adapter: 0
[2020.09.10-13.03.09:338][  0]LogD3D11RHI: Creating new Direct3DDevice
[2020.09.10-13.03.09:339][  0]LogD3D11RHI:     GPU DeviceId: 0x1f06 (for the marketing name, search the web for "GPU Device Id")
[2020.09.10-13.03.09:339][  0]LogWindows: EnumDisplayDevices:
[2020.09.10-13.03.09:339][  0]LogWindows:    0. 'NVIDIA GeForce RTX 2060 SUPER' (P:1 D:1)
[2020.09.10-13.03.09:339][  0]LogWindows:    1. 'NVIDIA GeForce RTX 2060 SUPER' (P:0 D:1)
[2020.09.10-13.03.09:339][  0]LogWindows:    2. 'NVIDIA GeForce RTX 2060 SUPER' (P:0 D:0)
[2020.09.10-13.03.09:340][  0]LogWindows:    3. 'NVIDIA GeForce RTX 2060 SUPER' (P:0 D:0)
[2020.09.10-13.03.09:340][  0]LogWindows: DebugString: FoundDriverCount:4 
[2020.09.10-13.03.09:340][  0]LogD3D11RHI:     Adapter Name: NVIDIA GeForce RTX 2060 SUPER
[2020.09.10-13.03.09:340][  0]LogD3D11RHI:   Driver Version: 452.06 (internal:27.21.14.5206, unified:452.06)
[2020.09.10-13.03.09:340][  0]LogD3D11RHI:      Driver Date: 8-12-2020
[2020.09.10-13.03.09:340][  0]LogRHI: Texture pool is 5621 MB (70% of 8031 MB)
[2020.09.10-13.03.09:394][  0]LogD3D11RHI: RHI has support for 64 bit atomics
[2020.09.10-13.03.09:396][  0]LogD3D11RHI: [Aftermath] Enabled and primed
[2020.09.10-13.03.09:396][  0]LogD3D11RHI: Async texture creation enabled
[2020.09.10-13.03.09:396][  0]LogD3D11RHI: Array index from any shader is supported
[2020.09.10-13.03.09:428][  0]LogD3D11RHI: GPU Timing Frequency: 1000.000000 (Debug: 2 1)
[2020.09.10-13.03.09:796][  0]LogTargetPlatformManager: Display: Loaded TargetPlatform 'AllDesktop'
[2020.09.10-13.03.09:836][  0]LogTargetPlatformManager: Display: Loaded TargetPlatform 'Android'
[2020.09.10-13.03.09:837][  0]LogTargetPlatformManager: Display: Loaded TargetPlatform 'Android_ASTC'
[2020.09.10-13.03.09:837][  0]LogTargetPlatformManager: Display: Loaded TargetPlatform 'Android_DXT'
[2020.09.10-13.03.09:837][  0]LogTargetPlatformManager: Display: Loaded TargetPlatform 'Android_ETC2'
[2020.09.10-13.03.09:837][  0]LogTargetPlatformManager: Display: Loaded TargetPlatform 'AndroidClient'
[2020.09.10-13.03.09:837][  0]LogTargetPlatformManager: Display: Loaded TargetPlatform 'Android_ASTCClient'
[2020.09.10-13.03.09:837][  0]LogTargetPlatformManager: Display: Loaded TargetPlatform 'Android_DXTClient'
[2020.09.10-13.03.09:837][  0]LogTargetPlatformManager: Display: Loaded TargetPlatform 'Android_ETC2Client'
[2020.09.10-13.03.09:837][  0]LogTargetPlatformManager: Display: Loaded TargetPlatform 'Android_Multi'
[2020.09.10-13.03.09:837][  0]LogTargetPlatformManager: Display: Loaded TargetPlatform 'Android_MultiClient'
[2020.09.10-13.03.09:878][  0]LogTargetPlatformManager: Display: Loaded TargetPlatform 'IOSClient'
[2020.09.10-13.03.09:878][  0]LogTargetPlatformManager: Display: Loaded TargetPlatform 'IOS'
[2020.09.10-13.03.09:900][  0]LogTargetPlatformManager: Display: Loaded TargetPlatform 'Linux'
[2020.09.10-13.03.09:912][  0]LogTargetPlatformManager: Display: Loaded TargetPlatform 'LinuxNoEditor'
[2020.09.10-13.03.09:924][  0]LogTargetPlatformManager: Display: Loaded TargetPlatform 'LinuxClient'
[2020.09.10-13.03.09:936][  0]LogTargetPlatformManager: Display: Loaded TargetPlatform 'LinuxServer'
[2020.09.10-13.03.09:949][  0]LogTargetPlatformManager: Display: Loaded TargetPlatform 'LinuxAArch64NoEditor'
[2020.09.10-13.03.09:961][  0]LogTargetPlatformManager: Display: Loaded TargetPlatform 'LinuxAArch64Client'
[2020.09.10-13.03.09:973][  0]LogTargetPlatformManager: Display: Loaded TargetPlatform 'LinuxAArch64Server'
[2020.09.10-13.03.10:009][  0]LogTargetPlatformManager: Display: Loaded TargetPlatform 'Lumin'
[2020.09.10-13.03.10:009][  0]LogTargetPlatformManager: Display: Loaded TargetPlatform 'LuminClient'
[2020.09.10-13.03.10:028][  0]LogTargetPlatformManager: Display: Loaded TargetPlatform 'TVOSClient'
[2020.09.10-13.03.10:028][  0]LogTargetPlatformManager: Display: Loaded TargetPlatform 'TVOS'
[2020.09.10-13.03.10:041][  0]LogTargetPlatformManager: Display: Loaded TargetPlatform 'WindowsNoEditor'
[2020.09.10-13.03.10:053][  0]LogTargetPlatformManager: Display: Loaded TargetPlatform 'Windows'
[2020.09.10-13.03.10:063][  0]LogTargetPlatformManager: Display: Loaded TargetPlatform 'WindowsClient'
[2020.09.10-13.03.10:075][  0]LogTargetPlatformManager: Display: Loaded TargetPlatform 'WindowsServer'
[2020.09.10-13.03.10:075][  0]LogTargetPlatformManager: Display: Building Assets For Windows
[2020.09.10-13.03.10:121][  0]LogAudioDebug: Display: Lib vorbis DLL was dynamically loaded.
[2020.09.10-13.03.10:229][  0]LogShaderCompilers: Guid format shader working directory is -10 characters bigger than the processId version (../../../../../../Users/doria/Documents/GitHub/MyProject/Intermediate/Shaders/WorkingDirectory/2420/).
[2020.09.10-13.03.10:229][  0]LogShaderCompilers: Cleaned the shader compiler working directory 'C:/Users/doria/AppData/Local/Temp/UnrealShaderWorkingDir/B24C2D2F419FF8920180D5A3BB47BA54/'.
[2020.09.10-13.03.10:230][  0]LogXGEController: Cannot use XGE Controller as Incredibuild is not installed on this machine.
[2020.09.10-13.03.10:230][  0]LogShaderCompilers: Cannot use XGE Shader Compiler as Incredibuild is not installed on this machine.
[2020.09.10-13.03.10:230][  0]LogShaderCompilers: Display: Using Local Shader Compiler.
[2020.09.10-13.03.13:540][  0]LogDerivedDataCache: Display: Max Cache Size: 512 MB
[2020.09.10-13.03.13:591][  0]LogDerivedDataCache: Loaded boot cache 0.05s 77MB C:/Users/doria/AppData/Local/UnrealEngine/4.25/DerivedDataCache/Boot.ddc.
[2020.09.10-13.03.13:591][  0]LogDerivedDataCache: Display: Loaded Boot cache: C:/Users/doria/AppData/Local/UnrealEngine/4.25/DerivedDataCache/Boot.ddc
[2020.09.10-13.03.13:591][  0]LogDerivedDataCache: FDerivedDataBackendGraph:  Pak pak cache file ../../../../../../Users/doria/Documents/GitHub/MyProject/DerivedDataCache/DDC.ddp not found, will not use a pak cache.
[2020.09.10-13.03.13:591][  0]LogDerivedDataCache: Unable to find inner node Pak for hierarchical cache Hierarchy.
[2020.09.10-13.03.13:591][  0]LogDerivedDataCache: FDerivedDataBackendGraph:  CompressedPak pak cache file ../../../../../../Users/doria/Documents/GitHub/MyProject/DerivedDataCache/Compressed.ddp not found, will not use a pak cache.
[2020.09.10-13.03.13:591][  0]LogDerivedDataCache: Unable to find inner node CompressedPak for hierarchical cache Hierarchy.
[2020.09.10-13.03.13:608][  0]LogDerivedDataCache: Display: Pak cache opened for reading ../../../Engine/DerivedDataCache/Compressed.ddp.
[2020.09.10-13.03.13:608][  0]LogDerivedDataCache: FDerivedDataBackendGraph:  EnterprisePak pak cache file ../../../Enterprise/DerivedDataCache/Compressed.ddp not found, will not use a pak cache.
[2020.09.10-13.03.13:608][  0]LogDerivedDataCache: Unable to find inner node EnterprisePak for hierarchical cache Hierarchy.
[2020.09.10-13.03.13:610][  0]LogDerivedDataCache: Using Local data cache path C:/Users/doria/AppData/Local/UnrealEngine/Common/DerivedDataCache: Writable
[2020.09.10-13.03.13:610][  0]LogDerivedDataCache: Shared data cache path not found in *engine.ini, will not use an Shared cache.
[2020.09.10-13.03.13:610][  0]LogDerivedDataCache: Unable to find inner node Shared for hierarchical cache Hierarchy.
[2020.09.10-13.03.13:660][  0]LogSlate: Using FreeType 2.10.0
[2020.09.10-13.03.13:675][  0]LogSlate: SlateFontServices - WITH_FREETYPE: 1, WITH_HARFBUZZ: 1
[2020.09.10-13.03.13:716][  0]LogAssetRegistry: FAssetRegistry took 0.0031 seconds to start up
[2020.09.10-13.03.13:978][  0]LogInit: Selected Device Profile: [Windows]
[2020.09.10-13.03.14:176][  0]LogMeshReduction: Using QuadricMeshReduction for automatic static mesh reduction
[2020.09.10-13.03.14:176][  0]LogMeshReduction: Using SimplygonMeshReduction for automatic skeletal mesh reduction
[2020.09.10-13.03.14:176][  0]LogMeshReduction: Using ProxyLODMeshReduction for automatic mesh merging
[2020.09.10-13.03.14:176][  0]LogMeshReduction: No distributed automatic mesh merging module available
[2020.09.10-13.03.14:176][  0]LogMeshMerging: No distributed automatic mesh merging module available
[2020.09.10-13.03.14:222][  0]LogNetVersion: Unending 1.0.0, NetCL: 13144385, EngineNetVer: 14, GameNetVer: 0 (Checksum: 1146103487)
[2020.09.10-13.03.15:408][  0]LogAISub: UAISubsystem::UAISubsystem AISubsystem (000001C06E7FD3C0), frame # 0
[2020.09.10-13.03.15:408][  0]LogAISub: UAISubsystem::UAISubsystem AIPerceptionSystem (000001C06E721E40), frame # 0
[2020.09.10-13.03.15:409][  0]LogAISub: UAISubsystem::UAISubsystem EnvQueryManager (000001C06E74EE00), frame # 0
[2020.09.10-13.03.15:519][  0]LogPackageLocalizationCache: Processed 20 localized package path(s) for 1 prioritized culture(s) in 0.092218 seconds
[2020.09.10-13.03.15:525][  0]LogUObjectArray: 15917 objects as part of root set at end of initial load.
[2020.09.10-13.03.15:525][  0]LogUObjectAllocator: 3965568 out of 0 bytes used by permanent object pool.
[2020.09.10-13.03.15:525][  0]LogUObjectArray: CloseDisregardForGC: 0/0 objects in disregard for GC pool
[2020.09.10-13.03.16:269][  0]LogTcpMessaging: Initializing TcpMessaging bridge
[2020.09.10-13.03.16:275][  0]LogUdpMessaging: Initializing bridge on interface 0.0.0.0:0 to multicast group 230.0.0.1:6666.
[2020.09.10-13.03.16:395][  0]SourceControl: Source control is disabled
[2020.09.10-13.03.16:395][  0]SourceControl: Source control is disabled
[2020.09.10-13.03.16:399][  0]SourceControl: Source control is disabled
[2020.09.10-13.03.16:403][  0]SourceControl: Source control is disabled
[2020.09.10-13.03.16:411][  0]SourceControl: Source control is disabled
[2020.09.10-13.03.16:771][  0]LogAndroidPermission: UAndroidPermissionCallbackProxy::GetInstance
[2020.09.10-13.03.16:798][  0]LogAudioCaptureCore: Display: No Audio Capture implementations found. Audio input will be silent.
[2020.09.10-13.03.16:798][  0]LogAudioCaptureCore: Display: No Audio Capture implementations found. Audio input will be silent.
[2020.09.10-13.03.16:886][  0]LogOcInput: OculusInput pre-init called
[2020.09.10-13.03.16:899][  0]LogWindows: Failed to load 'OVRPlugin.dll' (GetLastError=126)
[2020.09.10-13.03.16:899][  0]LogWindows: File 'OVRPlugin.dll' does not exist
[2020.09.10-13.03.17:001][  0]LogEngine: Initializing Engine...
[2020.09.10-13.03.17:002][  0]LogHMD: Failed to initialize OpenVR with code 110
[2020.09.10-13.03.17:003][  0]LogMagicLeap: Warning: VR disabled because ZI is not enabled.  To enable, in the editor, Edit -> Project Settings -> Plugins -> Magic Leap Plugin -> Enable Zero Iteration
[2020.09.10-13.03.17:003][  0]LogStats: UGameplayTagsManager::InitializeManager -  0.000 s
[2020.09.10-13.03.17:302][  0]LogInit: Initializing FReadOnlyCVARCache
[2020.09.10-13.03.17:312][  0]LogAIModule: Creating AISystem for world Untitled
[2020.09.10-13.03.17:312][  0]LogAISub: UAISubsystem::UAISubsystem EnvQueryManager (000001C075BC8800), frame # 0
[2020.09.10-13.03.17:312][  0]LogAISub: UAISubsystem::UAISubsystem AIPerceptionSystem (000001C075BE4B80), frame # 0
[2020.09.10-13.03.17:317][  0]LogAudioMixer: Display: Audio Mixer Platform Settings:
[2020.09.10-13.03.17:317][  0]LogAudioMixer: Display: 	Sample Rate:						  48000
[2020.09.10-13.03.17:317][  0]LogAudioMixer: Display: 	Callback Buffer Frame Size Requested: 1024
[2020.09.10-13.03.17:317][  0]LogAudioMixer: Display: 	Callback Buffer Frame Size To Use:	  1024
[2020.09.10-13.03.17:317][  0]LogAudioMixer: Display: 	Number of buffers to queue:			  2
[2020.09.10-13.03.17:317][  0]LogAudioMixer: Display: 	Max Channels (voices):				  32
[2020.09.10-13.03.17:317][  0]LogAudioMixer: Display: 	Number of Async Source Workers:		  0
[2020.09.10-13.03.17:317][  0]LogAudio: Display: AudioDevice MaxSources: 32
[2020.09.10-13.03.17:318][  0]LogAudio: Display: Using built-in audio occlusion.
[2020.09.10-13.03.17:318][  0]LogAudioMixer: Display: Initializing audio mixer.
[2020.09.10-13.03.17:333][  0]LogAudioMixer: Display: 0: FrontLeft
[2020.09.10-13.03.17:333][  0]LogAudioMixer: Display: 1: FrontRight
[2020.09.10-13.03.17:387][  0]LogAudioMixer: Display: Using Audio Device Haut-parleurs (Realtek High Definition Audio)
[2020.09.10-13.03.17:387][  0]LogAudioMixer: Display: Initializing Sound Submixes...
[2020.09.10-13.03.17:413][  0]LogAudioMixer: Display: Creating Master Submix 'MasterSubmixDefault'
[2020.09.10-13.03.17:413][  0]LogAudioMixer: Display: Creating Master Submix 'MasterReverbSubmixDefault'
[2020.09.10-13.03.17:414][  0]LogAudioMixer: Display: Creating Master Submix 'MasterEQSubmixDefault'
[2020.09.10-13.03.17:415][  0]LogInit: FAudioDevice initialized.
[2020.09.10-13.03.17:415][  0]LogNetVersion: Set ProjectVersion to 1.0.0.0. Version Checksum will be recalculated on next use.
[2020.09.10-13.03.17:572][  0]LogDerivedDataCache: Saved boot cache 0.16s 77MB C:/Users/doria/AppData/Local/UnrealEngine/4.25/DerivedDataCache/Boot.ddc.
[2020.09.10-13.03.17:577][  0]LogInit: Texture streaming: Enabled
[2020.09.10-13.03.17:596][  0]LogEngineSessionManager: EngineSessionManager initialized
[2020.09.10-13.03.17:596][  0]LogEditorSessionSummary: Verbose: Initializing EditorSessionSummaryWriter for editor session tracking
[2020.09.10-13.03.17:598][  0]LogEditorSessionSummary: EditorSessionSummaryWriter initialized
[2020.09.10-13.03.17:689][  0]LogInit: Transaction tracking system initialized
[2020.09.10-13.03.17:720][  0]BlueprintLog: New page: Editor Load
[2020.09.10-13.03.17:819][  0]LocalizationService: Localization service is disabled
[2020.09.10-13.03.18:263][  0]LogCook: Display: Max memory allowance for cook 16384mb min free memory 0mb
[2020.09.10-13.03.18:263][  0]LogCook: Display: Mobile HDR setting 1
[2020.09.10-13.03.18:324][  0]LogFileCache: Scanning file cache for directory 'C:/Users/doria/Documents/GitHub/MyProject/Content/' took 0.01s
[2020.09.10-13.03.18:853][  0]SourceControl: Source control is disabled
[2020.09.10-13.03.18:853][  0]LogUnrealEdMisc: Loading editor; pre map load, took 15.339
[2020.09.10-13.03.18:853][  0]Cmd: MAP LOAD FILE="../../../../../../Users/doria/Documents/GitHub/MyProject/Content/_MapFolder/GamesMaps/Level1.umap" TEMPLATE=0 SHOWPROGRESS=1 FEATURELEVEL=3
[2020.09.10-13.03.18:859][  0]LightingResults: New page: Lighting Build
[2020.09.10-13.03.18:860][  0]LogWorld: UWorld::CleanupWorld for Untitled, bSessionEnded=true, bCleanupResources=true
[2020.09.10-13.03.18:860][  0]LogSlate: InvalidateAllWidgets triggered.  All widgets were invalidated
[2020.09.10-13.03.18:860][  0]MapCheck: New page: Map Check
[2020.09.10-13.03.18:860][  0]LightingResults: New page: Lighting Build
[2020.09.10-13.03.18:878][  0]LogAISub: UAISubsystem::~UAISubsystem EnvQueryManager (000001C075BC8800), frame # 0
[2020.09.10-13.03.18:878][  0]LogAISub: UAISubsystem::~UAISubsystem AIPerceptionSystem (000001C075BE4B80), frame # 0
[2020.09.10-13.03.18:879][  0]LogUObjectHash: Compacting FUObjectHashTables data took   0.76ms
[2020.09.10-13.03.20:718][  0]LogAIModule: Creating AISystem for world Level1
[2020.09.10-13.03.20:719][  0]LogAISub: UAISubsystem::UAISubsystem EnvQueryManager (000001C006E3FE00), frame # 0
[2020.09.10-13.03.20:719][  0]LogAISub: UAISubsystem::UAISubsystem AIPerceptionSystem (000001C007356E80), frame # 0
[2020.09.10-13.03.21:589][  0]LogEditorServer: Finished looking for orphan Actors (0.000 secs)
[2020.09.10-13.03.21:591][  0]LogNavigation: Warning: Recreating dtNavMesh instance due to saved navmesh origin (X=171.437 Y=0.000 Z=150.390, usually the RecastNavMesh location) not being aligned with tile size (988 uu) 
[2020.09.10-13.03.21:607][  0]LogNavigationDataBuild: Display:    Building NavData:  Name Default class /Script/NavigationSystem.RecastNavMesh agent radius 35.0.
[2020.09.10-13.03.21:627][  0]LogUObjectHash: Compacting FUObjectHashTables data took   1.08ms
[2020.09.10-13.03.21:627][  0]Cmd: MAP CHECKDEP NOCLEARLOG
[2020.09.10-13.03.21:628][  0]MapCheck: Map check complete: 0 Error(s), 0 Warning(s), took 0,183ms to complete.
[2020.09.10-13.03.21:628][  0]LogFileHelpers: Loading map 'Level1' took 2.774
[2020.09.10-13.03.21:630][  0]LogUnrealEdMisc: Total Editor Startup Time, took 18.116
[2020.09.10-13.03.21:819][  0]LogSlate: Updating window title bar state: overlay mode, drag disabled, window buttons hidden, title bar hidden
[2020.09.10-13.03.21:825][  0]LogSlate: Updating window title bar state: overlay mode, drag disabled, window buttons hidden, title bar hidden
[2020.09.10-13.03.21:832][  0]LogSlate: Updating window title bar state: overlay mode, drag disabled, window buttons hidden, title bar hidden
[2020.09.10-13.03.21:839][  0]LogSlate: Updating window title bar state: overlay mode, drag disabled, window buttons hidden, title bar hidden
[2020.09.10-13.03.21:860][  0]LogCollectionManager: Loaded 0 collections in 0.002057 seconds
[2020.09.10-13.03.21:896][  0]LogFileCache: Scanning file cache for directory 'C:/Users/doria/Documents/GitHub/MyProject/Saved/Collections/' took 0.00s
[2020.09.10-13.03.21:896][  0]LogFileCache: Scanning file cache for directory 'C:/Users/doria/Documents/GitHub/MyProject/Content/Developers/doria/Collections/' took 0.00s
[2020.09.10-13.03.21:896][  0]LogFileCache: Scanning file cache for directory 'C:/Users/doria/Documents/GitHub/MyProject/Content/Collections/' took 0.00s
[2020.09.10-13.03.21:896][  0]LogContentBrowser: Native class hierarchy populated in 0.0105 seconds. Added 3429 classes and 827 folders.
[2020.09.10-13.03.21:905][  0]LogContentBrowser: Native class hierarchy updated for 'WidgetCarousel' in 0.0003 seconds. Added 0 classes and 0 folders.
[2020.09.10-13.03.22:345][  0]LogContentBrowser: Native class hierarchy updated for 'AddContentDialog' in 0.0003 seconds. Added 0 classes and 0 folders.
[2020.09.10-13.03.22:352][  0]LogContentBrowser: Native class hierarchy updated for 'SceneOutliner' in 0.0004 seconds. Added 2 classes and 0 folders.
[2020.09.10-13.03.22:491][  0]LogSlate: Took 0.005166 seconds to synchronously load lazily loaded font '../../../Engine/Content/Slate/Fonts/Roboto-Regular.ttf' (155K)
[2020.09.10-13.03.22:498][  0]LogSlate: Took 0.005681 seconds to synchronously load lazily loaded font '../../../Engine/Content/Slate/Fonts/Roboto-Bold.ttf' (160K)
[2020.09.10-13.03.22:514][  0]LogSlate: Took 0.008488 seconds to synchronously load lazily loaded font '../../../Engine/Content/Editor/Slate/Fonts/FontAwesome.ttf' (139K)
[2020.09.10-13.03.22:669][  0]LogRenderer: Reallocating scene render targets to support 1208x580 Format 10 NumSamples 1 (Frame:1).
[2020.09.10-13.03.22:777][  0]LogContentBrowser: Native class hierarchy updated for 'HierarchicalLODOutliner' in 0.0003 seconds. Added 0 classes and 0 folders.
[2020.09.10-13.03.22:777][  0]LogLoad: (Engine Initialization) Total time: 19.26 seconds
[2020.09.10-13.03.22:777][  0]LogLoad: (Engine Initialization) Total Blueprint compile time: 0.00 seconds
[2020.09.10-13.03.22:850][  0]LogAssetRegistry: Asset discovery search completed in 9.1356 seconds
[2020.09.10-13.03.22:854][  0]LogCollectionManager: Fixed up redirectors for 0 collections in 0.000002 seconds (updated 0 objects)
[2020.09.10-13.03.22:862][  0]LogContentStreaming: Texture pool size now 1000 MB
[2020.09.10-13.03.22:911][  0]LogSlate: Took 0.007767 seconds to synchronously load lazily loaded font '../../../Engine/Content/Slate/Fonts/Roboto-Light.ttf' (167K)
[2020.09.10-13.03.22:953][  1]LogFileCache: Retrieving MD5 hashes for directory 'C:/Users/doria/Documents/GitHub/MyProject/Content/' took 0.13s
[2020.09.10-13.03.24:330][ 56]LogSlate: Took 0.000228 seconds to synchronously load lazily loaded font '../../../Engine/Content/Slate/Fonts/Roboto-Light.ttf' (167K)
[2020.09.10-13.03.40:210][113]LogAssetEditorSubsystem: Opening Asset editor for Blueprint /Game/World/GridBlock/Useblock/BP_SpawnVolumeRessources.BP_SpawnVolumeRessources
[2020.09.10-13.03.40:667][113]LogContentBrowser: Native class hierarchy updated for 'BlueprintGraph' in 0.0006 seconds. Added 125 classes and 0 folders.
[2020.09.10-13.03.41:792][113]LogSlate: Took 0.005212 seconds to synchronously load lazily loaded font '../../../Engine/Content/Slate/Fonts/Roboto-BoldCondensed.ttf' (158K)
[2020.09.10-13.03.42:015][114]LogSlate: Took 0.006880 seconds to synchronously load lazily loaded font '../../../Engine/Content/Slate/Fonts/Roboto-Italic.ttf' (157K)
[2020.09.10-13.03.44:465][318]LogSlate: Window 'BP_SpawnVolumeRessources' being destroyed
[2020.09.10-13.04.46:442][630]LogSlate: Took 0.006781 seconds to synchronously load lazily loaded font '../../../Engine/Content/Slate/Fonts/Roboto-BoldCondensedItalic.ttf' (160K)
[2020.09.10-13.04.49:962][ 41]BlueprintLog: New page: Compile BP_SpawnVolumeRessources
[2020.09.10-13.04.49:998][ 41]LogUObjectHash: Compacting FUObjectHashTables data took   2.43ms
[2020.09.10-13.04.50:344][ 72]LogSavePackage: Moving '../../../../../../Users/doria/Documents/GitHub/MyProject/Saved/BP_SpawnVolumeRessourcesDA246F6A4FFF3EC53D927FAD724EB9C1.tmp' to '../../../../../../Users/doria/Documents/GitHub/MyProject/Content/World/GridBlock/Useblock/BP_SpawnVolumeRessources.uasset'
[2020.09.10-13.04.50:362][ 72]AssetCheck: New page: Asset Save: BP_SpawnVolumeRessources
[2020.09.10-13.04.50:362][ 72]LogContentValidation: Display: Validating Blueprint /Game/World/GridBlock/Useblock/BP_SpawnVolumeRessources.BP_SpawnVolumeRessources
[2020.09.10-13.06.02:871][ 49]BlueprintLog: New page: Compile BP_SpawnVolumeRessources
[2020.09.10-13.06.02:906][ 49]LogUObjectHash: Compacting FUObjectHashTables data took   2.94ms
[2020.09.10-13.06.32:552][565]BlueprintLog: New page: Compile BP_SpawnVolumeRessources
[2020.09.10-13.06.32:585][565]LogUObjectHash: Compacting FUObjectHashTables data took   3.60ms
[2020.09.10-13.06.49:637][574]BlueprintLog: New page: Compile BP_SpawnVolumeRessources
[2020.09.10-13.06.49:672][574]LogUObjectHash: Compacting FUObjectHashTables data took   2.40ms
[2020.09.10-13.06.50:305][643]LogSavePackage: Moving '../../../../../../Users/doria/Documents/GitHub/MyProject/Saved/BP_SpawnVolumeRessources25D5E30D4CECAC075B7FAAAB18B97AC3.tmp' to '../../../../../../Users/doria/Documents/GitHub/MyProject/Content/World/GridBlock/Useblock/BP_SpawnVolumeRessources.uasset'
[2020.09.10-13.06.50:319][643]AssetCheck: New page: Asset Save: BP_SpawnVolumeRessources
[2020.09.10-13.06.50:319][643]LogContentValidation: Display: Validating Blueprint /Game/World/GridBlock/Useblock/BP_SpawnVolumeRessources.BP_SpawnVolumeRessources
[2020.09.10-13.08.10:961][962]LogSlate: Window 'Change Variable Type' being destroyed
[2020.09.10-13.08.13:475][234]LogSlate: Window 'Find in Blueprints' being destroyed
[2020.09.10-13.08.13:478][234]LogSlate: Window 'Find in Blueprints' being destroyed
[2020.09.10-13.08.46:720][116]LogSelectionDetails: Warning: NavigateToFunctionSource:  Unable to find symbols for 'AActor::AddComponent' [Élément introuvable.]
[2020.09.10-13.10.17:287][637]LogSlate: Window 'Change Variable Type' being destroyed
[2020.09.10-13.10.23:752][274]LogSlate: Window 'Change Variable Type' being destroyed
[2020.09.10-13.10.42:813][503]BlueprintLog: New page: Compile BP_SpawnVolumeRessources
[2020.09.10-13.10.42:850][503]LogUObjectHash: Compacting FUObjectHashTables data took   3.08ms
[2020.09.10-13.10.43:293][547]LogSavePackage: Moving '../../../../../../Users/doria/Documents/GitHub/MyProject/Saved/BP_SpawnVolumeRessources04CD5F514EBAC2B1A79DE18F0BF4B20C.tmp' to '../../../../../../Users/doria/Documents/GitHub/MyProject/Content/World/GridBlock/Useblock/BP_SpawnVolumeRessources.uasset'
[2020.09.10-13.10.43:307][547]AssetCheck: New page: Asset Save: BP_SpawnVolumeRessources
[2020.09.10-13.10.43:307][547]LogContentValidation: Display: Validating Blueprint /Game/World/GridBlock/Useblock/BP_SpawnVolumeRessources.BP_SpawnVolumeRessources
[2020.09.10-13.11.51:179][586]LogEditorTransaction: Undo Move Node
[2020.09.10-13.11.51:516][607]LogEditorTransaction: Undo Create Reroute Node
[2020.09.10-13.11.55:939][123]BlueprintLog: New page: Compile BP_SpawnVolumeRessources
[2020.09.10-13.11.55:977][123]LogUObjectHash: Compacting FUObjectHashTables data took   2.44ms
[2020.09.10-13.12.14:243][305]BlueprintLog: New page: Compile BP_SpawnVolumeRessources
[2020.09.10-13.12.14:279][305]LogUObjectHash: Compacting FUObjectHashTables data took   2.34ms
[2020.09.10-13.12.14:902][368]LogSavePackage: Moving '../../../../../../Users/doria/Documents/GitHub/MyProject/Saved/BP_SpawnVolumeRessources960BFD8B42275C367286A89A59B0B3FC.tmp' to '../../../../../../Users/doria/Documents/GitHub/MyProject/Content/World/GridBlock/Useblock/BP_SpawnVolumeRessources.uasset'
[2020.09.10-13.12.14:913][368]AssetCheck: New page: Asset Save: BP_SpawnVolumeRessources
[2020.09.10-13.12.14:913][368]LogContentValidation: Display: Validating Blueprint /Game/World/GridBlock/Useblock/BP_SpawnVolumeRessources.BP_SpawnVolumeRessources
[2020.09.10-13.12.31:224][304]BlueprintLog: New page: Compile BP_SpawnVolumeRessources
[2020.09.10-13.12.31:260][304]LogUObjectHash: Compacting FUObjectHashTables data took   2.40ms
[2020.09.10-13.12.31:628][338]LogSavePackage: Moving '../../../../../../Users/doria/Documents/GitHub/MyProject/Saved/BP_SpawnVolumeRessourcesC2B251D042B3A46DAC981B9176788143.tmp' to '../../../../../../Users/doria/Documents/GitHub/MyProject/Content/World/GridBlock/Useblock/BP_SpawnVolumeRessources.uasset'
[2020.09.10-13.12.31:642][338]AssetCheck: New page: Asset Save: BP_SpawnVolumeRessources
[2020.09.10-13.12.31:642][338]LogContentValidation: Display: Validating Blueprint /Game/World/GridBlock/Useblock/BP_SpawnVolumeRessources.BP_SpawnVolumeRessources
[2020.09.10-13.14.00:966][201]LogEditorTransaction: Undo Promote To Variable
[2020.09.10-13.14.14:314][733]BlueprintLog: New page: Compile BP_SpawnVolumeRessources
[2020.09.10-13.14.14:353][733]LogUObjectHash: Compacting FUObjectHashTables data took   2.38ms
[2020.09.10-13.14.14:849][784]LogSavePackage: Moving '../../../../../../Users/doria/Documents/GitHub/MyProject/Saved/BP_SpawnVolumeRessourcesDE47386F4F72CD5405FBFA9E1CE56EEC.tmp' to '../../../../../../Users/doria/Documents/GitHub/MyProject/Content/World/GridBlock/Useblock/BP_SpawnVolumeRessources.uasset'
[2020.09.10-13.14.14:862][784]AssetCheck: New page: Asset Save: BP_SpawnVolumeRessources
[2020.09.10-13.14.14:863][784]LogContentValidation: Display: Validating Blueprint /Game/World/GridBlock/Useblock/BP_SpawnVolumeRessources.BP_SpawnVolumeRessources
[2020.09.10-13.14.52:476][190]BlueprintLog: New page: Compile BP_SpawnVolumeRessources
[2020.09.10-13.14.52:513][190]LogUObjectHash: Compacting FUObjectHashTables data took   3.00ms
[2020.09.10-13.14.57:383][753]LogSavePackage: Moving '../../../../../../Users/doria/Documents/GitHub/MyProject/Saved/BP_SpawnVolumeRessources86DD97BE4F2BBD4FC8C2EF87BF2F6998.tmp' to '../../../../../../Users/doria/Documents/GitHub/MyProject/Content/World/GridBlock/Useblock/BP_SpawnVolumeRessources.uasset'
[2020.09.10-13.14.57:398][753]AssetCheck: New page: Asset Save: BP_SpawnVolumeRessources
[2020.09.10-13.14.57:399][753]LogContentValidation: Display: Validating Blueprint /Game/World/GridBlock/Useblock/BP_SpawnVolumeRessources.BP_SpawnVolumeRessources
[2020.09.10-13.15.03:699][480]LogUObjectHash: Compacting FUObjectHashTables data took   2.23ms
[2020.09.10-13.15.03:821][480]LogSavePackage: Moving '../../../../../../Users/doria/Documents/GitHub/MyProject/Saved/Level157E36C474E20C8DE18E92EB4D2FAA3AF.tmp' to '../../../../../../Users/doria/Documents/GitHub/MyProject/Content/_MapFolder/GamesMaps/Level1.umap'
[2020.09.10-13.15.03:882][480]Cmd: OBJ SAVEPACKAGE PACKAGE="/Game/_MapFolder/GamesMaps/Level1_BuiltData" FILE="../../../../../../Users/doria/Documents/GitHub/MyProject/Content/_MapFolder/GamesMaps/Level1_BuiltData.uasset" SILENT=true
[2020.09.10-13.15.04:077][480]LogSavePackage: Moving '../../../../../../Users/doria/Documents/GitHub/MyProject/Saved/Level1_BuiltDataF8FFCF1846DD241FF097D6A23422A88C.tmp' to '../../../../../../Users/doria/Documents/GitHub/MyProject/Content/_MapFolder/GamesMaps/Level1_BuiltData.uasset'
[2020.09.10-13.15.04:098][480]AssetCheck: New page: Asset Save: multiple assets
[2020.09.10-13.15.04:098][480]LogContentValidation: Display: Validating World /Game/_MapFolder/GamesMaps/Level1.Level1
[2020.09.10-13.15.04:098][480]LogContentValidation: Display: Validating MapBuildDataRegistry /Game/_MapFolder/GamesMaps/Level1_BuiltData.Level1_BuiltData
[2020.09.10-13.15.07:443][828]LogContentBrowser: Native class hierarchy updated for 'WorldBrowser' in 0.0004 seconds. Added 2 classes and 3 folders.
[2020.09.10-13.15.12:626][359]LogSlate: Window 'Levels' being destroyed
[2020.09.10-13.15.14:198][541]LogSlate: Window 'Levels' being destroyed
[2020.09.10-13.15.17:688][940]LogUObjectHash: Compacting FUObjectHashTables data took   5.37ms
[2020.09.10-13.15.17:794][940]LogSavePackage: Moving '../../../../../../Users/doria/Documents/GitHub/MyProject/Saved/Level17BBAA08C4B183A42B51CD88BAEB30890.tmp' to '../../../../../../Users/doria/Documents/GitHub/MyProject/Content/_MapFolder/GamesMaps/Level1.umap'
[2020.09.10-13.15.17:859][940]Cmd: OBJ SAVEPACKAGE PACKAGE="/Game/_MapFolder/GamesMaps/Level1_BuiltData" FILE="../../../../../../Users/doria/Documents/GitHub/MyProject/Content/_MapFolder/GamesMaps/Level1_BuiltData.uasset" SILENT=true
[2020.09.10-13.15.17:960][940]LogSavePackage: Moving '../../../../../../Users/doria/Documents/GitHub/MyProject/Saved/Level1_BuiltData23103D664DDCA817E0B1F1BF90A7A718.tmp' to '../../../../../../Users/doria/Documents/GitHub/MyProject/Content/_MapFolder/GamesMaps/Level1_BuiltData.uasset'
[2020.09.10-13.15.17:981][940]AssetCheck: New page: Asset Save: multiple assets
[2020.09.10-13.15.17:981][940]LogContentValidation: Display: Validating World /Game/_MapFolder/GamesMaps/Level1.Level1
[2020.09.10-13.15.17:981][940]LogContentValidation: Display: Validating MapBuildDataRegistry /Game/_MapFolder/GamesMaps/Level1_BuiltData.Level1_BuiltData
[2020.09.10-13.15.36:743][421]LogUObjectHash: Compacting FUObjectHashTables data took   3.74ms
[2020.09.10-13.15.36:850][421]LogSavePackage: Moving '../../../../../../Users/doria/Documents/GitHub/MyProject/Saved/Level147E5977842E080E387EDBE8EBC2A2D35.tmp' to '../../../../../../Users/doria/Documents/GitHub/MyProject/Content/_MapFolder/GamesMaps/Level1.umap'
[2020.09.10-13.15.36:914][421]Cmd: OBJ SAVEPACKAGE PACKAGE="/Game/_MapFolder/GamesMaps/Level1_BuiltData" FILE="../../../../../../Users/doria/Documents/GitHub/MyProject/Content/_MapFolder/GamesMaps/Level1_BuiltData.uasset" SILENT=true
[2020.09.10-13.15.37:018][421]LogSavePackage: Moving '../../../../../../Users/doria/Documents/GitHub/MyProject/Saved/Level1_BuiltData5094D5674F39A3B63F9BFEA4C4AB7371.tmp' to '../../../../../../Users/doria/Documents/GitHub/MyProject/Content/_MapFolder/GamesMaps/Level1_BuiltData.uasset'
[2020.09.10-13.15.37:036][421]AssetCheck: New page: Asset Save: multiple assets
[2020.09.10-13.15.37:036][421]LogContentValidation: Display: Validating World /Game/_MapFolder/GamesMaps/Level1.Level1
[2020.09.10-13.15.37:036][421]LogContentValidation: Display: Validating MapBuildDataRegistry /Game/_MapFolder/GamesMaps/Level1_BuiltData.Level1_BuiltData
[2020.09.10-13.15.40:838][856]LogUObjectHash: Compacting FUObjectHashTables data took   2.59ms
[2020.09.10-13.15.40:944][856]LogSavePackage: Moving '../../../../../../Users/doria/Documents/GitHub/MyProject/Saved/Level1EDF4E417447ECA2B9E8098AC6369A5EA.tmp' to '../../../../../../Users/doria/Documents/GitHub/MyProject/Content/_MapFolder/GamesMaps/Level1.umap'
[2020.09.10-13.15.41:009][856]Cmd: OBJ SAVEPACKAGE PACKAGE="/Game/_MapFolder/GamesMaps/Level1_BuiltData" FILE="../../../../../../Users/doria/Documents/GitHub/MyProject/Content/_MapFolder/GamesMaps/Level1_BuiltData.uasset" SILENT=true
[2020.09.10-13.15.41:113][856]LogSavePackage: Moving '../../../../../../Users/doria/Documents/GitHub/MyProject/Saved/Level1_BuiltDataAE9CE4584F21CD47A2DF2C8887076E4E.tmp' to '../../../../../../Users/doria/Documents/GitHub/MyProject/Content/_MapFolder/GamesMaps/Level1_BuiltData.uasset'
[2020.09.10-13.15.41:136][856]AssetCheck: New page: Asset Save: multiple assets
[2020.09.10-13.15.41:136][856]LogContentValidation: Display: Validating World /Game/_MapFolder/GamesMaps/Level1.Level1
[2020.09.10-13.15.41:136][856]LogContentValidation: Display: Validating MapBuildDataRegistry /Game/_MapFolder/GamesMaps/Level1_BuiltData.Level1_BuiltData
[2020.09.10-13.15.42:497][ 12]LogTemp: Repeating last play command: Selected Viewport
[2020.09.10-13.15.42:529][ 12]LogPlayLevel: PlayLevel: No blueprints needed recompiling
[2020.09.10-13.15.42:533][ 12]PIE: New page: PIE session: Level1 (10 sept. 2020 à 17:15:42)
[2020.09.10-13.15.42:534][ 12]LogOnline: OSS: Creating online subsystem instance for: NULL
[2020.09.10-13.15.42:537][ 12]LogOnline: OSS: TryLoadSubsystemAndSetDefault: Loaded subsystem for module [NULL]
[2020.09.10-13.15.42:543][ 12]LogPlayLevel: Creating play world package: /Game/_MapFolder/GamesMaps/UEDPIE_0_Level1
[2020.09.10-13.15.42:563][ 12]LogPlayLevel: PIE: StaticDuplicateObject took: (0.019761s)
[2020.09.10-13.15.42:564][ 12]LogAIModule: Creating AISystem for world Level1
[2020.09.10-13.15.42:564][ 12]LogAISub: UAISubsystem::UAISubsystem EnvQueryManager (000001C0959BF000), frame # 80012
[2020.09.10-13.15.42:564][ 12]LogAISub: UAISubsystem::UAISubsystem AIPerceptionSystem (000001C086FB0540), frame # 80012
[2020.09.10-13.15.42:565][ 12]LogPlayLevel: PIE: World Init took: (0.001614s)
[2020.09.10-13.15.42:565][ 12]LogPlayLevel: PIE: Created PIE world by copying editor world from /Game/_MapFolder/GamesMaps/Level1.Level1 to /Game/_MapFolder/GamesMaps/UEDPIE_0_Level1.Level1 (0.021614s)
[2020.09.10-13.15.42:587][ 12]LogUObjectHash: Compacting FUObjectHashTables data took   2.39ms
[2020.09.10-13.15.42:588][ 12]LogAudioMixer: Display: Audio Mixer Platform Settings:
[2020.09.10-13.15.42:588][ 12]LogAudioMixer: Display: 	Sample Rate:						  48000
[2020.09.10-13.15.42:588][ 12]LogAudioMixer: Display: 	Callback Buffer Frame Size Requested: 1024
[2020.09.10-13.15.42:588][ 12]LogAudioMixer: Display: 	Callback Buffer Frame Size To Use:	  1024
[2020.09.10-13.15.42:588][ 12]LogAudioMixer: Display: 	Number of buffers to queue:			  2
[2020.09.10-13.15.42:588][ 12]LogAudioMixer: Display: 	Max Channels (voices):				  32
[2020.09.10-13.15.42:588][ 12]LogAudioMixer: Display: 	Number of Async Source Workers:		  0
[2020.09.10-13.15.42:588][ 12]LogAudio: Display: AudioDevice MaxSources: 32
[2020.09.10-13.15.42:588][ 12]LogAudio: Display: Using built-in audio occlusion.
[2020.09.10-13.15.42:589][ 12]LogAudioMixer: Display: Initializing audio mixer.
[2020.09.10-13.15.42:592][ 12]LogAudioMixer: Display: 0: FrontLeft
[2020.09.10-13.15.42:592][ 12]LogAudioMixer: Display: 1: FrontRight
[2020.09.10-13.15.42:629][ 12]LogAudioMixer: Display: Using Audio Device Haut-parleurs (Realtek High Definition Audio)
[2020.09.10-13.15.42:629][ 12]LogAudioMixer: Display: Initializing Sound Submixes...
[2020.09.10-13.15.42:629][ 12]LogAudioMixer: Display: Creating Master Submix 'MasterSubmixDefault'
[2020.09.10-13.15.42:629][ 12]LogAudioMixer: Display: Creating Master Submix 'MasterReverbSubmixDefault'
[2020.09.10-13.15.42:630][ 12]LogAudioMixer: Display: Creating Master Submix 'MasterEQSubmixDefault'
[2020.09.10-13.15.42:646][ 12]LogInit: FAudioDevice initialized.
[2020.09.10-13.15.42:657][ 12]LogLoad: Game class is 'PlayerGM_C'
[2020.09.10-13.15.42:660][ 12]LogWorld: Bringing World /Game/_MapFolder/GamesMaps/UEDPIE_0_Level1.Level1 up for play (max tick rate 0) at 2020.09.10-15.15.42
[2020.09.10-13.15.42:661][ 12]LogWorld: Bringing up level for play took: 0.001787
[2020.09.10-13.15.42:661][ 12]LogNavigation: Warning: Recreating dtNavMesh instance due to saved navmesh origin (X=171.437 Y=0.000 Z=150.390, usually the RecastNavMesh location) not being aligned with tile size (988 uu) 
[2020.09.10-13.15.42:679][ 12]LogOnline: OSS: Creating online subsystem instance for: :Context_4
[2020.09.10-13.15.42:696][ 12]LogContentBrowser: Native class hierarchy updated for 'MovieSceneCapture' in 0.0005 seconds. Added 20 classes and 0 folders.
[2020.09.10-13.15.42:706][ 12]LogMaterial: Warning: Material /DatasmithContent/Materials/FBXImporter/VRED/Glass.Glass missing bUsedWithSkeletalMesh=True! Default Material will be used in game.
[2020.09.10-13.15.42:706][ 12]LogMaterial: Warning:      The material will recompile every editor launch until resaved.
[2020.09.10-13.15.42:706][ 12]LogSkeletalMesh: Error: Material with missing usage flag was applied to skeletal mesh /Game/Player/3D/Mesh/Mesh_Character.Mesh_Character
