Log file open, 08/06/20 12:01:30
LogInit: Display: Running engine for game: Unending
LogPlatformFile: Not using cached read wrapper
LogTaskGraph: Started task graph with 5 named threads and 47 total threads with 3 sets of task threads.
LogStats: Stats thread started at 2.823193
LogD3D11RHI: Loaded GFSDK_Aftermath_Lib.x64.dll
LogICUInternationalization: ICU TimeZone Detection - Raw Offset: +1:00, Platform Override: ''
LogPluginManager: Mounting plugin Paper2D
LogPluginManager: Mounting plugin AISupport
LogPluginManager: Mounting plugin LightPropagationVolume
LogPluginManager: Mounting plugin CameraShakePreviewer
LogPluginManager: Mounting plugin ActorLayerUtilities
LogPluginManager: Mounting plugin AnimationSharing
LogPluginManager: Mounting plugin CLionSourceCodeAccess
LogPluginManager: Mounting plugin CodeLiteSourceCodeAccess
LogPluginManager: Mounting plugin GitSourceControl
LogPluginManager: Mounting plugin KDevelopSourceCodeAccess
LogPluginManager: Mounting plugin NullSourceCodeAccess
LogPluginManager: Mounting plugin PerforceSourceControl
LogPluginManager: Mounting plugin PlasticSourceControl
LogPluginManager: Mounting plugin RiderSourceCodeAccess
LogPluginManager: Mounting plugin SubversionSourceControl
LogPluginManager: Mounting plugin UObjectPlugin
LogPluginManager: Mounting plugin VisualStudioCodeSourceCodeAccess
LogPluginManager: Mounting plugin VisualStudioSourceCodeAccess
LogPluginManager: Mounting plugin XCodeSourceCodeAccess
LogPluginManager: Mounting plugin AssetManagerEditor
LogPluginManager: Mounting plugin CryptoKeys
LogPluginManager: Mounting plugin CurveEditorTools
LogPluginManager: Mounting plugin DataValidation
LogPluginManager: Mounting plugin EditorScriptingUtilities
LogPluginManager: Mounting plugin FacialAnimation
LogPluginManager: Mounting plugin GameplayTagsEditor
LogPluginManager: Mounting plugin GeometryMode
LogPluginManager: Mounting plugin MacGraphicsSwitching
LogPluginManager: Mounting plugin MaterialAnalyzer
LogPluginManager: Mounting plugin MobileLauncherProfileWizard
LogPluginManager: Mounting plugin PluginBrowser
LogPluginManager: Mounting plugin SpeedTreeImporter
LogPluginManager: Mounting plugin DatasmithContent
LogPluginManager: Mounting plugin VariantManagerContent
LogPluginManager: Mounting plugin AlembicImporter
LogPluginManager: Mounting plugin AutomationUtils
LogPluginManager: Mounting plugin BackChannel
LogPluginManager: Mounting plugin ChaosCloth
LogPluginManager: Mounting plugin ChaosClothEditor
LogPluginManager: Mounting plugin ChaosEditor
LogPluginManager: Mounting plugin ChaosNiagara
LogPluginManager: Mounting plugin ChaosSolverPlugin
LogPluginManager: Mounting plugin CharacterAI
LogPluginManager: Mounting plugin GeometryCache
LogPluginManager: Mounting plugin GeometryCollectionPlugin
LogPluginManager: Mounting plugin GeometryProcessing
LogPluginManager: Mounting plugin PlanarCut
LogPluginManager: Mounting plugin PlatformCrypto
LogPluginManager: Mounting plugin ProxyLODPlugin
LogPluginManager: Mounting plugin PythonScriptPlugin
LogPluginManager: Mounting plugin SkeletalReduction
LogPluginManager: Mounting plugin Niagara
LogPluginManager: Mounting plugin MagicLeap
LogPluginManager: Mounting plugin MagicLeapLightEstimation
LogPluginManager: Mounting plugin MagicLeapMedia
LogPluginManager: Mounting plugin MagicLeapPassableWorld
LogPluginManager: Mounting plugin MLSDK
LogPluginManager: Mounting plugin AutoSizeComments
LogPluginManager: Mounting plugin AndroidMedia
LogPluginManager: Mounting plugin AvfMedia
LogPluginManager: Mounting plugin ImgMedia
LogPluginManager: Mounting plugin MediaCompositing
LogPluginManager: Mounting plugin MediaPlayerEditor
LogPluginManager: Mounting plugin WebMMedia
LogPluginManager: Mounting plugin WmfMedia
LogPluginManager: Mounting plugin MegascansPlugin
LogPluginManager: Mounting plugin MeshPainting
LogPluginManager: Mounting plugin TcpMessaging
LogPluginManager: Mounting plugin UdpMessaging
LogPluginManager: Mounting plugin ActorSequence
LogPluginManager: Mounting plugin LevelSequenceEditor
LogPluginManager: Mounting plugin MatineeToLevelSequence
LogPluginManager: Mounting plugin MovieRenderPipeline
LogPluginManager: Mounting plugin TemplateSequence
LogPluginManager: Mounting plugin NetcodeUnitTest
LogPluginManager: Mounting plugin NUTUnrealEngine4
LogPluginManager: Mounting plugin OnlineSubsystemGooglePlay
LogPluginManager: Mounting plugin OnlineSubsystemIOS
LogPluginManager: Mounting plugin OnlineSubsystem
LogPluginManager: Mounting plugin OnlineSubsystemNull
LogPluginManager: Mounting plugin OnlineSubsystemUtils
LogPluginManager: Mounting plugin LauncherChunkInstaller
LogPluginManager: Mounting plugin AndroidDeviceProfileSelector
LogPluginManager: Mounting plugin AndroidMoviePlayer
LogPluginManager: Mounting plugin AndroidPermission
LogPluginManager: Mounting plugin AppleImageUtils
LogPluginManager: Mounting plugin AppleMoviePlayer
LogPluginManager: Mounting plugin ArchVisCharacter
LogPluginManager: Mounting plugin AssetTags
LogPluginManager: Mounting plugin AudioCapture
LogPluginManager: Mounting plugin CableComponent
LogPluginManager: Mounting plugin CustomMeshComponent
LogPluginManager: Mounting plugin EditableMesh
LogPluginManager: Mounting plugin ExampleDeviceProfileSelector
LogPluginManager: Mounting plugin GoogleCloudMessaging
LogPluginManager: Mounting plugin GooglePAD
LogPluginManager: Mounting plugin IOSDeviceProfileSelector
LogPluginManager: Mounting plugin LinuxDeviceProfileSelector
LogPluginManager: Mounting plugin LocationServicesBPLibrary
LogPluginManager: Mounting plugin MobilePatchingUtils
LogPluginManager: Mounting plugin OculusVR
LogPluginManager: Mounting plugin PhysXVehicles
LogPluginManager: Mounting plugin PostSplashScreen
LogPluginManager: Mounting plugin ProceduralMeshComponent
LogPluginManager: Mounting plugin RuntimePhysXCooking
LogPluginManager: Mounting plugin SignificanceManager
LogPluginManager: Mounting plugin SoundFields
LogPluginManager: Mounting plugin SteamVR
LogPluginManager: Mounting plugin Synthesis
LogPluginManager: Mounting plugin WebMMoviePlayer
LogPluginManager: Mounting plugin WindowsMoviePlayer
LogPluginManager: Mounting plugin ScreenshotTools
LogInit: Using libcurl 7.55.1-DEV
LogInit:  - built for x86_64-pc-win32
LogInit:  - supports SSL with OpenSSL/1.1.1
LogInit:  - supports HTTP deflate (compression) using libz 1.2.8
LogInit:  - other features:
LogInit:      CURL_VERSION_SSL
LogInit:      CURL_VERSION_LIBZ
LogInit:      CURL_VERSION_IPV6
LogInit:      CURL_VERSION_ASYNCHDNS
LogInit:      CURL_VERSION_LARGEFILE
LogInit:      CURL_VERSION_IDN
LogInit:  CurlRequestOptions (configurable via config and command line):
LogInit:  - bVerifyPeer = true  - Libcurl will verify peer certificate
LogInit:  - bUseHttpProxy = false  - Libcurl will NOT use HTTP proxy
LogInit:  - bDontReuseConnections = false  - Libcurl will reuse connections
LogInit:  - MaxHostConnections = 16  - Libcurl will limit the number of connections to a host
LogInit:  - LocalHostAddr = Default
LogInit:  - BufferSize = 65536
LogOnline: OSS: Creating online subsystem instance for: NULL
LogInit: WinSock: version 1.1 (2.2), MaxSocks=32767, MaxUdp=65467
LogOnline: OSS: TryLoadSubsystemAndSetDefault: Loaded subsystem for module [NULL]
LogInit: Build: ++UE4+Release-4.25-CL-13594126
LogInit: Engine Version: 4.25.1-13594126+++UE4+Release-4.25
LogInit: Compatible Engine Version: 4.25.0-13144385+++UE4+Release-4.25
LogInit: Net CL: 13144385
LogInit: OS: Windows 10 (Release 1909) (), CPU: AMD Ryzen 7 2700X Eight-Core Processor         , GPU: NVIDIA GeForce RTX 2060 SUPER
LogInit: Compiled (64-bit): Jun  2 2020 02:10:36
LogInit: Compiled with Visual C++: 19.24.28315.00
LogInit: Build Configuration: Development
LogInit: Branch Name: ++UE4+Release-4.25
LogInit: Command Line: 
LogInit: Base Directory: C:/Program Files/Epic Games/UE_4.25/Engine/Binaries/Win64/
LogInit: Allocator: TBB
LogInit: Installed Engine Build: 1
LogDevObjectVersion: Number of dev versions registered: 26
LogDevObjectVersion:   Dev-Blueprints (B0D832E4-1F89-4F0D-ACCF-7EB736FD4AA2): 10
LogDevObjectVersion:   Dev-Build (E1C64328-A22C-4D53-A36C-8E866417BD8C): 0
LogDevObjectVersion:   Dev-Core (375EC13C-06E4-48FB-B500-84F0262A717E): 4
LogDevObjectVersion:   Dev-Editor (E4B068ED-F494-42E9-A231-DA0B2E46BB41): 38
LogDevObjectVersion:   Dev-Framework (CFFC743F-43B0-4480-9391-14DF171D2073): 37
LogDevObjectVersion:   Dev-Mobile (B02B49B5-BB20-44E9-A304-32B752E40360): 2
LogDevObjectVersion:   Dev-Networking (A4E4105C-59A1-49B5-A7C5-40C4547EDFEE): 0
LogDevObjectVersion:   Dev-Online (39C831C9-5AE6-47DC-9A44-9C173E1C8E7C): 0
LogDevObjectVersion:   Dev-Physics (78F01B33-EBEA-4F98-B9B4-84EACCB95AA2): 4
LogDevObjectVersion:   Dev-Platform (6631380F-2D4D-43E0-8009-CF276956A95A): 0
LogDevObjectVersion:   Dev-Rendering (12F88B9F-8875-4AFC-A67C-D90C383ABD29): 43
LogDevObjectVersion:   Dev-Sequencer (7B5AE74C-D270-4C10-A958-57980B212A5A): 12
LogDevObjectVersion:   Dev-VR (D7296918-1DD6-4BDD-9DE2-64A83CC13884): 3
LogDevObjectVersion:   Dev-LoadTimes (C2A15278-BFE7-4AFE-6C17-90FF531DF755): 1
LogDevObjectVersion:   Private-Geometry (6EACA3D4-40EC-4CC1-B786-8BED09428FC5): 3
LogDevObjectVersion:   Dev-AnimPhys (29E575DD-E0A3-4627-9D10-D276232CDCEA): 17
LogDevObjectVersion:   Dev-Anim (AF43A65D-7FD3-4947-9873-3E8ED9C1BB05): 7
LogDevObjectVersion:   Dev-ReflectionCapture (6B266CEC-1EC7-4B8F-A30B-E4D90942FC07): 1
LogDevObjectVersion:   Dev-Automation (0DF73D61-A23F-47EA-B727-89E90C41499A): 1
LogDevObjectVersion:   FortniteMain (601D1886-AC64-4F84-AA16-D3DE0DEAC7D6): 31
LogDevObjectVersion:   Dev-Enterprise (9DFFBCD6-494F-0158-E221-12823C92A888): 10
LogDevObjectVersion:   Dev-Niagara (F2AED0AC-9AFE-416F-8664-AA7FFA26D6FC): 1
LogDevObjectVersion:   Dev-Destruction (174F1F0B-B4C6-45A5-B13F-2EE8D0FB917D): 10
LogDevObjectVersion:   Dev-Physics-Ext (35F94A83-E258-406C-A318-09F59610247C): 37
LogDevObjectVersion:   Dev-PhysicsMaterial-Chaos (B68FC16E-8B1B-42E2-B453-215C058844FE): 1
LogDevObjectVersion:   Dev-CineCamera (B2E18506-4273-CFC2-A54E-F4BB758BBA07): 1
LogInit: Presizing for max 25165824 objects, including 0 objects not considered by GC, pre-allocating 0 bytes for permanent pool.
LogConfig: Applying CVar settings from Section [/Script/Engine.StreamingSettings] File [C:/Users/doria/Documents/GitHub/Unending/MyProject/Saved/Config/Windows/Engine.ini]
LogConfig: Setting CVar [[s.MinBulkDataSizeForAsyncLoading:131072]]
LogConfig: Setting CVar [[s.AsyncLoadingThreadEnabled:0]]
LogConfig: Setting CVar [[s.EventDrivenLoaderEnabled:1]]
LogConfig: Setting CVar [[s.WarnIfTimeLimitExceeded:0]]
LogConfig: Setting CVar [[s.TimeLimitExceededMultiplier:1.5]]
LogConfig: Setting CVar [[s.TimeLimitExceededMinTime:0.005]]
LogConfig: Setting CVar [[s.UseBackgroundLevelStreaming:1]]
LogConfig: Setting CVar [[s.PriorityAsyncLoadingExtraTime:15.0]]
LogConfig: Setting CVar [[s.LevelStreamingActorsUpdateTimeLimit:5.0]]
LogConfig: Setting CVar [[s.PriorityLevelStreamingActorsUpdateExtraTime:5.0]]
LogConfig: Setting CVar [[s.LevelStreamingComponentsRegistrationGranularity:10]]
LogConfig: Setting CVar [[s.UnregisterComponentsTimeLimit:1.0]]
LogConfig: Setting CVar [[s.LevelStreamingComponentsUnregistrationGranularity:5]]
LogConfig: Setting CVar [[s.FlushStreamingOnExit:1]]
LogInit: Object subsystem initialized
LogConfig: Setting CVar [[con.DebugEarlyDefault:1]]
LogConfig: Setting CVar [[r.setres:1280x720]]
[2020.08.06-10.01.30:512][  0]LogConfig: Setting CVar [[r.VSync:0]]
[2020.08.06-10.01.30:512][  0]LogConfig: Setting CVar [[r.RHICmdBypass:0]]
[2020.08.06-10.01.30:512][  0]LogConfig: Applying CVar settings from Section [/Script/Engine.RendererSettings] File [C:/Users/doria/Documents/GitHub/Unending/MyProject/Saved/Config/Windows/Engine.ini]
[2020.08.06-10.01.30:512][  0]LogConfig: Setting CVar [[r.GPUCrashDebugging:0]]
[2020.08.06-10.01.30:512][  0]LogConfig: Applying CVar settings from Section [/Script/Engine.RendererOverrideSettings] File [C:/Users/doria/Documents/GitHub/Unending/MyProject/Saved/Config/Windows/Engine.ini]
[2020.08.06-10.01.30:512][  0]LogConfig: Applying CVar settings from Section [/Script/Engine.StreamingSettings] File [C:/Users/doria/Documents/GitHub/Unending/MyProject/Saved/Config/Windows/Engine.ini]
[2020.08.06-10.01.30:512][  0]LogConfig: Setting CVar [[s.MinBulkDataSizeForAsyncLoading:131072]]
[2020.08.06-10.01.30:512][  0]LogConfig: Setting CVar [[s.AsyncLoadingThreadEnabled:0]]
[2020.08.06-10.01.30:512][  0]LogConfig: Setting CVar [[s.EventDrivenLoaderEnabled:1]]
[2020.08.06-10.01.30:512][  0]LogConfig: Setting CVar [[s.WarnIfTimeLimitExceeded:0]]
[2020.08.06-10.01.30:512][  0]LogConfig: Setting CVar [[s.TimeLimitExceededMultiplier:1.5]]
[2020.08.06-10.01.30:512][  0]LogConfig: Setting CVar [[s.TimeLimitExceededMinTime:0.005]]
[2020.08.06-10.01.30:512][  0]LogConfig: Setting CVar [[s.UseBackgroundLevelStreaming:1]]
[2020.08.06-10.01.30:512][  0]LogConfig: Setting CVar [[s.PriorityAsyncLoadingExtraTime:15.0]]
[2020.08.06-10.01.30:512][  0]LogConfig: Setting CVar [[s.LevelStreamingActorsUpdateTimeLimit:5.0]]
[2020.08.06-10.01.30:512][  0]LogConfig: Setting CVar [[s.PriorityLevelStreamingActorsUpdateExtraTime:5.0]]
[2020.08.06-10.01.30:512][  0]LogConfig: Setting CVar [[s.LevelStreamingComponentsRegistrationGranularity:10]]
[2020.08.06-10.01.30:512][  0]LogConfig: Setting CVar [[s.UnregisterComponentsTimeLimit:1.0]]
[2020.08.06-10.01.30:512][  0]LogConfig: Setting CVar [[s.LevelStreamingComponentsUnregistrationGranularity:5]]
[2020.08.06-10.01.30:512][  0]LogConfig: Setting CVar [[s.FlushStreamingOnExit:1]]
[2020.08.06-10.01.30:512][  0]LogConfig: Applying CVar settings from Section [/Script/Engine.GarbageCollectionSettings] File [C:/Users/doria/Documents/GitHub/Unending/MyProject/Saved/Config/Windows/Engine.ini]
[2020.08.06-10.01.30:512][  0]LogConfig: Setting CVar [[gc.MaxObjectsNotConsideredByGC:1]]
[2020.08.06-10.01.30:512][  0]LogConfig: Setting CVar [[gc.SizeOfPermanentObjectPool:0]]
[2020.08.06-10.01.30:512][  0]LogConfig: Setting CVar [[gc.FlushStreamingOnGC:0]]
[2020.08.06-10.01.30:512][  0]LogConfig: Setting CVar [[gc.NumRetriesBeforeForcingGC:10]]
[2020.08.06-10.01.30:512][  0]LogConfig: Setting CVar [[gc.AllowParallelGC:1]]
[2020.08.06-10.01.30:512][  0]LogConfig: Setting CVar [[gc.TimeBetweenPurgingPendingKillObjects:61.1]]
[2020.08.06-10.01.30:512][  0]LogConfig: Setting CVar [[gc.MaxObjectsInEditor:25165824]]
[2020.08.06-10.01.30:512][  0]LogConfig: Setting CVar [[gc.IncrementalBeginDestroyEnabled:1]]
[2020.08.06-10.01.30:512][  0]LogConfig: Setting CVar [[gc.CreateGCClusters:1]]
[2020.08.06-10.01.30:512][  0]LogConfig: Setting CVar [[gc.MinGCClusterSize:5]]
[2020.08.06-10.01.30:512][  0]LogConfig: Setting CVar [[gc.ActorClusteringEnabled:0]]
[2020.08.06-10.01.30:512][  0]LogConfig: Setting CVar [[gc.BlueprintClusteringEnabled:0]]
[2020.08.06-10.01.30:512][  0]LogConfig: Setting CVar [[gc.UseDisregardForGCOnDedicatedServers:0]]
[2020.08.06-10.01.30:513][  0]LogConfig: Applying CVar settings from Section [/Script/Engine.NetworkSettings] File [C:/Users/doria/Documents/GitHub/Unending/MyProject/Saved/Config/Windows/Engine.ini]
[2020.08.06-10.01.30:513][  0]LogConfig: Applying CVar settings from Section [/Script/UnrealEd.CookerSettings] File [C:/Users/doria/Documents/GitHub/Unending/MyProject/Saved/Config/Windows/Engine.ini]
[2020.08.06-10.01.30:517][  0]LogConfig: Applying CVar settings from Section [ViewDistanceQuality@3] File [C:/Users/doria/Documents/GitHub/Unending/MyProject/Saved/Config/Windows/Scalability.ini]
[2020.08.06-10.01.30:517][  0]LogConfig: Setting CVar [[r.SkeletalMeshLODBias:0]]
[2020.08.06-10.01.30:517][  0]LogConfig: Setting CVar [[r.ViewDistanceScale:1.0]]
[2020.08.06-10.01.30:517][  0]LogConfig: Applying CVar settings from Section [AntiAliasingQuality@3] File [C:/Users/doria/Documents/GitHub/Unending/MyProject/Saved/Config/Windows/Scalability.ini]
[2020.08.06-10.01.30:517][  0]LogConfig: Setting CVar [[r.PostProcessAAQuality:4]]
[2020.08.06-10.01.30:517][  0]LogConfig: Applying CVar settings from Section [ShadowQuality@3] File [C:/Users/doria/Documents/GitHub/Unending/MyProject/Saved/Config/Windows/Scalability.ini]
[2020.08.06-10.01.30:517][  0]LogConfig: Setting CVar [[r.LightFunctionQuality:1]]
[2020.08.06-10.01.30:517][  0]LogConfig: Setting CVar [[r.ShadowQuality:5]]
[2020.08.06-10.01.30:517][  0]LogConfig: Setting CVar [[r.Shadow.CSM.MaxCascades:10]]
[2020.08.06-10.01.30:517][  0]LogConfig: Setting CVar [[r.Shadow.MaxResolution:2048]]
[2020.08.06-10.01.30:517][  0]LogConfig: Setting CVar [[r.Shadow.MaxCSMResolution:2048]]
[2020.08.06-10.01.30:517][  0]LogConfig: Setting CVar [[r.Shadow.RadiusThreshold:0.01]]
[2020.08.06-10.01.30:518][  0]LogConfig: Setting CVar [[r.Shadow.DistanceScale:1.0]]
[2020.08.06-10.01.30:518][  0]LogConfig: Setting CVar [[r.Shadow.CSM.TransitionScale:1.0]]
[2020.08.06-10.01.30:518][  0]LogConfig: Setting CVar [[r.Shadow.PreShadowResolutionFactor:1.0]]
[2020.08.06-10.01.30:518][  0]LogConfig: Setting CVar [[r.DistanceFieldShadowing:1]]
[2020.08.06-10.01.30:518][  0]LogConfig: Setting CVar [[r.DistanceFieldAO:1]]
[2020.08.06-10.01.30:518][  0]LogConfig: Setting CVar [[r.AOQuality:2]]
[2020.08.06-10.01.30:518][  0]LogConfig: Setting CVar [[r.VolumetricFog:1]]
[2020.08.06-10.01.30:518][  0]LogConfig: Setting CVar [[r.VolumetricFog.GridPixelSize:8]]
[2020.08.06-10.01.30:518][  0]LogConfig: Setting CVar [[r.VolumetricFog.GridSizeZ:128]]
[2020.08.06-10.01.30:518][  0]LogConfig: Setting CVar [[r.VolumetricFog.HistoryMissSupersampleCount:4]]
[2020.08.06-10.01.30:518][  0]LogConfig: Setting CVar [[r.LightMaxDrawDistanceScale:1]]
[2020.08.06-10.01.30:518][  0]LogConfig: Setting CVar [[r.CapsuleShadows:1]]
[2020.08.06-10.01.30:518][  0]LogConfig: Applying CVar settings from Section [PostProcessQuality@3] File [C:/Users/doria/Documents/GitHub/Unending/MyProject/Saved/Config/Windows/Scalability.ini]
[2020.08.06-10.01.30:518][  0]LogConfig: Setting CVar [[r.MotionBlurQuality:4]]
[2020.08.06-10.01.30:518][  0]LogConfig: Setting CVar [[r.AmbientOcclusionMipLevelFactor:0.4]]
[2020.08.06-10.01.30:518][  0]LogConfig: Setting CVar [[r.AmbientOcclusionMaxQuality:100]]
[2020.08.06-10.01.30:518][  0]LogConfig: Setting CVar [[r.AmbientOcclusionLevels:-1]]
[2020.08.06-10.01.30:518][  0]LogConfig: Setting CVar [[r.AmbientOcclusionRadiusScale:1.0]]
[2020.08.06-10.01.30:518][  0]LogConfig: Setting CVar [[r.DepthOfFieldQuality:2]]
[2020.08.06-10.01.30:518][  0]LogConfig: Setting CVar [[r.RenderTargetPoolMin:400]]
[2020.08.06-10.01.30:518][  0]LogConfig: Setting CVar [[r.LensFlareQuality:2]]
[2020.08.06-10.01.30:518][  0]LogConfig: Setting CVar [[r.SceneColorFringeQuality:1]]
[2020.08.06-10.01.30:518][  0]LogConfig: Setting CVar [[r.EyeAdaptationQuality:2]]
[2020.08.06-10.01.30:518][  0]LogConfig: Setting CVar [[r.BloomQuality:5]]
[2020.08.06-10.01.30:518][  0]LogConfig: Setting CVar [[r.FastBlurThreshold:100]]
[2020.08.06-10.01.30:518][  0]LogConfig: Setting CVar [[r.Upscale.Quality:3]]
[2020.08.06-10.01.30:518][  0]LogConfig: Setting CVar [[r.Tonemapper.GrainQuantization:1]]
[2020.08.06-10.01.30:518][  0]LogConfig: Setting CVar [[r.LightShaftQuality:1]]
[2020.08.06-10.01.30:518][  0]LogConfig: Setting CVar [[r.Filter.SizeScale:1]]
[2020.08.06-10.01.30:518][  0]LogConfig: Setting CVar [[r.Tonemapper.Quality:5]]
[2020.08.06-10.01.30:518][  0]LogConfig: Setting CVar [[r.DOF.Gather.AccumulatorQuality:1        ; higher gathering accumulator quality]]
[2020.08.06-10.01.30:518][  0]LogConfig: Setting CVar [[r.DOF.Gather.PostfilterMethod:1          ; Median3x3 postfilering method]]
[2020.08.06-10.01.30:518][  0]LogConfig: Setting CVar [[r.DOF.Gather.EnableBokehSettings:0       ; no bokeh simulation when gathering]]
[2020.08.06-10.01.30:518][  0]LogConfig: Setting CVar [[r.DOF.Gather.RingCount:4                 ; medium number of samples when gathering]]
[2020.08.06-10.01.30:518][  0]LogConfig: Setting CVar [[r.DOF.Scatter.ForegroundCompositing:1    ; additive foreground scattering]]
[2020.08.06-10.01.30:518][  0]LogConfig: Setting CVar [[r.DOF.Scatter.BackgroundCompositing:2    ; additive background scattering]]
[2020.08.06-10.01.30:518][  0]LogConfig: Setting CVar [[r.DOF.Scatter.EnableBokehSettings:1      ; bokeh simulation when scattering]]
[2020.08.06-10.01.30:518][  0]LogConfig: Setting CVar [[r.DOF.Scatter.MaxSpriteRatio:0.1         ; only a maximum of 10% of scattered bokeh]]
[2020.08.06-10.01.30:518][  0]LogConfig: Setting CVar [[r.DOF.Recombine.Quality:1                ; cheap slight out of focus]]
[2020.08.06-10.01.30:518][  0]LogConfig: Setting CVar [[r.DOF.Recombine.EnableBokehSettings:0    ; no bokeh simulation on slight out of focus]]
[2020.08.06-10.01.30:518][  0]LogConfig: Setting CVar [[r.DOF.TemporalAAQuality:1                ; more stable temporal accumulation]]
[2020.08.06-10.01.30:518][  0]LogConfig: Setting CVar [[r.DOF.Kernel.MaxForegroundRadius:0.025]]
[2020.08.06-10.01.30:518][  0]LogConfig: Setting CVar [[r.DOF.Kernel.MaxBackgroundRadius:0.025]]
[2020.08.06-10.01.30:518][  0]LogConfig: Applying CVar settings from Section [TextureQuality@3] File [C:/Users/doria/Documents/GitHub/Unending/MyProject/Saved/Config/Windows/Scalability.ini]
[2020.08.06-10.01.30:518][  0]LogConfig: Setting CVar [[r.Streaming.MipBias:0]]
[2020.08.06-10.01.30:518][  0]LogConfig: Setting CVar [[r.Streaming.AmortizeCPUToGPUCopy:0]]
[2020.08.06-10.01.30:518][  0]LogConfig: Setting CVar [[r.Streaming.MaxNumTexturesToStreamPerFrame:0]]
[2020.08.06-10.01.30:518][  0]LogConfig: Setting CVar [[r.Streaming.Boost:1]]
[2020.08.06-10.01.30:518][  0]LogConfig: Setting CVar [[r.MaxAnisotropy:8]]
[2020.08.06-10.01.30:518][  0]LogConfig: Setting CVar [[r.VT.MaxAnisotropy:8]]
[2020.08.06-10.01.30:518][  0]LogConfig: Setting CVar [[r.Streaming.LimitPoolSizeToVRAM:0]]
[2020.08.06-10.01.30:518][  0]LogConfig: Setting CVar [[r.Streaming.PoolSize:1000]]
[2020.08.06-10.01.30:518][  0]LogConfig: Setting CVar [[r.Streaming.MaxEffectiveScreenSize:0]]
[2020.08.06-10.01.30:518][  0]LogConfig: Applying CVar settings from Section [EffectsQuality@3] File [C:/Users/doria/Documents/GitHub/Unending/MyProject/Saved/Config/Windows/Scalability.ini]
[2020.08.06-10.01.30:518][  0]LogConfig: Setting CVar [[r.TranslucencyLightingVolumeDim:64]]
[2020.08.06-10.01.30:518][  0]LogConfig: Setting CVar [[r.RefractionQuality:2]]
[2020.08.06-10.01.30:518][  0]LogConfig: Setting CVar [[r.SSR.Quality:3]]
[2020.08.06-10.01.30:518][  0]LogConfig: Setting CVar [[r.SSR.HalfResSceneColor:0]]
[2020.08.06-10.01.30:518][  0]LogConfig: Setting CVar [[r.SceneColorFormat:4]]
[2020.08.06-10.01.30:518][  0]LogConfig: Setting CVar [[r.DetailMode:2]]
[2020.08.06-10.01.30:518][  0]LogConfig: Setting CVar [[r.TranslucencyVolumeBlur:1]]
[2020.08.06-10.01.30:518][  0]LogConfig: Setting CVar [[r.MaterialQualityLevel:1 ; High quality]]
[2020.08.06-10.01.30:518][  0]LogConfig: Setting CVar [[r.SSS.Scale:1]]
[2020.08.06-10.01.30:518][  0]LogConfig: Setting CVar [[r.SSS.SampleSet:2]]
[2020.08.06-10.01.30:518][  0]LogConfig: Setting CVar [[r.SSS.Quality:1]]
[2020.08.06-10.01.30:518][  0]LogConfig: Setting CVar [[r.SSS.HalfRes:0]]
[2020.08.06-10.01.30:518][  0]LogConfig: Setting CVar [[r.SSGI.Quality:3]]
[2020.08.06-10.01.30:518][  0]LogConfig: Setting CVar [[r.EmitterSpawnRateScale:1.0]]
[2020.08.06-10.01.30:518][  0]LogConfig: Setting CVar [[r.ParticleLightQuality:2]]
[2020.08.06-10.01.30:518][  0]LogConfig: Setting CVar [[r.SkyAtmosphere.AerialPerspectiveLUT.FastApplyOnOpaque:1 ; Always have FastSkyLUT 1 in this case to avoid wrong sky]]
[2020.08.06-10.01.30:518][  0]LogConfig: Setting CVar [[r.SkyAtmosphere.AerialPerspectiveLUT.SampleCountPerSlice:1]]
[2020.08.06-10.01.30:519][  0]LogConfig: Setting CVar [[r.SkyAtmosphere.AerialPerspectiveLUT.DepthResolution:16.0]]
[2020.08.06-10.01.30:519][  0]LogConfig: Setting CVar [[r.SkyAtmosphere.FastSkyLUT:1]]
[2020.08.06-10.01.30:519][  0]LogConfig: Setting CVar [[r.SkyAtmosphere.FastSkyLUT.SampleCountMin:4.0]]
[2020.08.06-10.01.30:519][  0]LogConfig: Setting CVar [[r.SkyAtmosphere.FastSkyLUT.SampleCountMax:32.0]]
[2020.08.06-10.01.30:519][  0]LogConfig: Setting CVar [[r.SkyAtmosphere.SampleCountMin:4.0]]
[2020.08.06-10.01.30:519][  0]LogConfig: Setting CVar [[r.SkyAtmosphere.SampleCountMax:32.0]]
[2020.08.06-10.01.30:519][  0]LogConfig: Setting CVar [[r.SkyAtmosphere.TransmittanceLUT.UseSmallFormat:0]]
[2020.08.06-10.01.30:519][  0]LogConfig: Setting CVar [[r.SkyAtmosphere.TransmittanceLUT.SampleCount:10.0]]
[2020.08.06-10.01.30:519][  0]LogConfig: Setting CVar [[r.SkyAtmosphere.MultiScatteringLUT.SampleCount:15.0]]
[2020.08.06-10.01.30:519][  0]LogConfig: Applying CVar settings from Section [FoliageQuality@3] File [C:/Users/doria/Documents/GitHub/Unending/MyProject/Saved/Config/Windows/Scalability.ini]
[2020.08.06-10.01.30:519][  0]LogConfig: Setting CVar [[foliage.DensityScale:1.0]]
[2020.08.06-10.01.30:519][  0]LogConfig: Setting CVar [[grass.DensityScale:1.0]]
[2020.08.06-10.01.30:519][  0]LogConfig: Applying CVar settings from Section [ShadingQuality@3] File [C:/Users/doria/Documents/GitHub/Unending/MyProject/Saved/Config/Windows/Scalability.ini]
[2020.08.06-10.01.30:519][  0]LogConfig: Setting CVar [[r.HairStrands.SkyLighting.SampleCount:16]]
[2020.08.06-10.01.30:519][  0]LogConfig: Setting CVar [[r.HairStrands.SkyLighting.JitterIntegration:0]]
[2020.08.06-10.01.30:519][  0]LogConfig: Setting CVar [[r.HairStrands.SkyAO.SampleCount:16]]
[2020.08.06-10.01.30:519][  0]LogConfig: Setting CVar [[r.HairStrands.DeepShadow.SuperSampling:0]]
[2020.08.06-10.01.30:519][  0]LogConfig: Setting CVar [[r.HairStrands.VisibilityPPLL:0]]
[2020.08.06-10.01.30:519][  0]LogConfig: Setting CVar [[r.HairStrands.RasterizationScale:0.5]]
[2020.08.06-10.01.30:519][  0]LogConfig: Setting CVar [[r.HairStrands.VelocityRasterizationScale:1]]
[2020.08.06-10.01.30:519][  0]LogInit: Selected Device Profile: [Windows]
[2020.08.06-10.01.30:519][  0]LogInit: Applying CVar settings loaded from the selected device profile: [Windows]
[2020.08.06-10.01.30:519][  0]LogHAL: Display: Platform has ~ 32 GB [34287583232 / 34359738368 / 32], which maps to Largest [LargestMinGB=32, LargerMinGB=12, DefaultMinGB=8, SmallerMinGB=6, SmallestMinGB=0)
[2020.08.06-10.01.30:519][  0]LogInit: Going up to parent DeviceProfile []
[2020.08.06-10.01.30:519][  0]LogConfig: Applying CVar settings from Section [ViewDistanceQuality@3] File [C:/Users/doria/Documents/GitHub/Unending/MyProject/Saved/Config/Windows/Scalability.ini]
[2020.08.06-10.01.30:519][  0]LogConfig: Setting CVar [[r.SkeletalMeshLODBias:0]]
[2020.08.06-10.01.30:519][  0]LogConfig: Setting CVar [[r.ViewDistanceScale:1.0]]
[2020.08.06-10.01.30:519][  0]LogConfig: Applying CVar settings from Section [AntiAliasingQuality@3] File [C:/Users/doria/Documents/GitHub/Unending/MyProject/Saved/Config/Windows/Scalability.ini]
[2020.08.06-10.01.30:519][  0]LogConfig: Setting CVar [[r.PostProcessAAQuality:4]]
[2020.08.06-10.01.30:519][  0]LogConfig: Applying CVar settings from Section [ShadowQuality@3] File [C:/Users/doria/Documents/GitHub/Unending/MyProject/Saved/Config/Windows/Scalability.ini]
[2020.08.06-10.01.30:519][  0]LogConfig: Setting CVar [[r.LightFunctionQuality:1]]
[2020.08.06-10.01.30:519][  0]LogConfig: Setting CVar [[r.ShadowQuality:5]]
[2020.08.06-10.01.30:519][  0]LogConfig: Setting CVar [[r.Shadow.CSM.MaxCascades:10]]
[2020.08.06-10.01.30:519][  0]LogConfig: Setting CVar [[r.Shadow.MaxResolution:2048]]
[2020.08.06-10.01.30:519][  0]LogConfig: Setting CVar [[r.Shadow.MaxCSMResolution:2048]]
[2020.08.06-10.01.30:519][  0]LogConfig: Setting CVar [[r.Shadow.RadiusThreshold:0.01]]
[2020.08.06-10.01.30:519][  0]LogConfig: Setting CVar [[r.Shadow.DistanceScale:1.0]]
[2020.08.06-10.01.30:519][  0]LogConfig: Setting CVar [[r.Shadow.CSM.TransitionScale:1.0]]
[2020.08.06-10.01.30:519][  0]LogConfig: Setting CVar [[r.Shadow.PreShadowResolutionFactor:1.0]]
[2020.08.06-10.01.30:519][  0]LogConfig: Setting CVar [[r.DistanceFieldShadowing:1]]
[2020.08.06-10.01.30:519][  0]LogConfig: Setting CVar [[r.DistanceFieldAO:1]]
[2020.08.06-10.01.30:519][  0]LogConfig: Setting CVar [[r.AOQuality:2]]
[2020.08.06-10.01.30:519][  0]LogConfig: Setting CVar [[r.VolumetricFog:1]]
[2020.08.06-10.01.30:519][  0]LogConfig: Setting CVar [[r.VolumetricFog.GridPixelSize:8]]
[2020.08.06-10.01.30:519][  0]LogConfig: Setting CVar [[r.VolumetricFog.GridSizeZ:128]]
[2020.08.06-10.01.30:519][  0]LogConfig: Setting CVar [[r.VolumetricFog.HistoryMissSupersampleCount:4]]
[2020.08.06-10.01.30:519][  0]LogConfig: Setting CVar [[r.LightMaxDrawDistanceScale:1]]
[2020.08.06-10.01.30:519][  0]LogConfig: Setting CVar [[r.CapsuleShadows:1]]
[2020.08.06-10.01.30:519][  0]LogConfig: Applying CVar settings from Section [PostProcessQuality@3] File [C:/Users/doria/Documents/GitHub/Unending/MyProject/Saved/Config/Windows/Scalability.ini]
[2020.08.06-10.01.30:519][  0]LogConfig: Setting CVar [[r.MotionBlurQuality:4]]
[2020.08.06-10.01.30:519][  0]LogConfig: Setting CVar [[r.AmbientOcclusionMipLevelFactor:0.4]]
[2020.08.06-10.01.30:519][  0]LogConfig: Setting CVar [[r.AmbientOcclusionMaxQuality:100]]
[2020.08.06-10.01.30:519][  0]LogConfig: Setting CVar [[r.AmbientOcclusionLevels:-1]]
[2020.08.06-10.01.30:519][  0]LogConfig: Setting CVar [[r.AmbientOcclusionRadiusScale:1.0]]
[2020.08.06-10.01.30:519][  0]LogConfig: Setting CVar [[r.DepthOfFieldQuality:2]]
[2020.08.06-10.01.30:519][  0]LogConfig: Setting CVar [[r.RenderTargetPoolMin:400]]
[2020.08.06-10.01.30:519][  0]LogConfig: Setting CVar [[r.LensFlareQuality:2]]
[2020.08.06-10.01.30:519][  0]LogConfig: Setting CVar [[r.SceneColorFringeQuality:1]]
[2020.08.06-10.01.30:519][  0]LogConfig: Setting CVar [[r.EyeAdaptationQuality:2]]
[2020.08.06-10.01.30:519][  0]LogConfig: Setting CVar [[r.BloomQuality:5]]
[2020.08.06-10.01.30:519][  0]LogConfig: Setting CVar [[r.FastBlurThreshold:100]]
[2020.08.06-10.01.30:519][  0]LogConfig: Setting CVar [[r.Upscale.Quality:3]]
[2020.08.06-10.01.30:519][  0]LogConfig: Setting CVar [[r.Tonemapper.GrainQuantization:1]]
[2020.08.06-10.01.30:519][  0]LogConfig: Setting CVar [[r.LightShaftQuality:1]]
[2020.08.06-10.01.30:519][  0]LogConfig: Setting CVar [[r.Filter.SizeScale:1]]
[2020.08.06-10.01.30:520][  0]LogConfig: Setting CVar [[r.Tonemapper.Quality:5]]
[2020.08.06-10.01.30:520][  0]LogConfig: Setting CVar [[r.DOF.Gather.AccumulatorQuality:1        ; higher gathering accumulator quality]]
[2020.08.06-10.01.30:520][  0]LogConfig: Setting CVar [[r.DOF.Gather.PostfilterMethod:1          ; Median3x3 postfilering method]]
[2020.08.06-10.01.30:520][  0]LogConfig: Setting CVar [[r.DOF.Gather.EnableBokehSettings:0       ; no bokeh simulation when gathering]]
[2020.08.06-10.01.30:520][  0]LogConfig: Setting CVar [[r.DOF.Gather.RingCount:4                 ; medium number of samples when gathering]]
[2020.08.06-10.01.30:520][  0]LogConfig: Setting CVar [[r.DOF.Scatter.ForegroundCompositing:1    ; additive foreground scattering]]
[2020.08.06-10.01.30:520][  0]LogConfig: Setting CVar [[r.DOF.Scatter.BackgroundCompositing:2    ; additive background scattering]]
[2020.08.06-10.01.30:520][  0]LogConfig: Setting CVar [[r.DOF.Scatter.EnableBokehSettings:1      ; bokeh simulation when scattering]]
[2020.08.06-10.01.30:520][  0]LogConfig: Setting CVar [[r.DOF.Scatter.MaxSpriteRatio:0.1         ; only a maximum of 10% of scattered bokeh]]
[2020.08.06-10.01.30:520][  0]LogConfig: Setting CVar [[r.DOF.Recombine.Quality:1                ; cheap slight out of focus]]
[2020.08.06-10.01.30:520][  0]LogConfig: Setting CVar [[r.DOF.Recombine.EnableBokehSettings:0    ; no bokeh simulation on slight out of focus]]
[2020.08.06-10.01.30:520][  0]LogConfig: Setting CVar [[r.DOF.TemporalAAQuality:1                ; more stable temporal accumulation]]
[2020.08.06-10.01.30:520][  0]LogConfig: Setting CVar [[r.DOF.Kernel.MaxForegroundRadius:0.025]]
[2020.08.06-10.01.30:520][  0]LogConfig: Setting CVar [[r.DOF.Kernel.MaxBackgroundRadius:0.025]]
[2020.08.06-10.01.30:520][  0]LogConfig: Applying CVar settings from Section [TextureQuality@3] File [C:/Users/doria/Documents/GitHub/Unending/MyProject/Saved/Config/Windows/Scalability.ini]
[2020.08.06-10.01.30:520][  0]LogConfig: Setting CVar [[r.Streaming.MipBias:0]]
[2020.08.06-10.01.30:520][  0]LogConfig: Setting CVar [[r.Streaming.AmortizeCPUToGPUCopy:0]]
[2020.08.06-10.01.30:520][  0]LogConfig: Setting CVar [[r.Streaming.MaxNumTexturesToStreamPerFrame:0]]
[2020.08.06-10.01.30:520][  0]LogConfig: Setting CVar [[r.Streaming.Boost:1]]
[2020.08.06-10.01.30:520][  0]LogConfig: Setting CVar [[r.MaxAnisotropy:8]]
[2020.08.06-10.01.30:520][  0]LogConfig: Setting CVar [[r.VT.MaxAnisotropy:8]]
[2020.08.06-10.01.30:520][  0]LogConfig: Setting CVar [[r.Streaming.LimitPoolSizeToVRAM:0]]
[2020.08.06-10.01.30:520][  0]LogConfig: Setting CVar [[r.Streaming.PoolSize:1000]]
[2020.08.06-10.01.30:520][  0]LogConfig: Setting CVar [[r.Streaming.MaxEffectiveScreenSize:0]]
[2020.08.06-10.01.30:520][  0]LogConfig: Applying CVar settings from Section [EffectsQuality@3] File [C:/Users/doria/Documents/GitHub/Unending/MyProject/Saved/Config/Windows/Scalability.ini]
[2020.08.06-10.01.30:520][  0]LogConfig: Setting CVar [[r.TranslucencyLightingVolumeDim:64]]
[2020.08.06-10.01.30:520][  0]LogConfig: Setting CVar [[r.RefractionQuality:2]]
[2020.08.06-10.01.30:520][  0]LogConfig: Setting CVar [[r.SSR.Quality:3]]
[2020.08.06-10.01.30:520][  0]LogConfig: Setting CVar [[r.SSR.HalfResSceneColor:0]]
[2020.08.06-10.01.30:520][  0]LogConfig: Setting CVar [[r.SceneColorFormat:4]]
[2020.08.06-10.01.30:520][  0]LogConfig: Setting CVar [[r.DetailMode:2]]
[2020.08.06-10.01.30:520][  0]LogConfig: Setting CVar [[r.TranslucencyVolumeBlur:1]]
[2020.08.06-10.01.30:520][  0]LogConfig: Setting CVar [[r.MaterialQualityLevel:1 ; High quality]]
[2020.08.06-10.01.30:520][  0]LogConfig: Setting CVar [[r.SSS.Scale:1]]
[2020.08.06-10.01.30:520][  0]LogConfig: Setting CVar [[r.SSS.SampleSet:2]]
[2020.08.06-10.01.30:520][  0]LogConfig: Setting CVar [[r.SSS.Quality:1]]
[2020.08.06-10.01.30:520][  0]LogConfig: Setting CVar [[r.SSS.HalfRes:0]]
[2020.08.06-10.01.30:520][  0]LogConfig: Setting CVar [[r.SSGI.Quality:3]]
[2020.08.06-10.01.30:520][  0]LogConfig: Setting CVar [[r.EmitterSpawnRateScale:1.0]]
[2020.08.06-10.01.30:520][  0]LogConfig: Setting CVar [[r.ParticleLightQuality:2]]
[2020.08.06-10.01.30:520][  0]LogConfig: Setting CVar [[r.SkyAtmosphere.AerialPerspectiveLUT.FastApplyOnOpaque:1 ; Always have FastSkyLUT 1 in this case to avoid wrong sky]]
[2020.08.06-10.01.30:520][  0]LogConfig: Setting CVar [[r.SkyAtmosphere.AerialPerspectiveLUT.SampleCountPerSlice:1]]
[2020.08.06-10.01.30:520][  0]LogConfig: Setting CVar [[r.SkyAtmosphere.AerialPerspectiveLUT.DepthResolution:16.0]]
[2020.08.06-10.01.30:520][  0]LogConfig: Setting CVar [[r.SkyAtmosphere.FastSkyLUT:1]]
[2020.08.06-10.01.30:520][  0]LogConfig: Setting CVar [[r.SkyAtmosphere.FastSkyLUT.SampleCountMin:4.0]]
[2020.08.06-10.01.30:520][  0]LogConfig: Setting CVar [[r.SkyAtmosphere.FastSkyLUT.SampleCountMax:32.0]]
[2020.08.06-10.01.30:520][  0]LogConfig: Setting CVar [[r.SkyAtmosphere.SampleCountMin:4.0]]
[2020.08.06-10.01.30:520][  0]LogConfig: Setting CVar [[r.SkyAtmosphere.SampleCountMax:32.0]]
[2020.08.06-10.01.30:520][  0]LogConfig: Setting CVar [[r.SkyAtmosphere.TransmittanceLUT.UseSmallFormat:0]]
[2020.08.06-10.01.30:520][  0]LogConfig: Setting CVar [[r.SkyAtmosphere.TransmittanceLUT.SampleCount:10.0]]
[2020.08.06-10.01.30:520][  0]LogConfig: Setting CVar [[r.SkyAtmosphere.MultiScatteringLUT.SampleCount:15.0]]
[2020.08.06-10.01.30:520][  0]LogConfig: Applying CVar settings from Section [FoliageQuality@3] File [C:/Users/doria/Documents/GitHub/Unending/MyProject/Saved/Config/Windows/Scalability.ini]
[2020.08.06-10.01.30:520][  0]LogConfig: Setting CVar [[foliage.DensityScale:1.0]]
[2020.08.06-10.01.30:520][  0]LogConfig: Setting CVar [[grass.DensityScale:1.0]]
[2020.08.06-10.01.30:520][  0]LogConfig: Applying CVar settings from Section [ShadingQuality@3] File [C:/Users/doria/Documents/GitHub/Unending/MyProject/Saved/Config/Windows/Scalability.ini]
[2020.08.06-10.01.30:520][  0]LogConfig: Setting CVar [[r.HairStrands.SkyLighting.SampleCount:16]]
[2020.08.06-10.01.30:520][  0]LogConfig: Setting CVar [[r.HairStrands.SkyLighting.JitterIntegration:0]]
[2020.08.06-10.01.30:520][  0]LogConfig: Setting CVar [[r.HairStrands.SkyAO.SampleCount:16]]
[2020.08.06-10.01.30:520][  0]LogConfig: Setting CVar [[r.HairStrands.DeepShadow.SuperSampling:0]]
[2020.08.06-10.01.30:520][  0]LogConfig: Setting CVar [[r.HairStrands.VisibilityPPLL:0]]
[2020.08.06-10.01.30:520][  0]LogConfig: Setting CVar [[r.HairStrands.RasterizationScale:0.5]]
[2020.08.06-10.01.30:520][  0]LogConfig: Setting CVar [[r.HairStrands.VelocityRasterizationScale:1]]
[2020.08.06-10.01.30:520][  0]LogConfig: Applying CVar settings from Section [Startup] File [../../../Engine/Config/ConsoleVariables.ini]
[2020.08.06-10.01.30:521][  0]LogConfig: Setting CVar [[net.UseAdaptiveNetUpdateFrequency:0]]
[2020.08.06-10.01.30:521][  0]LogConfig: Setting CVar [[p.chaos.AllowCreatePhysxBodies:1]]
[2020.08.06-10.01.30:521][  0]LogConfig: Setting CVar [[fx.SkipVectorVMBackendOptimizations:1]]
[2020.08.06-10.01.30:521][  0]LogConfig: Applying CVar settings from Section [ConsoleVariables] File [C:/Users/doria/Documents/GitHub/Unending/MyProject/Saved/Config/Windows/Engine.ini]
[2020.08.06-10.01.30:521][  0]LogInit: Computer: DESKTOP-KHPFO13
[2020.08.06-10.01.30:521][  0]LogInit: User: doria
[2020.08.06-10.01.30:521][  0]LogInit: CPU Page size=4096, Cores=8
[2020.08.06-10.01.30:521][  0]LogInit: High frequency timer resolution =10.000000 MHz
[2020.08.06-10.01.30:521][  0]LogMemory: Memory total: Physical=31.9GB (32GB approx)
[2020.08.06-10.01.30:521][  0]LogMemory: Platform Memory Stats for Windows
[2020.08.06-10.01.30:521][  0]LogMemory: Process Physical Memory: 116.14 MB used, 116.14 MB peak
[2020.08.06-10.01.30:521][  0]LogMemory: Process Virtual Memory: 98.84 MB used, 98.84 MB peak
[2020.08.06-10.01.30:521][  0]LogMemory: Physical Memory: 8597.47 MB used,  24101.72 MB free, 32699.19 MB total
[2020.08.06-10.01.30:521][  0]LogMemory: Virtual Memory: 5190.52 MB used,  134212536.00 MB free, 134217728.00 MB total
[2020.08.06-10.01.30:528][  0]LogWindows: WindowsPlatformFeatures enabled
[2020.08.06-10.01.30:575][  0]LogInit: Physics initialised using underlying interface: PhysX
[2020.08.06-10.01.30:576][  0]LogInit: Using OS detected language (fr-FR).
[2020.08.06-10.01.30:576][  0]LogInit: Using OS detected locale (fr-FR).
[2020.08.06-10.01.30:584][  0]LogTextLocalizationManager: No specific localization for 'fr-FR' exists, so the 'fr' localization will be used.
[2020.08.06-10.01.30:585][  0]LogTextLocalizationResource: LocRes '../../../Engine/Content/Localization/Editor/fr/Editor.locres' could not be opened for reading!
[2020.08.06-10.01.30:585][  0]LogTextLocalizationResource: LocRes '../../../Engine/Content/Localization/EditorTutorials/fr/EditorTutorials.locres' could not be opened for reading!
[2020.08.06-10.01.30:585][  0]LogTextLocalizationResource: LocRes '../../../Engine/Content/Localization/Keywords/fr/Keywords.locres' could not be opened for reading!
[2020.08.06-10.01.30:585][  0]LogTextLocalizationResource: LocRes '../../../Engine/Content/Localization/Category/fr/Category.locres' could not be opened for reading!
[2020.08.06-10.01.30:585][  0]LogTextLocalizationResource: LocRes '../../../Engine/Content/Localization/ToolTips/fr/ToolTips.locres' could not be opened for reading!
[2020.08.06-10.01.30:585][  0]LogTextLocalizationResource: LocRes '../../../Engine/Content/Localization/PropertyNames/fr/PropertyNames.locres' could not be opened for reading!
[2020.08.06-10.01.30:585][  0]LogTextLocalizationResource: LocRes '../../../Engine/Content/Localization/Engine/fr/Engine.locres' could not be opened for reading!
[2020.08.06-10.01.30:586][  0]LogInit: Setting process to per monitor DPI aware
[2020.08.06-10.01.30:624][  0]LogSlate: New Slate User Created.  User Index 0, Is Virtual User: 0
[2020.08.06-10.01.30:624][  0]LogSlate: Slate User Registered.  User Index 0, Is Virtual User: 0
[2020.08.06-10.01.30:794][  0]LogHMD: Failed to initialize OpenVR with code 110
[2020.08.06-10.01.30:794][  0]LogD3D11RHI: D3D11 min allowed feature level: 11_0
[2020.08.06-10.01.30:794][  0]LogD3D11RHI: D3D11 max allowed feature level: 11_0
[2020.08.06-10.01.30:794][  0]LogD3D11RHI: D3D11 adapters:
[2020.08.06-10.01.30:870][  0]LogD3D11RHI:    0. 'NVIDIA GeForce RTX 2060 SUPER' (Feature Level 11_0)
[2020.08.06-10.01.30:870][  0]LogD3D11RHI:       8031/0/16349 MB DedicatedVideo/DedicatedSystem/SharedSystem, Outputs:2, VendorId:0x10de
[2020.08.06-10.01.30:872][  0]LogD3D11RHI:    1. 'Microsoft Basic Render Driver' (Feature Level 11_0)
[2020.08.06-10.01.30:872][  0]LogD3D11RHI:       0/0/16349 MB DedicatedVideo/DedicatedSystem/SharedSystem, Outputs:0, VendorId:0x1414
[2020.08.06-10.01.30:872][  0]LogD3D11RHI: Chosen D3D11 Adapter: 0
[2020.08.06-10.01.30:881][  0]LogD3D11RHI: Creating new Direct3DDevice
[2020.08.06-10.01.30:881][  0]LogD3D11RHI:     GPU DeviceId: 0x1f06 (for the marketing name, search the web for "GPU Device Id")
[2020.08.06-10.01.30:881][  0]LogWindows: EnumDisplayDevices:
[2020.08.06-10.01.30:881][  0]LogWindows:    0. 'NVIDIA GeForce RTX 2060 SUPER' (P:1 D:1)
[2020.08.06-10.01.30:881][  0]LogWindows:    1. 'NVIDIA GeForce RTX 2060 SUPER' (P:0 D:1)
[2020.08.06-10.01.30:882][  0]LogWindows:    2. 'NVIDIA GeForce RTX 2060 SUPER' (P:0 D:0)
[2020.08.06-10.01.30:882][  0]LogWindows:    3. 'NVIDIA GeForce RTX 2060 SUPER' (P:0 D:0)
[2020.08.06-10.01.30:882][  0]LogWindows: DebugString: FoundDriverCount:4 
[2020.08.06-10.01.30:882][  0]LogD3D11RHI:     Adapter Name: NVIDIA GeForce RTX 2060 SUPER
[2020.08.06-10.01.30:882][  0]LogD3D11RHI:   Driver Version: 451.67 (internal:27.21.14.5167, unified:451.67)
[2020.08.06-10.01.30:882][  0]LogD3D11RHI:      Driver Date: 7-5-2020
[2020.08.06-10.01.30:882][  0]LogRHI: Texture pool is 5621 MB (70% of 8031 MB)
[2020.08.06-10.01.30:939][  0]LogD3D11RHI: RHI has support for 64 bit atomics
[2020.08.06-10.01.30:941][  0]LogD3D11RHI: [Aftermath] Enabled and primed
[2020.08.06-10.01.30:941][  0]LogD3D11RHI: Async texture creation enabled
[2020.08.06-10.01.30:941][  0]LogD3D11RHI: Array index from any shader is supported
[2020.08.06-10.01.30:959][  0]LogD3D11RHI: GPU Timing Frequency: 1000.000000 (Debug: 2 1)
[2020.08.06-10.01.31:294][  0]LogTargetPlatformManager: Display: Loaded TargetPlatform 'AllDesktop'
[2020.08.06-10.01.31:320][  0]LogTargetPlatformManager: Display: Loaded TargetPlatform 'Android'
[2020.08.06-10.01.31:320][  0]LogTargetPlatformManager: Display: Loaded TargetPlatform 'Android_ASTC'
[2020.08.06-10.01.31:320][  0]LogTargetPlatformManager: Display: Loaded TargetPlatform 'Android_DXT'
[2020.08.06-10.01.31:320][  0]LogTargetPlatformManager: Display: Loaded TargetPlatform 'Android_ETC2'
[2020.08.06-10.01.31:320][  0]LogTargetPlatformManager: Display: Loaded TargetPlatform 'AndroidClient'
[2020.08.06-10.01.31:320][  0]LogTargetPlatformManager: Display: Loaded TargetPlatform 'Android_ASTCClient'
[2020.08.06-10.01.31:320][  0]LogTargetPlatformManager: Display: Loaded TargetPlatform 'Android_DXTClient'
[2020.08.06-10.01.31:320][  0]LogTargetPlatformManager: Display: Loaded TargetPlatform 'Android_ETC2Client'
[2020.08.06-10.01.31:320][  0]LogTargetPlatformManager: Display: Loaded TargetPlatform 'Android_Multi'
[2020.08.06-10.01.31:320][  0]LogTargetPlatformManager: Display: Loaded TargetPlatform 'Android_MultiClient'
[2020.08.06-10.01.31:350][  0]LogTargetPlatformManager: Display: Loaded TargetPlatform 'IOSClient'
[2020.08.06-10.01.31:350][  0]LogTargetPlatformManager: Display: Loaded TargetPlatform 'IOS'
[2020.08.06-10.01.31:363][  0]LogTargetPlatformManager: Display: Loaded TargetPlatform 'Linux'
[2020.08.06-10.01.31:374][  0]LogTargetPlatformManager: Display: Loaded TargetPlatform 'LinuxNoEditor'
[2020.08.06-10.01.31:385][  0]LogTargetPlatformManager: Display: Loaded TargetPlatform 'LinuxClient'
[2020.08.06-10.01.31:396][  0]LogTargetPlatformManager: Display: Loaded TargetPlatform 'LinuxServer'
[2020.08.06-10.01.31:407][  0]LogTargetPlatformManager: Display: Loaded TargetPlatform 'LinuxAArch64NoEditor'
[2020.08.06-10.01.31:418][  0]LogTargetPlatformManager: Display: Loaded TargetPlatform 'LinuxAArch64Client'
[2020.08.06-10.01.31:429][  0]LogTargetPlatformManager: Display: Loaded TargetPlatform 'LinuxAArch64Server'
[2020.08.06-10.01.31:460][  0]LogTargetPlatformManager: Display: Loaded TargetPlatform 'Lumin'
[2020.08.06-10.01.31:460][  0]LogTargetPlatformManager: Display: Loaded TargetPlatform 'LuminClient'
[2020.08.06-10.01.31:479][  0]LogTargetPlatformManager: Display: Loaded TargetPlatform 'TVOSClient'
[2020.08.06-10.01.31:479][  0]LogTargetPlatformManager: Display: Loaded TargetPlatform 'TVOS'
[2020.08.06-10.01.31:491][  0]LogTargetPlatformManager: Display: Loaded TargetPlatform 'WindowsNoEditor'
[2020.08.06-10.01.31:502][  0]LogTargetPlatformManager: Display: Loaded TargetPlatform 'Windows'
[2020.08.06-10.01.31:514][  0]LogTargetPlatformManager: Display: Loaded TargetPlatform 'WindowsClient'
[2020.08.06-10.01.31:524][  0]LogTargetPlatformManager: Display: Loaded TargetPlatform 'WindowsServer'
[2020.08.06-10.01.31:524][  0]LogTargetPlatformManager: Display: Building Assets For Windows
[2020.08.06-10.01.31:536][  0]LogAudioDebug: Display: Lib vorbis DLL was dynamically loaded.
[2020.08.06-10.01.31:617][  0]LogShaderCompilers: Guid format shader working directory is -20 characters bigger than the processId version (../../../../../../Users/doria/Documents/GitHub/Unending/MyProject/Intermediate/Shaders/WorkingDirectory/16376/).
[2020.08.06-10.01.31:618][  0]LogShaderCompilers: Cleaned the shader compiler working directory 'C:/Users/doria/AppData/Local/Temp/UnrealShaderWorkingDir/A239F99D4ECDA420A06656AC94D2F621/'.
[2020.08.06-10.01.31:618][  0]LogXGEController: Cleaning working directory: C:/Users/doria/AppData/Local/Temp/UnrealXGEWorkingDir/
[2020.08.06-10.01.31:618][  0]LogXGEController: Cannot use XGE Controller as Incredibuild is not installed on this machine.
[2020.08.06-10.01.31:618][  0]LogShaderCompilers: Cannot use XGE Shader Compiler as Incredibuild is not installed on this machine.
[2020.08.06-10.01.31:618][  0]LogShaderCompilers: Display: Using Local Shader Compiler.
[2020.08.06-10.01.32:379][  0]LogDerivedDataCache: Display: Max Cache Size: 512 MB
[2020.08.06-10.01.32:424][  0]LogDerivedDataCache: Loaded boot cache 0.05s 75MB C:/Users/doria/AppData/Local/UnrealEngine/4.25/DerivedDataCache/Boot.ddc.
[2020.08.06-10.01.32:424][  0]LogDerivedDataCache: Display: Loaded Boot cache: C:/Users/doria/AppData/Local/UnrealEngine/4.25/DerivedDataCache/Boot.ddc
[2020.08.06-10.01.32:424][  0]LogDerivedDataCache: FDerivedDataBackendGraph:  Pak pak cache file ../../../../../../Users/doria/Documents/GitHub/Unending/MyProject/DerivedDataCache/DDC.ddp not found, will not use a pak cache.
[2020.08.06-10.01.32:424][  0]LogDerivedDataCache: Unable to find inner node Pak for hierarchical cache Hierarchy.
[2020.08.06-10.01.32:424][  0]LogDerivedDataCache: FDerivedDataBackendGraph:  CompressedPak pak cache file ../../../../../../Users/doria/Documents/GitHub/Unending/MyProject/DerivedDataCache/Compressed.ddp not found, will not use a pak cache.
[2020.08.06-10.01.32:424][  0]LogDerivedDataCache: Unable to find inner node CompressedPak for hierarchical cache Hierarchy.
[2020.08.06-10.01.32:436][  0]LogDerivedDataCache: Display: Pak cache opened for reading ../../../Engine/DerivedDataCache/Compressed.ddp.
[2020.08.06-10.01.32:436][  0]LogDerivedDataCache: FDerivedDataBackendGraph:  EnterprisePak pak cache file ../../../Enterprise/DerivedDataCache/Compressed.ddp not found, will not use a pak cache.
[2020.08.06-10.01.32:437][  0]LogDerivedDataCache: Unable to find inner node EnterprisePak for hierarchical cache Hierarchy.
[2020.08.06-10.01.32:438][  0]LogDerivedDataCache: Using Local data cache path C:/Users/doria/AppData/Local/UnrealEngine/Common/DerivedDataCache: Writable
[2020.08.06-10.01.32:438][  0]LogDerivedDataCache: Shared data cache path not found in *engine.ini, will not use an Shared cache.
[2020.08.06-10.01.32:438][  0]LogDerivedDataCache: Unable to find inner node Shared for hierarchical cache Hierarchy.
[2020.08.06-10.01.32:489][  0]LogSlate: Using FreeType 2.10.0
[2020.08.06-10.01.32:489][  0]LogSlate: SlateFontServices - WITH_FREETYPE: 1, WITH_HARFBUZZ: 1
[2020.08.06-10.01.32:513][  0]LogAssetRegistry: FAssetRegistry took 0.0032 seconds to start up
[2020.08.06-10.01.32:755][  0]LogInit: Selected Device Profile: [Windows]
[2020.08.06-10.01.32:867][  0]LogMeshReduction: Using QuadricMeshReduction for automatic static mesh reduction
[2020.08.06-10.01.32:867][  0]LogMeshReduction: Using SimplygonMeshReduction for automatic skeletal mesh reduction
[2020.08.06-10.01.32:867][  0]LogMeshReduction: Using ProxyLODMeshReduction for automatic mesh merging
[2020.08.06-10.01.32:867][  0]LogMeshReduction: No distributed automatic mesh merging module available
[2020.08.06-10.01.32:867][  0]LogMeshMerging: No distributed automatic mesh merging module available
[2020.08.06-10.01.32:883][  0]LogNetVersion: Unending 1.0.0, NetCL: 13144385, EngineNetVer: 14, GameNetVer: 0 (Checksum: 1146103487)
[2020.08.06-10.01.33:294][  0]LogAISub: UAISubsystem::UAISubsystem AISubsystem (0000025ED9781980), frame # 0
[2020.08.06-10.01.33:294][  0]LogAISub: UAISubsystem::UAISubsystem AIPerceptionSystem (0000025ED96B6AC0), frame # 0
[2020.08.06-10.01.33:295][  0]LogAISub: UAISubsystem::UAISubsystem EnvQueryManager (0000025ED9705E00), frame # 0
[2020.08.06-10.01.33:363][  0]LogPackageLocalizationCache: Processed 21 localized package path(s) for 1 prioritized culture(s) in 0.061569 seconds
[2020.08.06-10.01.33:369][  0]LogUObjectArray: 15917 objects as part of root set at end of initial load.
[2020.08.06-10.01.33:369][  0]LogUObjectAllocator: 3965568 out of 0 bytes used by permanent object pool.
[2020.08.06-10.01.33:369][  0]LogUObjectArray: CloseDisregardForGC: 0/0 objects in disregard for GC pool
[2020.08.06-10.01.33:680][  0]LogPython: Using Python 2.7.14
[2020.08.06-10.01.34:593][  0]LogTcpMessaging: Initializing TcpMessaging bridge
[2020.08.06-10.01.34:598][  0]LogUdpMessaging: Initializing bridge on interface 0.0.0.0:0 to multicast group 230.0.0.1:6666.
[2020.08.06-10.01.34:718][  0]SourceControl: Source control is disabled
[2020.08.06-10.01.34:718][  0]SourceControl: Source control is disabled
[2020.08.06-10.01.34:723][  0]SourceControl: Source control is disabled
[2020.08.06-10.01.34:726][  0]SourceControl: Source control is disabled
[2020.08.06-10.01.34:736][  0]SourceControl: Source control is disabled
[2020.08.06-10.01.35:143][  0]LogAndroidPermission: UAndroidPermissionCallbackProxy::GetInstance
[2020.08.06-10.01.35:183][  0]LogAudioCaptureCore: Display: No Audio Capture implementations found. Audio input will be silent.
[2020.08.06-10.01.35:183][  0]LogAudioCaptureCore: Display: No Audio Capture implementations found. Audio input will be silent.
[2020.08.06-10.01.35:267][  0]LogOcInput: OculusInput pre-init called
[2020.08.06-10.01.35:280][  0]LogWindows: Failed to load 'OVRPlugin.dll' (GetLastError=126)
[2020.08.06-10.01.35:280][  0]LogWindows: File 'OVRPlugin.dll' does not exist
[2020.08.06-10.01.35:643][  0]LogEngine: Initializing Engine...
[2020.08.06-10.01.35:645][  0]LogHMD: Failed to initialize OpenVR with code 110
[2020.08.06-10.01.35:645][  0]LogMagicLeap: Warning: VR disabled because ZI is not enabled.  To enable, in the editor, Edit -> Project Settings -> Plugins -> Magic Leap Plugin -> Enable Zero Iteration
[2020.08.06-10.01.35:645][  0]LogStats: UGameplayTagsManager::InitializeManager -  0.000 s
[2020.08.06-10.01.35:755][  0]LogInit: Initializing FReadOnlyCVARCache
[2020.08.06-10.01.35:767][  0]LogAIModule: Creating AISystem for world Untitled
[2020.08.06-10.01.35:767][  0]LogAISub: UAISubsystem::UAISubsystem EnvQueryManager (0000025EE5A11600), frame # 0
[2020.08.06-10.01.35:767][  0]LogAISub: UAISubsystem::UAISubsystem AIPerceptionSystem (0000025EE59DF600), frame # 0
[2020.08.06-10.01.35:781][  0]LogAudioMixer: Display: Audio Mixer Platform Settings:
[2020.08.06-10.01.35:781][  0]LogAudioMixer: Display: 	Sample Rate:						  48000
[2020.08.06-10.01.35:781][  0]LogAudioMixer: Display: 	Callback Buffer Frame Size Requested: 1024
[2020.08.06-10.01.35:781][  0]LogAudioMixer: Display: 	Callback Buffer Frame Size To Use:	  1024
[2020.08.06-10.01.35:781][  0]LogAudioMixer: Display: 	Number of buffers to queue:			  2
[2020.08.06-10.01.35:781][  0]LogAudioMixer: Display: 	Max Channels (voices):				  32
[2020.08.06-10.01.35:781][  0]LogAudioMixer: Display: 	Number of Async Source Workers:		  0
[2020.08.06-10.01.35:781][  0]LogAudio: Display: AudioDevice MaxSources: 32
[2020.08.06-10.01.35:782][  0]LogAudio: Display: Using built-in audio occlusion.
[2020.08.06-10.01.35:782][  0]LogAudioMixer: Display: Initializing audio mixer.
[2020.08.06-10.01.35:803][  0]LogAudioMixer: Display: 0: FrontLeft
[2020.08.06-10.01.35:803][  0]LogAudioMixer: Display: 1: FrontRight
[2020.08.06-10.01.35:857][  0]LogAudioMixer: Display: Using Audio Device Haut-parleurs (Realtek High Definition Audio)
[2020.08.06-10.01.35:857][  0]LogAudioMixer: Display: Initializing Sound Submixes...
[2020.08.06-10.01.35:860][  0]LogAudioMixer: Display: Creating Master Submix 'MasterSubmixDefault'
[2020.08.06-10.01.35:860][  0]LogAudioMixer: Display: Creating Master Submix 'MasterReverbSubmixDefault'
[2020.08.06-10.01.35:861][  0]LogAudioMixer: Display: Creating Master Submix 'MasterEQSubmixDefault'
[2020.08.06-10.01.35:861][  0]LogInit: FAudioDevice initialized.
[2020.08.06-10.01.35:862][  0]LogNetVersion: Set ProjectVersion to 1.0.0.0. Version Checksum will be recalculated on next use.
[2020.08.06-10.01.35:947][  0]LogDerivedDataCache: Saved boot cache 0.09s 75MB C:/Users/doria/AppData/Local/UnrealEngine/4.25/DerivedDataCache/Boot.ddc.
[2020.08.06-10.01.35:952][  0]LogInit: Texture streaming: Enabled
[2020.08.06-10.01.35:973][  0]LogEngineSessionManager: EngineSessionManager initialized
[2020.08.06-10.01.35:973][  0]LogEditorSessionSummary: Verbose: Initializing EditorSessionSummaryWriter for editor session tracking
[2020.08.06-10.01.35:975][  0]LogEditorSessionSummary: EditorSessionSummaryWriter initialized
[2020.08.06-10.01.36:057][  0]LogInit: Transaction tracking system initialized
[2020.08.06-10.01.36:085][  0]BlueprintLog: New page: Editor Load
[2020.08.06-10.01.36:179][  0]LocalizationService: Localization service is disabled
[2020.08.06-10.01.36:378][  0]LogCook: Display: Max memory allowance for cook 16384mb min free memory 0mb
[2020.08.06-10.01.36:378][  0]LogCook: Display: Mobile HDR setting 1
[2020.08.06-10.01.36:564][  0]LogFileCache: Scanning file cache for directory 'C:/Users/doria/Documents/GitHub/Unending/MyProject/Content/' took 0.00s
[2020.08.06-10.01.36:746][  0]SourceControl: Source control is disabled
[2020.08.06-10.01.36:747][  0]LogUnrealEdMisc: Loading editor; pre map load, took 10.819
[2020.08.06-10.01.36:747][  0]Cmd: MAP LOAD FILE="../../../Engine/Content/Maps/Templates/Template_Default.umap" TEMPLATE=1 SHOWPROGRESS=1 FEATURELEVEL=3
[2020.08.06-10.01.36:747][  0]LightingResults: New page: Lighting Build
[2020.08.06-10.01.36:748][  0]LogWorld: UWorld::CleanupWorld for Untitled, bSessionEnded=true, bCleanupResources=true
[2020.08.06-10.01.36:748][  0]LogSlate: InvalidateAllWidgets triggered.  All widgets were invalidated
[2020.08.06-10.01.36:748][  0]MapCheck: New page: Map Check
[2020.08.06-10.01.36:748][  0]LightingResults: New page: Lighting Build
[2020.08.06-10.01.36:765][  0]LogAISub: UAISubsystem::~UAISubsystem EnvQueryManager (0000025EE5A11600), frame # 0
[2020.08.06-10.01.36:765][  0]LogAISub: UAISubsystem::~UAISubsystem AIPerceptionSystem (0000025EE59DF600), frame # 0
[2020.08.06-10.01.36:766][  0]LogUObjectHash: Compacting FUObjectHashTables data took   0.78ms
[2020.08.06-10.01.36:841][  0]LogAIModule: Creating AISystem for world Untitled_1
[2020.08.06-10.01.36:841][  0]LogAISub: UAISubsystem::UAISubsystem EnvQueryManager (0000025ECF79FE00), frame # 0
[2020.08.06-10.01.36:841][  0]LogAISub: UAISubsystem::UAISubsystem AIPerceptionSystem (0000025ECF87CF40), frame # 0
[2020.08.06-10.01.36:845][  0]LogEditorServer: Finished looking for orphan Actors (0.000 secs)
[2020.08.06-10.01.36:859][  0]LogUObjectHash: Compacting FUObjectHashTables data took   0.85ms
[2020.08.06-10.01.36:860][  0]Cmd: MAP CHECKDEP NOCLEARLOG
[2020.08.06-10.01.36:860][  0]MapCheck: Map check complete: 0 Error(s), 0 Warning(s), took 0,222ms to complete.
[2020.08.06-10.01.36:860][  0]LogFileHelpers: Loading map 'Template_Default' took 0.113
[2020.08.06-10.01.36:862][  0]LogUnrealEdMisc: Total Editor Startup Time, took 10.934
[2020.08.06-10.01.36:990][  0]LogSlate: Updating window title bar state: overlay mode, drag disabled, window buttons hidden, title bar hidden
[2020.08.06-10.01.36:998][  0]LogSlate: Updating window title bar state: overlay mode, drag disabled, window buttons hidden, title bar hidden
[2020.08.06-10.01.37:007][  0]LogSlate: Updating window title bar state: overlay mode, drag disabled, window buttons hidden, title bar hidden
[2020.08.06-10.01.37:014][  0]LogSlate: Updating window title bar state: overlay mode, drag disabled, window buttons hidden, title bar hidden
[2020.08.06-10.01.37:081][  0]LogCollectionManager: Loaded 0 collections in 0.002102 seconds
[2020.08.06-10.01.37:097][  0]LogFileCache: Scanning file cache for directory 'C:/Users/doria/Documents/GitHub/Unending/MyProject/Saved/Collections/' took 0.00s
[2020.08.06-10.01.37:097][  0]LogFileCache: Scanning file cache for directory 'C:/Users/doria/Documents/GitHub/Unending/MyProject/Content/Developers/doria/Collections/' took 0.00s
[2020.08.06-10.01.37:097][  0]LogFileCache: Scanning file cache for directory 'C:/Users/doria/Documents/GitHub/Unending/MyProject/Content/Collections/' took 0.00s
[2020.08.06-10.01.37:097][  0]LogContentBrowser: Native class hierarchy populated in 0.0104 seconds. Added 3447 classes and 831 folders.
[2020.08.06-10.01.37:099][  0]LogContentBrowser: Native class hierarchy updated for 'WidgetCarousel' in 0.0003 seconds. Added 0 classes and 0 folders.
[2020.08.06-10.01.37:161][  0]LogContentBrowser: Native class hierarchy updated for 'AddContentDialog' in 0.0003 seconds. Added 0 classes and 0 folders.
[2020.08.06-10.01.37:178][  0]LogSlate: Took 0.000192 seconds to synchronously load lazily loaded font '../../../Engine/Content/Slate/Fonts/Roboto-Regular.ttf' (155K)
[2020.08.06-10.01.37:182][  0]LogSlate: Took 0.000223 seconds to synchronously load lazily loaded font '../../../Engine/Content/Slate/Fonts/Roboto-Bold.ttf' (160K)
[2020.08.06-10.01.37:185][  0]LogSlate: Took 0.000197 seconds to synchronously load lazily loaded font '../../../Engine/Content/Editor/Slate/Fonts/FontAwesome.ttf' (139K)
[2020.08.06-10.01.37:244][  0]LogRenderer: Reallocating scene render targets to support 1020x688 Format 10 NumSamples 1 (Frame:1).
[2020.08.06-10.01.37:315][  0]LogContentBrowser: Native class hierarchy updated for 'HierarchicalLODOutliner' in 0.0003 seconds. Added 0 classes and 0 folders.
[2020.08.06-10.01.37:315][  0]LogLoad: (Engine Initialization) Total time: 11.39 seconds
[2020.08.06-10.01.37:315][  0]LogLoad: (Engine Initialization) Total Blueprint compile time: 0.00 seconds
[2020.08.06-10.01.37:358][  0]LogAssetRegistry: Asset discovery search completed in 4.8467 seconds
[2020.08.06-10.01.37:367][  0]LogAutoSizeComments: Loaded auto size comments cache: ../../../Engine/Plugins/Marketplace/AutoSizeComments/ASCCache/4907D6DE4356BE060EB165BB4736FE02.json
[2020.08.06-10.01.37:367][  0]LogCollectionManager: Fixed up redirectors for 0 collections in 0.000003 seconds (updated 0 objects)
[2020.08.06-10.01.37:369][  0]LogContentStreaming: Texture pool size now 1000 MB
[2020.08.06-10.01.37:399][  0]LogSlate: Took 0.000119 seconds to synchronously load lazily loaded font '../../../Engine/Content/Slate/Fonts/Roboto-Light.ttf' (167K)
[2020.08.06-10.01.38:671][  4]LogSlate: Took 0.000192 seconds to synchronously load lazily loaded font '../../../Engine/Content/Slate/Fonts/Roboto-Light.ttf' (167K)
[2020.08.06-10.01.40:844][ 10]LogAssetEditorSubsystem: Opening Asset editor for Blueprint /Game/World/WorldGeneration/WorldChunkGeneration.WorldChunkGeneration
[2020.08.06-10.01.41:039][ 10]LogContentBrowser: Native class hierarchy updated for 'BlueprintGraph' in 0.0006 seconds. Added 125 classes and 0 folders.
[2020.08.06-10.01.42:005][ 10]LogAssetEditorSubsystem: Opening Asset editor for Blueprint /Game/World/WorldGeneration/WorldCubeGeneration_BP.WorldCubeGeneration_BP
[2020.08.06-10.01.42:399][ 10]LogAssetEditorSubsystem: Opening Asset editor for Blueprint /Game/World/WorldGeneration/WorldGeneration_BP.WorldGeneration_BP
[2020.08.06-10.01.42:767][ 10]LogAssetEditorSubsystem: Opening Asset editor for Blueprint /Game/Player/Blueprints/PlayerCharacter.PlayerCharacter
[2020.08.06-10.01.43:136][ 10]LogSlate: Took 0.000197 seconds to synchronously load lazily loaded font '../../../Engine/Content/Slate/Fonts/Roboto-BoldCondensed.ttf' (158K)
[2020.08.06-10.01.43:373][ 11]LogSlate: Took 0.000224 seconds to synchronously load lazily loaded font '../../../Engine/Content/Slate/Fonts/Roboto-Italic.ttf' (157K)
[2020.08.06-10.01.46:748][232]LogSlate: Window 'WorldGeneration_BP' being destroyed
[2020.08.06-10.01.54:728][158]LogAssetEditorSubsystem: Opening Asset editor for World /Game/_MapFolder/TestWorldGeneration.TestWorldGeneration
[2020.08.06-10.01.54:765][158]LogUObjectHash: Compacting FUObjectHashTables data took   2.20ms
[2020.08.06-10.01.54:766][158]Cmd: MAP LOAD FILE="../../../../../../Users/doria/Documents/GitHub/Unending/MyProject/Content/_MapFolder/TestWorldGeneration.umap" TEMPLATE=0 SHOWPROGRESS=1 FEATURELEVEL=3
[2020.08.06-10.01.54:766][158]LightingResults: New page: Lighting Build
[2020.08.06-10.01.54:766][158]LoadErrors: New page: Loading map: TestWorldGeneration.umap
[2020.08.06-10.01.54:804][158]LogWorld: UWorld::CleanupWorld for Untitled_1, bSessionEnded=true, bCleanupResources=true
[2020.08.06-10.01.54:805][158]LogSlate: InvalidateAllWidgets triggered.  All widgets were invalidated
[2020.08.06-10.01.54:805][158]MapCheck: New page: Map Check
[2020.08.06-10.01.54:805][158]LightingResults: New page: Lighting Build
[2020.08.06-10.01.54:830][158]LogAISub: UAISubsystem::~UAISubsystem EnvQueryManager (0000025ECF79FE00), frame # 1158
[2020.08.06-10.01.54:830][158]LogAISub: UAISubsystem::~UAISubsystem AIPerceptionSystem (0000025ECF87CF40), frame # 1158
[2020.08.06-10.01.54:832][158]LogUObjectHash: Compacting FUObjectHashTables data took   1.70ms
[2020.08.06-10.01.54:909][158]LogEditorServer: Finished looking for orphan Actors (0.000 secs)
[2020.08.06-10.01.54:910][158]LogAIModule: Creating AISystem for world TestWorldGeneration
[2020.08.06-10.01.54:910][158]LogAISub: UAISubsystem::UAISubsystem EnvQueryManager (0000025F1C40F600), frame # 1158
[2020.08.06-10.01.54:910][158]LogAISub: UAISubsystem::UAISubsystem AIPerceptionSystem (0000025ECF7CA340), frame # 1158
[2020.08.06-10.01.54:936][158]LogUObjectHash: Compacting FUObjectHashTables data took   1.65ms
[2020.08.06-10.01.54:968][158]Cmd: MAP CHECKDEP NOCLEARLOG
[2020.08.06-10.01.54:968][158]MapCheck: Map check complete: 0 Error(s), 0 Warning(s), took 0,15ms to complete.
[2020.08.06-10.01.54:968][158]LogFileHelpers: Loading map 'TestWorldGeneration' took 0.202
[2020.08.06-10.02.04:850][283]BlueprintLog: New page: Compile WorldChunkGeneration
[2020.08.06-10.02.04:920][283]LogUObjectHash: Compacting FUObjectHashTables data took   2.31ms
[2020.08.06-10.02.04:979][283]LogSlate: Took 0.000160 seconds to synchronously load lazily loaded font '../../../Engine/Content/Slate/Fonts/DroidSansMono.ttf' (77K)
[2020.08.06-10.02.08:612][691]LogTemp: Repeating last play command: Selected Viewport
[2020.08.06-10.02.08:630][691]LogPlayLevel: PlayLevel: No blueprints needed recompiling
[2020.08.06-10.02.08:630][691]PIE: New page: PIE session: TestWorldGeneration (6 août 2020 à 14:02:08)
[2020.08.06-10.02.08:631][691]LogOnline: OSS: Creating online subsystem instance for: NULL
[2020.08.06-10.02.08:632][691]LogOnline: OSS: TryLoadSubsystemAndSetDefault: Loaded subsystem for module [NULL]
[2020.08.06-10.02.08:632][691]LogPlayLevel: Creating play world package: /Game/_MapFolder/UEDPIE_0_TestWorldGeneration
[2020.08.06-10.02.08:635][691]LogPlayLevel: PIE: StaticDuplicateObject took: (0.002645s)
[2020.08.06-10.02.08:636][691]LogAIModule: Creating AISystem for world TestWorldGeneration
[2020.08.06-10.02.08:636][691]LogAISub: UAISubsystem::UAISubsystem EnvQueryManager (0000025EFD1DC800), frame # 2691
[2020.08.06-10.02.08:636][691]LogAISub: UAISubsystem::UAISubsystem AIPerceptionSystem (0000025F17842200), frame # 2691
[2020.08.06-10.02.08:636][691]LogPlayLevel: PIE: World Init took: (0.001368s)
[2020.08.06-10.02.08:636][691]LogPlayLevel: PIE: Created PIE world by copying editor world from /Game/_MapFolder/TestWorldGeneration.TestWorldGeneration to /Game/_MapFolder/UEDPIE_0_TestWorldGeneration.TestWorldGeneration (0.004159s)
[2020.08.06-10.02.08:663][691]LogUObjectHash: Compacting FUObjectHashTables data took   2.26ms
[2020.08.06-10.02.08:664][691]LogAudioMixer: Display: Audio Mixer Platform Settings:
[2020.08.06-10.02.08:665][691]LogAudioMixer: Display: 	Sample Rate:						  48000
[2020.08.06-10.02.08:665][691]LogAudioMixer: Display: 	Callback Buffer Frame Size Requested: 1024
[2020.08.06-10.02.08:665][691]LogAudioMixer: Display: 	Callback Buffer Frame Size To Use:	  1024
[2020.08.06-10.02.08:665][691]LogAudioMixer: Display: 	Number of buffers to queue:			  2
[2020.08.06-10.02.08:665][691]LogAudioMixer: Display: 	Max Channels (voices):				  32
[2020.08.06-10.02.08:665][691]LogAudioMixer: Display: 	Number of Async Source Workers:		  0
[2020.08.06-10.02.08:665][691]LogAudio: Display: AudioDevice MaxSources: 32
[2020.08.06-10.02.08:665][691]LogAudio: Display: Using built-in audio occlusion.
[2020.08.06-10.02.08:665][691]LogAudioMixer: Display: Initializing audio mixer.
[2020.08.06-10.02.08:668][691]LogAudioMixer: Display: 0: FrontLeft
[2020.08.06-10.02.08:668][691]LogAudioMixer: Display: 1: FrontRight
[2020.08.06-10.02.08:702][691]LogAudioMixer: Display: Using Audio Device Haut-parleurs (Realtek High Definition Audio)
[2020.08.06-10.02.08:703][691]LogAudioMixer: Display: Initializing Sound Submixes...
[2020.08.06-10.02.08:703][691]LogAudioMixer: Display: Creating Master Submix 'MasterSubmixDefault'
[2020.08.06-10.02.08:703][691]LogAudioMixer: Display: Creating Master Submix 'MasterReverbSubmixDefault'
[2020.08.06-10.02.08:703][691]LogAudioMixer: Display: Creating Master Submix 'MasterEQSubmixDefault'
[2020.08.06-10.02.08:716][691]LogInit: FAudioDevice initialized.
[2020.08.06-10.02.08:726][691]LogLoad: Game class is 'PlayerGM_C'
[2020.08.06-10.02.08:727][691]LogWorld: Bringing World /Game/_MapFolder/UEDPIE_0_TestWorldGeneration.TestWorldGeneration up for play (max tick rate 0) at 2020.08.06-12.02.08
[2020.08.06-10.02.08:727][691]LogWorld: Bringing up level for play took: 0.000427
[2020.08.06-10.02.08:728][691]LogOnline: OSS: Creating online subsystem instance for: :Context_6
[2020.08.06-10.02.08:730][691]LogContentBrowser: Native class hierarchy updated for 'MovieSceneCapture' in 0.0003 seconds. Added 20 classes and 0 folders.
[2020.08.06-10.02.08:918][691]PIE: Server logged in
[2020.08.06-10.02.08:920][691]PIE: Play in editor total start time 0,291 seconds.
[2020.08.06-10.02.09:298][692]LogSlate: Took 0.001317 seconds to synchronously load lazily loaded font '../../../Engine/Content/Slate/Fonts/DroidSansFallback.ttf' (3848K)
[2020.08.06-10.02.14:607][307]LogRenderer: Reallocating scene render targets to support 1032x688 Format 10 NumSamples 1 (Frame:452).
[2020.08.06-10.02.14:649][308]LogRenderer: Reallocating scene render targets to support 1052x688 Format 10 NumSamples 1 (Frame:453).
[2020.08.06-10.02.14:690][309]LogRenderer: Reallocating scene render targets to support 1084x688 Format 10 NumSamples 1 (Frame:454).
[2020.08.06-10.02.14:732][310]LogRenderer: Reallocating scene render targets to support 1116x688 Format 10 NumSamples 1 (Frame:455).
[2020.08.06-10.02.14:769][311]LogRenderer: Reallocating scene render targets to support 1148x688 Format 10 NumSamples 1 (Frame:456).
[2020.08.06-10.02.14:806][312]LogRenderer: Reallocating scene render targets to support 1168x688 Format 10 NumSamples 1 (Frame:457).
[2020.08.06-10.02.14:844][313]LogRenderer: Reallocating scene render targets to support 1180x688 Format 10 NumSamples 1 (Frame:458).
[2020.08.06-10.02.14:875][314]LogRenderer: Reallocating scene render targets to support 1184x688 Format 10 NumSamples 1 (Frame:459).
[2020.08.06-10.02.16:055][449]LogSlate: Updating window title bar state: overlay mode, drag disabled, window buttons hidden, title bar hidden
[2020.08.06-10.02.16:055][449]LogWorld: BeginTearingDown for /Game/_MapFolder/UEDPIE_0_TestWorldGeneration
[2020.08.06-10.02.16:055][449]LogWorld: UWorld::CleanupWorld for TestWorldGeneration, bSessionEnded=true, bCleanupResources=true
[2020.08.06-10.02.16:061][449]LogSlate: InvalidateAllWidgets triggered.  All widgets were invalidated
[2020.08.06-10.02.16:068][449]LogPlayLevel: Display: Shutting down PIE online subsystems
[2020.08.06-10.02.16:073][449]LogSlate: InvalidateAllWidgets triggered.  All widgets were invalidated
[2020.08.06-10.02.16:123][449]LogSlate: Updating window title bar state: overlay mode, drag disabled, window buttons hidden, title bar hidden
[2020.08.06-10.02.16:133][449]LogAISub: UAISubsystem::~UAISubsystem AIPerceptionSystem (0000025F17842200), frame # 3449
[2020.08.06-10.02.16:133][449]LogAISub: UAISubsystem::~UAISubsystem EnvQueryManager (0000025EFD1DC800), frame # 3449
[2020.08.06-10.02.16:154][449]LogUObjectHash: Compacting FUObjectHashTables data took   3.94ms
[2020.08.06-10.02.16:193][450]LogPlayLevel: Display: Destroying online subsystem :Context_6
[2020.08.06-10.02.28:507][809]LogSavePackage: Moving '../../../../../../Users/doria/Documents/GitHub/Unending/MyProject/Saved/WorldChunkGenerationF3F4654F49804F02523FF7BB08CBB0B5.tmp' to '../../../../../../Users/doria/Documents/GitHub/Unending/MyProject/Content/World/WorldGeneration/WorldChunkGeneration.uasset'
[2020.08.06-10.02.28:523][809]AssetCheck: New page: Asset Save: WorldChunkGeneration
[2020.08.06-10.02.28:523][809]LogContentValidation: Display: Validating Blueprint /Game/World/WorldGeneration/WorldChunkGeneration.WorldChunkGeneration
[2020.08.06-10.02.31:823][188]BlueprintLog: New page: Compile WorldGeneration_BP
[2020.08.06-10.02.31:889][188]LogUObjectHash: Compacting FUObjectHashTables data took   3.22ms
[2020.08.06-10.02.32:254][214]LogSavePackage: Moving '../../../../../../Users/doria/Documents/GitHub/Unending/MyProject/Saved/WorldGeneration_BPEA34C8A64CCD0BC9696E5BAF25E9E221.tmp' to '../../../../../../Users/doria/Documents/GitHub/Unending/MyProject/Content/World/WorldGeneration/WorldGeneration_BP.uasset'
[2020.08.06-10.02.32:276][214]AssetCheck: New page: Asset Save: WorldGeneration_BP
[2020.08.06-10.02.32:277][214]LogContentValidation: Display: Validating Blueprint /Game/World/WorldGeneration/WorldGeneration_BP.WorldGeneration_BP
[2020.08.06-10.02.32:759][269]LogTemp: Repeating last play command: Selected Viewport
[2020.08.06-10.02.32:778][269]LogPlayLevel: PlayLevel: No blueprints needed recompiling
[2020.08.06-10.02.32:778][269]PIE: New page: PIE session: TestWorldGeneration (6 août 2020 à 14:02:32)
[2020.08.06-10.02.32:778][269]LogPlayLevel: Creating play world package: /Game/_MapFolder/UEDPIE_0_TestWorldGeneration
[2020.08.06-10.02.32:780][269]LogPlayLevel: PIE: StaticDuplicateObject took: (0.002092s)
[2020.08.06-10.02.32:781][269]LogAIModule: Creating AISystem for world TestWorldGeneration
[2020.08.06-10.02.32:781][269]LogAISub: UAISubsystem::UAISubsystem EnvQueryManager (0000025ED002FE00), frame # 5269
[2020.08.06-10.02.32:781][269]LogAISub: UAISubsystem::UAISubsystem AIPerceptionSystem (0000025F35460900), frame # 5269
[2020.08.06-10.02.32:781][269]LogPlayLevel: PIE: World Init took: (0.001209s)
[2020.08.06-10.02.32:781][269]LogPlayLevel: PIE: Created PIE world by copying editor world from /Game/_MapFolder/TestWorldGeneration.TestWorldGeneration to /Game/_MapFolder/UEDPIE_0_TestWorldGeneration.TestWorldGeneration (0.003410s)
[2020.08.06-10.02.32:812][269]LogUObjectHash: Compacting FUObjectHashTables data took   3.36ms
[2020.08.06-10.02.32:813][269]LogAudioMixer: Display: Audio Mixer Platform Settings:
[2020.08.06-10.02.32:813][269]LogAudioMixer: Display: 	Sample Rate:						  48000
[2020.08.06-10.02.32:813][269]LogAudioMixer: Display: 	Callback Buffer Frame Size Requested: 1024
[2020.08.06-10.02.32:813][269]LogAudioMixer: Display: 	Callback Buffer Frame Size To Use:	  1024
[2020.08.06-10.02.32:813][269]LogAudioMixer: Display: 	Number of buffers to queue:			  2
[2020.08.06-10.02.32:813][269]LogAudioMixer: Display: 	Max Channels (voices):				  32
[2020.08.06-10.02.32:813][269]LogAudioMixer: Display: 	Number of Async Source Workers:		  0
[2020.08.06-10.02.32:813][269]LogAudio: Display: AudioDevice MaxSources: 32
[2020.08.06-10.02.32:814][269]LogAudio: Display: Using built-in audio occlusion.
[2020.08.06-10.02.32:814][269]LogAudioMixer: Display: Initializing audio mixer.
[2020.08.06-10.02.32:817][269]LogAudioMixer: Display: 0: FrontLeft
[2020.08.06-10.02.32:817][269]LogAudioMixer: Display: 1: FrontRight
[2020.08.06-10.02.32:853][269]LogAudioMixer: Display: Using Audio Device Haut-parleurs (Realtek High Definition Audio)
[2020.08.06-10.02.32:853][269]LogAudioMixer: Display: Initializing Sound Submixes...
[2020.08.06-10.02.32:853][269]LogAudioMixer: Display: Creating Master Submix 'MasterSubmixDefault'
[2020.08.06-10.02.32:853][269]LogAudioMixer: Display: Creating Master Submix 'MasterReverbSubmixDefault'
[2020.08.06-10.02.32:853][269]LogAudioMixer: Display: Creating Master Submix 'MasterEQSubmixDefault'
[2020.08.06-10.02.32:865][269]LogInit: FAudioDevice initialized.
[2020.08.06-10.02.32:893][269]LogSlate: Updating window title bar state: overlay mode, drag disabled, window buttons hidden, title bar hidden
[2020.08.06-10.02.32:893][269]LogLoad: Game class is 'PlayerGM_C'
[2020.08.06-10.02.32:895][269]LogWorld: Bringing World /Game/_MapFolder/UEDPIE_0_TestWorldGeneration.TestWorldGeneration up for play (max tick rate 0) at 2020.08.06-12.02.32
[2020.08.06-10.02.32:895][269]LogWorld: Bringing up level for play took: 0.000698
[2020.08.06-10.02.32:895][269]LogOnline: OSS: Creating online subsystem instance for: :Context_7
[2020.08.06-10.02.33:116][269]PIE: Server logged in
[2020.08.06-10.02.33:119][269]PIE: Play in editor total start time 0,342 seconds.
[2020.08.06-10.02.33:156][270]LogRenderer: Reallocating scene render targets to support 1280x720 Format 10 NumSamples 1 (Frame:1).
[2020.08.06-10.02.35:164][498]LogSlate: Window 'Unending Preview [NetMode: Standalone] (64-bit/Windows) ' being destroyed
[2020.08.06-10.02.35:169][498]LogWorld: BeginTearingDown for /Game/_MapFolder/UEDPIE_0_TestWorldGeneration
[2020.08.06-10.02.35:194][498]LogWorld: UWorld::CleanupWorld for TestWorldGeneration, bSessionEnded=true, bCleanupResources=true
[2020.08.06-10.02.35:201][498]LogSlate: InvalidateAllWidgets triggered.  All widgets were invalidated
[2020.08.06-10.02.35:209][498]LogPlayLevel: Display: Shutting down PIE online subsystems
[2020.08.06-10.02.35:216][498]LogSlate: InvalidateAllWidgets triggered.  All widgets were invalidated
[2020.08.06-10.02.35:269][498]LogAISub: UAISubsystem::~UAISubsystem AIPerceptionSystem (0000025F35460900), frame # 5498
[2020.08.06-10.02.35:269][498]LogAISub: UAISubsystem::~UAISubsystem EnvQueryManager (0000025ED002FE00), frame # 5498
[2020.08.06-10.02.35:273][498]LogUObjectHash: Compacting FUObjectHashTables data took   2.61ms
[2020.08.06-10.02.35:301][499]LogPlayLevel: Display: Destroying online subsystem :Context_7
[2020.08.06-10.02.41:672][215]LogSavePackage: Moving '../../../../../../Users/doria/Documents/GitHub/Unending/MyProject/Saved/WorldGeneration_BP254F07704FE6EFC27E7497B9B2B896E2.tmp' to '../../../../../../Users/doria/Documents/GitHub/Unending/MyProject/Content/World/WorldGeneration/WorldGeneration_BP.uasset'
[2020.08.06-10.02.41:684][215]AssetCheck: New page: Asset Save: WorldGeneration_BP
[2020.08.06-10.02.41:684][215]LogContentValidation: Display: Validating Blueprint /Game/World/WorldGeneration/WorldGeneration_BP.WorldGeneration_BP
[2020.08.06-10.02.49:327][ 63]BlueprintLog: New page: Compile WorldGeneration_BP
[2020.08.06-10.02.49:388][ 63]LogUObjectHash: Compacting FUObjectHashTables data took   3.22ms
[2020.08.06-10.02.49:814][ 95]LogSavePackage: Moving '../../../../../../Users/doria/Documents/GitHub/Unending/MyProject/Saved/WorldGeneration_BP5367D379412585314F75508E22374440.tmp' to '../../../../../../Users/doria/Documents/GitHub/Unending/MyProject/Content/World/WorldGeneration/WorldGeneration_BP.uasset'
[2020.08.06-10.02.49:835][ 95]AssetCheck: New page: Asset Save: WorldGeneration_BP
[2020.08.06-10.02.49:835][ 95]LogContentValidation: Display: Validating Blueprint /Game/World/WorldGeneration/WorldGeneration_BP.WorldGeneration_BP
[2020.08.06-10.02.50:337][148]LogTemp: Repeating last play command: Selected Viewport
[2020.08.06-10.02.50:354][148]LogPlayLevel: PlayLevel: No blueprints needed recompiling
[2020.08.06-10.02.50:354][148]PIE: New page: PIE session: TestWorldGeneration (6 août 2020 à 14:02:50)
[2020.08.06-10.02.50:354][148]LogPlayLevel: Creating play world package: /Game/_MapFolder/UEDPIE_0_TestWorldGeneration
[2020.08.06-10.02.50:356][148]LogPlayLevel: PIE: StaticDuplicateObject took: (0.002231s)
[2020.08.06-10.02.50:357][148]LogAIModule: Creating AISystem for world TestWorldGeneration
[2020.08.06-10.02.50:357][148]LogAISub: UAISubsystem::UAISubsystem EnvQueryManager (0000025ED048BE00), frame # 7148
[2020.08.06-10.02.50:357][148]LogAISub: UAISubsystem::UAISubsystem AIPerceptionSystem (0000025F213E25C0), frame # 7148
[2020.08.06-10.02.50:358][148]LogPlayLevel: PIE: World Init took: (0.001188s)
[2020.08.06-10.02.50:358][148]LogPlayLevel: PIE: Created PIE world by copying editor world from /Game/_MapFolder/TestWorldGeneration.TestWorldGeneration to /Game/_MapFolder/UEDPIE_0_TestWorldGeneration.TestWorldGeneration (0.003543s)
[2020.08.06-10.02.50:389][148]LogUObjectHash: Compacting FUObjectHashTables data took   3.27ms
[2020.08.06-10.02.50:390][148]LogAudioMixer: Display: Audio Mixer Platform Settings:
[2020.08.06-10.02.50:390][148]LogAudioMixer: Display: 	Sample Rate:						  48000
[2020.08.06-10.02.50:390][148]LogAudioMixer: Display: 	Callback Buffer Frame Size Requested: 1024
[2020.08.06-10.02.50:390][148]LogAudioMixer: Display: 	Callback Buffer Frame Size To Use:	  1024
[2020.08.06-10.02.50:390][148]LogAudioMixer: Display: 	Number of buffers to queue:			  2
[2020.08.06-10.02.50:390][148]LogAudioMixer: Display: 	Max Channels (voices):				  32
[2020.08.06-10.02.50:390][148]LogAudioMixer: Display: 	Number of Async Source Workers:		  0
[2020.08.06-10.02.50:390][148]LogAudio: Display: AudioDevice MaxSources: 32
[2020.08.06-10.02.50:390][148]LogAudio: Display: Using built-in audio occlusion.
[2020.08.06-10.02.50:390][148]LogAudioMixer: Display: Initializing audio mixer.
[2020.08.06-10.02.50:393][148]LogAudioMixer: Display: 0: FrontLeft
[2020.08.06-10.02.50:393][148]LogAudioMixer: Display: 1: FrontRight
[2020.08.06-10.02.50:427][148]LogAudioMixer: Display: Using Audio Device Haut-parleurs (Realtek High Definition Audio)
[2020.08.06-10.02.50:428][148]LogAudioMixer: Display: Initializing Sound Submixes...
[2020.08.06-10.02.50:428][148]LogAudioMixer: Display: Creating Master Submix 'MasterSubmixDefault'
[2020.08.06-10.02.50:428][148]LogAudioMixer: Display: Creating Master Submix 'MasterReverbSubmixDefault'
[2020.08.06-10.02.50:428][148]LogAudioMixer: Display: Creating Master Submix 'MasterEQSubmixDefault'
[2020.08.06-10.02.50:441][148]LogInit: FAudioDevice initialized.
[2020.08.06-10.02.50:464][148]LogSlate: Updating window title bar state: overlay mode, drag disabled, window buttons hidden, title bar hidden
[2020.08.06-10.02.50:464][148]LogLoad: Game class is 'PlayerGM_C'
[2020.08.06-10.02.50:465][148]LogWorld: Bringing World /Game/_MapFolder/UEDPIE_0_TestWorldGeneration.TestWorldGeneration up for play (max tick rate 0) at 2020.08.06-12.02.50
[2020.08.06-10.02.50:465][148]LogWorld: Bringing up level for play took: 0.000476
[2020.08.06-10.02.50:465][148]LogOnline: OSS: Creating online subsystem instance for: :Context_8
[2020.08.06-10.02.50:662][148]PIE: Server logged in
[2020.08.06-10.02.50:664][148]PIE: Play in editor total start time 0,312 seconds.
[2020.08.06-10.03.01:110][246]LogSlate: Window 'Unending Preview [NetMode: Standalone] (64-bit/Windows) ' being destroyed
[2020.08.06-10.03.01:115][246]LogWorld: BeginTearingDown for /Game/_MapFolder/UEDPIE_0_TestWorldGeneration
[2020.08.06-10.03.01:144][246]LogWorld: UWorld::CleanupWorld for TestWorldGeneration, bSessionEnded=true, bCleanupResources=true
[2020.08.06-10.03.01:152][246]LogSlate: InvalidateAllWidgets triggered.  All widgets were invalidated
[2020.08.06-10.03.01:159][246]LogPlayLevel: Display: Shutting down PIE online subsystems
[2020.08.06-10.03.01:164][246]LogSlate: InvalidateAllWidgets triggered.  All widgets were invalidated
[2020.08.06-10.03.01:219][246]LogAISub: UAISubsystem::~UAISubsystem AIPerceptionSystem (0000025F213E25C0), frame # 8246
[2020.08.06-10.03.01:219][246]LogAISub: UAISubsystem::~UAISubsystem EnvQueryManager (0000025ED048BE00), frame # 8246
[2020.08.06-10.03.01:222][246]LogUObjectHash: Compacting FUObjectHashTables data took   2.45ms
[2020.08.06-10.03.01:255][247]LogPlayLevel: Display: Destroying online subsystem :Context_8
[2020.08.06-10.03.02:937][442]LogTemp: Repeating last play command: Selected Viewport
[2020.08.06-10.03.02:954][442]LogPlayLevel: PlayLevel: No blueprints needed recompiling
[2020.08.06-10.03.02:954][442]PIE: New page: PIE session: TestWorldGeneration (6 août 2020 à 14:03:02)
[2020.08.06-10.03.02:954][442]LogPlayLevel: Creating play world package: /Game/_MapFolder/UEDPIE_0_TestWorldGeneration
[2020.08.06-10.03.02:956][442]LogPlayLevel: PIE: StaticDuplicateObject took: (0.002131s)
[2020.08.06-10.03.02:957][442]LogAIModule: Creating AISystem for world TestWorldGeneration
[2020.08.06-10.03.02:957][442]LogAISub: UAISubsystem::UAISubsystem EnvQueryManager (0000025E90AEAC00), frame # 8442
[2020.08.06-10.03.02:957][442]LogAISub: UAISubsystem::UAISubsystem AIPerceptionSystem (0000025E8A075E40), frame # 8442
[2020.08.06-10.03.02:957][442]LogPlayLevel: PIE: World Init took: (0.000981s)
[2020.08.06-10.03.02:957][442]LogPlayLevel: PIE: Created PIE world by copying editor world from /Game/_MapFolder/TestWorldGeneration.TestWorldGeneration to /Game/_MapFolder/UEDPIE_0_TestWorldGeneration.TestWorldGeneration (0.003222s)
[2020.08.06-10.03.02:987][442]LogUObjectHash: Compacting FUObjectHashTables data took   2.29ms
[2020.08.06-10.03.02:988][442]LogAudioMixer: Display: Audio Mixer Platform Settings:
[2020.08.06-10.03.02:988][442]LogAudioMixer: Display: 	Sample Rate:						  48000
[2020.08.06-10.03.02:988][442]LogAudioMixer: Display: 	Callback Buffer Frame Size Requested: 1024
[2020.08.06-10.03.02:988][442]LogAudioMixer: Display: 	Callback Buffer Frame Size To Use:	  1024
[2020.08.06-10.03.02:988][442]LogAudioMixer: Display: 	Number of buffers to queue:			  2
[2020.08.06-10.03.02:988][442]LogAudioMixer: Display: 	Max Channels (voices):				  32
[2020.08.06-10.03.02:988][442]LogAudioMixer: Display: 	Number of Async Source Workers:		  0
[2020.08.06-10.03.02:988][442]LogAudio: Display: AudioDevice MaxSources: 32
[2020.08.06-10.03.02:989][442]LogAudio: Display: Using built-in audio occlusion.
[2020.08.06-10.03.02:989][442]LogAudioMixer: Display: Initializing audio mixer.
[2020.08.06-10.03.02:992][442]LogAudioMixer: Display: 0: FrontLeft
[2020.08.06-10.03.02:992][442]LogAudioMixer: Display: 1: FrontRight
[2020.08.06-10.03.03:028][442]LogAudioMixer: Display: Using Audio Device Haut-parleurs (Realtek High Definition Audio)
[2020.08.06-10.03.03:028][442]LogAudioMixer: Display: Initializing Sound Submixes...
[2020.08.06-10.03.03:028][442]LogAudioMixer: Display: Creating Master Submix 'MasterSubmixDefault'
[2020.08.06-10.03.03:028][442]LogAudioMixer: Display: Creating Master Submix 'MasterReverbSubmixDefault'
[2020.08.06-10.03.03:029][442]LogAudioMixer: Display: Creating Master Submix 'MasterEQSubmixDefault'
[2020.08.06-10.03.03:041][442]LogInit: FAudioDevice initialized.
[2020.08.06-10.03.03:049][442]LogLoad: Game class is 'PlayerGM_C'
[2020.08.06-10.03.03:050][442]LogWorld: Bringing World /Game/_MapFolder/UEDPIE_0_TestWorldGeneration.TestWorldGeneration up for play (max tick rate 0) at 2020.08.06-12.03.03
[2020.08.06-10.03.03:050][442]LogWorld: Bringing up level for play took: 0.000580
[2020.08.06-10.03.03:050][442]LogOnline: OSS: Creating online subsystem instance for: :Context_9
[2020.08.06-10.03.03:238][442]PIE: Server logged in
[2020.08.06-10.03.03:239][442]PIE: Play in editor total start time 0,286 seconds.
[2020.08.06-10.03.18:451][109]LogScript: Warning: Accessed None trying to read property ActorBlock_9_C0B7BC5C443873AEF04D4B8AD5ED2E89
	PlayerCharacter_C /Game/_MapFolder/UEDPIE_0_TestWorldGeneration.TestWorldGeneration:PersistentLevel.PlayerCharacter_C_0
	Function /Game/Player/Blueprints/PlayerCharacter.PlayerCharacter_C:ExecuteUbergraph_PlayerCharacter:060D
[2020.08.06-10.03.18:451][109]PIE: Error: Blueprint Runtime Error: "Accessed None trying to read property ActorBlock_9_C0B7BC5C443873AEF04D4B8AD5ED2E89". Blueprint:  PlayerCharacter Function:  Execute Ubergraph Player Character Graph:  EventGraph Node:  Get Grid Pos 
[2020.08.06-10.03.19:113][186]LogScript: Warning: Accessed None trying to read property ActorBlock_9_C0B7BC5C443873AEF04D4B8AD5ED2E89
	PlayerCharacter_C /Game/_MapFolder/UEDPIE_0_TestWorldGeneration.TestWorldGeneration:PersistentLevel.PlayerCharacter_C_0
	Function /Game/Player/Blueprints/PlayerCharacter.PlayerCharacter_C:ExecuteUbergraph_PlayerCharacter:060D
[2020.08.06-10.03.19:113][186]PIE: Error: Blueprint Runtime Error: "Accessed None trying to read property ActorBlock_9_C0B7BC5C443873AEF04D4B8AD5ED2E89". Blueprint:  PlayerCharacter Function:  Execute Ubergraph Player Character Graph:  EventGraph Node:  Get Grid Pos 
[2020.08.06-10.03.23:039][657]LogScript: Warning: Accessed None trying to read property ActorBlock_9_C0B7BC5C443873AEF04D4B8AD5ED2E89
	PlayerCharacter_C /Game/_MapFolder/UEDPIE_0_TestWorldGeneration.TestWorldGeneration:PersistentLevel.PlayerCharacter_C_0
	Function /Game/Player/Blueprints/PlayerCharacter.PlayerCharacter_C:ExecuteUbergraph_PlayerCharacter:060D
[2020.08.06-10.03.23:039][657]PIE: Error: Blueprint Runtime Error: "Accessed None trying to read property ActorBlock_9_C0B7BC5C443873AEF04D4B8AD5ED2E89". Blueprint:  PlayerCharacter Function:  Execute Ubergraph Player Character Graph:  EventGraph Node:  Get Grid Pos 
[2020.08.06-10.03.27:875][231]LogSlate: Updating window title bar state: overlay mode, drag disabled, window buttons hidden, title bar hidden
[2020.08.06-10.03.27:875][231]LogWorld: BeginTearingDown for /Game/_MapFolder/UEDPIE_0_TestWorldGeneration
[2020.08.06-10.03.27:875][231]LogWorld: UWorld::CleanupWorld for TestWorldGeneration, bSessionEnded=true, bCleanupResources=true
[2020.08.06-10.03.27:881][231]LogSlate: InvalidateAllWidgets triggered.  All widgets were invalidated
[2020.08.06-10.03.27:889][231]LogPlayLevel: Display: Shutting down PIE online subsystems
[2020.08.06-10.03.27:894][231]LogSlate: InvalidateAllWidgets triggered.  All widgets were invalidated
[2020.08.06-10.03.27:923][231]LogSlate: Updating window title bar state: overlay mode, drag disabled, window buttons hidden, title bar hidden
[2020.08.06-10.03.27:946][231]LogAISub: UAISubsystem::~UAISubsystem AIPerceptionSystem (0000025E8A075E40), frame # 11231
[2020.08.06-10.03.27:946][231]LogAISub: UAISubsystem::~UAISubsystem EnvQueryManager (0000025E90AEAC00), frame # 11231
[2020.08.06-10.03.27:950][231]LogUObjectHash: Compacting FUObjectHashTables data took   2.61ms
[2020.08.06-10.03.27:997][232]LogPlayLevel: Display: Destroying online subsystem :Context_9
[2020.08.06-10.03.49:786][756]LogUObjectHash: Compacting FUObjectHashTables data took   2.36ms
[2020.08.06-10.03.49:829][756]LogSavePackage: Moving '../../../../../../Users/doria/Documents/GitHub/Unending/MyProject/Saved/TestWorldGeneration5C035EE040F898A0EDB7E188743A3AE2.tmp' to '../../../../../../Users/doria/Documents/GitHub/Unending/MyProject/Content/_MapFolder/TestWorldGeneration.umap'
[2020.08.06-10.03.49:880][756]AssetCheck: New page: Asset Save: TestWorldGeneration
[2020.08.06-10.03.49:880][756]LogContentValidation: Display: Validating World /Game/_MapFolder/TestWorldGeneration.TestWorldGeneration
[2020.08.06-10.03.50:771][858]LogTemp: Repeating last play command: Selected Viewport
[2020.08.06-10.03.50:797][858]LogPlayLevel: PlayLevel: No blueprints needed recompiling
[2020.08.06-10.03.50:797][858]PIE: New page: PIE session: TestWorldGeneration (6 août 2020 à 14:03:50)
[2020.08.06-10.03.50:797][858]LogPlayLevel: Creating play world package: /Game/_MapFolder/UEDPIE_0_TestWorldGeneration
[2020.08.06-10.03.50:799][858]LogPlayLevel: PIE: StaticDuplicateObject took: (0.002267s)
[2020.08.06-10.03.50:800][858]LogAIModule: Creating AISystem for world TestWorldGeneration
[2020.08.06-10.03.50:800][858]LogAISub: UAISubsystem::UAISubsystem EnvQueryManager (0000025ECFF06000), frame # 13858
[2020.08.06-10.03.50:800][858]LogAISub: UAISubsystem::UAISubsystem AIPerceptionSystem (0000025E87474CC0), frame # 13858
[2020.08.06-10.03.50:800][858]LogPlayLevel: PIE: World Init took: (0.001035s)
[2020.08.06-10.03.50:800][858]LogPlayLevel: PIE: Created PIE world by copying editor world from /Game/_MapFolder/TestWorldGeneration.TestWorldGeneration to /Game/_MapFolder/UEDPIE_0_TestWorldGeneration.TestWorldGeneration (0.003421s)
[2020.08.06-10.03.50:829][858]LogUObjectHash: Compacting FUObjectHashTables data took   2.32ms
[2020.08.06-10.03.50:830][858]LogAudioMixer: Display: Audio Mixer Platform Settings:
[2020.08.06-10.03.50:830][858]LogAudioMixer: Display: 	Sample Rate:						  48000
[2020.08.06-10.03.50:830][858]LogAudioMixer: Display: 	Callback Buffer Frame Size Requested: 1024
[2020.08.06-10.03.50:830][858]LogAudioMixer: Display: 	Callback Buffer Frame Size To Use:	  1024
[2020.08.06-10.03.50:830][858]LogAudioMixer: Display: 	Number of buffers to queue:			  2
[2020.08.06-10.03.50:830][858]LogAudioMixer: Display: 	Max Channels (voices):				  32
[2020.08.06-10.03.50:830][858]LogAudioMixer: Display: 	Number of Async Source Workers:		  0
[2020.08.06-10.03.50:830][858]LogAudio: Display: AudioDevice MaxSources: 32
[2020.08.06-10.03.50:831][858]LogAudio: Display: Using built-in audio occlusion.
[2020.08.06-10.03.50:831][858]LogAudioMixer: Display: Initializing audio mixer.
[2020.08.06-10.03.50:834][858]LogAudioMixer: Display: 0: FrontLeft
[2020.08.06-10.03.50:834][858]LogAudioMixer: Display: 1: FrontRight
[2020.08.06-10.03.50:869][858]LogAudioMixer: Display: Using Audio Device Haut-parleurs (Realtek High Definition Audio)
[2020.08.06-10.03.50:869][858]LogAudioMixer: Display: Initializing Sound Submixes...
[2020.08.06-10.03.50:869][858]LogAudioMixer: Display: Creating Master Submix 'MasterSubmixDefault'
[2020.08.06-10.03.50:869][858]LogAudioMixer: Display: Creating Master Submix 'MasterReverbSubmixDefault'
[2020.08.06-10.03.50:870][858]LogAudioMixer: Display: Creating Master Submix 'MasterEQSubmixDefault'
[2020.08.06-10.03.50:882][858]LogInit: FAudioDevice initialized.
[2020.08.06-10.03.50:893][858]LogLoad: Game class is 'PlayerGM_C'
[2020.08.06-10.03.50:894][858]LogWorld: Bringing World /Game/_MapFolder/UEDPIE_0_TestWorldGeneration.TestWorldGeneration up for play (max tick rate 0) at 2020.08.06-12.03.50
[2020.08.06-10.03.50:894][858]LogWorld: Bringing up level for play took: 0.000451
[2020.08.06-10.03.50:894][858]LogOnline: OSS: Creating online subsystem instance for: :Context_10
