Log file open, 08/28/20 10:46:41
LogInit: Display: Running engine for game: Unending
LogPlatformFile: Not using cached read wrapper
LogTaskGraph: Started task graph with 5 named threads and 47 total threads with 3 sets of task threads.
LogStats: Stats thread started at 0.951001
LogD3D11RHI: Loaded GFSDK_Aftermath_Lib.x64.dll
LogICUInternationalization: ICU TimeZone Detection - Raw Offset: +1:00, Platform Override: ''
LogPluginManager: Mounting plugin Paper2D
LogPluginManager: Mounting plugin AISupport
LogPluginManager: Mounting plugin LightPropagationVolume
LogPluginManager: Mounting plugin CameraShakePreviewer
LogPluginManager: Mounting plugin ActorLayerUtilities
LogPluginManager: Mounting plugin AnimationSharing
LogPluginManager: Mounting plugin CLionSourceCodeAccess
LogPluginManager: Mounting plugin CodeLiteSourceCodeAccess
LogPluginManager: Mounting plugin GitSourceControl
LogPluginManager: Mounting plugin KDevelopSourceCodeAccess
LogPluginManager: Mounting plugin NullSourceCodeAccess
LogPluginManager: Mounting plugin PerforceSourceControl
LogPluginManager: Mounting plugin PlasticSourceControl
LogPluginManager: Mounting plugin RiderSourceCodeAccess
LogPluginManager: Mounting plugin SubversionSourceControl
LogPluginManager: Mounting plugin UObjectPlugin
LogPluginManager: Mounting plugin VisualStudioCodeSourceCodeAccess
LogPluginManager: Mounting plugin VisualStudioSourceCodeAccess
LogPluginManager: Mounting plugin XCodeSourceCodeAccess
LogPluginManager: Mounting plugin AssetManagerEditor
LogPluginManager: Mounting plugin CryptoKeys
LogPluginManager: Mounting plugin CurveEditorTools
LogPluginManager: Mounting plugin DataValidation
LogPluginManager: Mounting plugin EditorScriptingUtilities
LogPluginManager: Mounting plugin FacialAnimation
LogPluginManager: Mounting plugin GameplayTagsEditor
LogPluginManager: Mounting plugin GeometryMode
LogPluginManager: Mounting plugin MacGraphicsSwitching
LogPluginManager: Mounting plugin MaterialAnalyzer
LogPluginManager: Mounting plugin MobileLauncherProfileWizard
LogPluginManager: Mounting plugin PluginBrowser
LogPluginManager: Mounting plugin SpeedTreeImporter
LogPluginManager: Mounting plugin DatasmithContent
LogPluginManager: Mounting plugin VariantManagerContent
LogPluginManager: Mounting plugin AlembicImporter
LogPluginManager: Mounting plugin AutomationUtils
LogPluginManager: Mounting plugin BackChannel
LogPluginManager: Mounting plugin ChaosCloth
LogPluginManager: Mounting plugin ChaosClothEditor
LogPluginManager: Mounting plugin ChaosEditor
LogPluginManager: Mounting plugin ChaosNiagara
LogPluginManager: Mounting plugin ChaosSolverPlugin
LogPluginManager: Mounting plugin CharacterAI
LogPluginManager: Mounting plugin GeometryCache
LogPluginManager: Mounting plugin GeometryCollectionPlugin
LogPluginManager: Mounting plugin GeometryProcessing
LogPluginManager: Mounting plugin PlanarCut
LogPluginManager: Mounting plugin PlatformCrypto
LogPluginManager: Mounting plugin ProxyLODPlugin
LogPluginManager: Mounting plugin PythonScriptPlugin
LogPluginManager: Mounting plugin SkeletalReduction
LogPluginManager: Mounting plugin Niagara
LogPluginManager: Mounting plugin MagicLeap
LogPluginManager: Mounting plugin MagicLeapLightEstimation
LogPluginManager: Mounting plugin MagicLeapMedia
LogPluginManager: Mounting plugin MagicLeapPassableWorld
LogPluginManager: Mounting plugin MLSDK
LogPluginManager: Mounting plugin AutoSizeComments
LogPluginManager: Mounting plugin AndroidMedia
LogPluginManager: Mounting plugin AvfMedia
LogPluginManager: Mounting plugin ImgMedia
LogPluginManager: Mounting plugin MediaCompositing
LogPluginManager: Mounting plugin MediaPlayerEditor
LogPluginManager: Mounting plugin WebMMedia
LogPluginManager: Mounting plugin WmfMedia
LogPluginManager: Mounting plugin MegascansPlugin
LogPluginManager: Mounting plugin MeshPainting
LogPluginManager: Mounting plugin TcpMessaging
LogPluginManager: Mounting plugin UdpMessaging
LogPluginManager: Mounting plugin ActorSequence
LogPluginManager: Mounting plugin LevelSequenceEditor
LogPluginManager: Mounting plugin MatineeToLevelSequence
LogPluginManager: Mounting plugin MovieRenderPipeline
LogPluginManager: Mounting plugin TemplateSequence
LogPluginManager: Mounting plugin NetcodeUnitTest
LogPluginManager: Mounting plugin NUTUnrealEngine4
LogPluginManager: Mounting plugin OnlineSubsystemGooglePlay
LogPluginManager: Mounting plugin OnlineSubsystemIOS
LogPluginManager: Mounting plugin OnlineSubsystem
LogPluginManager: Mounting plugin OnlineSubsystemNull
LogPluginManager: Mounting plugin OnlineSubsystemUtils
LogPluginManager: Mounting plugin LauncherChunkInstaller
LogPluginManager: Mounting plugin AndroidDeviceProfileSelector
LogPluginManager: Mounting plugin AndroidMoviePlayer
LogPluginManager: Mounting plugin AndroidPermission
LogPluginManager: Mounting plugin AppleImageUtils
LogPluginManager: Mounting plugin AppleMoviePlayer
LogPluginManager: Mounting plugin ArchVisCharacter
LogPluginManager: Mounting plugin AssetTags
LogPluginManager: Mounting plugin AudioCapture
LogPluginManager: Mounting plugin CableComponent
LogPluginManager: Mounting plugin CustomMeshComponent
LogPluginManager: Mounting plugin EditableMesh
LogPluginManager: Mounting plugin ExampleDeviceProfileSelector
LogPluginManager: Mounting plugin GoogleCloudMessaging
LogPluginManager: Mounting plugin GooglePAD
LogPluginManager: Mounting plugin IOSDeviceProfileSelector
LogPluginManager: Mounting plugin LinuxDeviceProfileSelector
LogPluginManager: Mounting plugin LocationServicesBPLibrary
LogPluginManager: Mounting plugin MobilePatchingUtils
LogPluginManager: Mounting plugin OculusVR
LogPluginManager: Mounting plugin PhysXVehicles
LogPluginManager: Mounting plugin PostSplashScreen
LogPluginManager: Mounting plugin ProceduralMeshComponent
LogPluginManager: Mounting plugin RuntimePhysXCooking
LogPluginManager: Mounting plugin SignificanceManager
LogPluginManager: Mounting plugin SoundFields
LogPluginManager: Mounting plugin SteamVR
LogPluginManager: Mounting plugin SunPosition
LogPluginManager: Mounting plugin Synthesis
LogPluginManager: Mounting plugin WebMMoviePlayer
LogPluginManager: Mounting plugin WindowsMoviePlayer
LogPluginManager: Mounting plugin ScreenshotTools
LogInit: Using libcurl 7.55.1-DEV
LogInit:  - built for x86_64-pc-win32
LogInit:  - supports SSL with OpenSSL/1.1.1
LogInit:  - supports HTTP deflate (compression) using libz 1.2.8
LogInit:  - other features:
LogInit:      CURL_VERSION_SSL
LogInit:      CURL_VERSION_LIBZ
LogInit:      CURL_VERSION_IPV6
LogInit:      CURL_VERSION_ASYNCHDNS
LogInit:      CURL_VERSION_LARGEFILE
LogInit:      CURL_VERSION_IDN
LogInit:  CurlRequestOptions (configurable via config and command line):
LogInit:  - bVerifyPeer = true  - Libcurl will verify peer certificate
LogInit:  - bUseHttpProxy = false  - Libcurl will NOT use HTTP proxy
LogInit:  - bDontReuseConnections = false  - Libcurl will reuse connections
LogInit:  - MaxHostConnections = 16  - Libcurl will limit the number of connections to a host
LogInit:  - LocalHostAddr = Default
LogInit:  - BufferSize = 65536
LogOnline: OSS: Creating online subsystem instance for: NULL
LogInit: WinSock: version 1.1 (2.2), MaxSocks=32767, MaxUdp=65467
LogOnline: OSS: TryLoadSubsystemAndSetDefault: Loaded subsystem for module [NULL]
LogInit: Build: ++UE4+Release-4.25-CL-13942748
LogInit: Engine Version: 4.25.3-13942748+++UE4+Release-4.25
LogInit: Compatible Engine Version: 4.25.0-13144385+++UE4+Release-4.25
LogInit: Net CL: 13144385
LogInit: OS: Windows 10 (Release 1909) (), CPU: AMD Ryzen 7 2700X Eight-Core Processor         , GPU: NVIDIA GeForce RTX 2060 SUPER
LogInit: Compiled (64-bit): Jul 25 2020 02:07:48
LogInit: Compiled with Visual C++: 19.24.28315.00
LogInit: Build Configuration: Development
LogInit: Branch Name: ++UE4+Release-4.25
LogInit: Command Line: 
LogInit: Base Directory: C:/Program Files/Epic Games/UE_4.25/Engine/Binaries/Win64/
LogInit: Allocator: TBB
LogInit: Installed Engine Build: 1
LogDevObjectVersion: Number of dev versions registered: 26
LogDevObjectVersion:   Dev-Blueprints (B0D832E4-1F89-4F0D-ACCF-7EB736FD4AA2): 10
LogDevObjectVersion:   Dev-Build (E1C64328-A22C-4D53-A36C-8E866417BD8C): 0
LogDevObjectVersion:   Dev-Core (375EC13C-06E4-48FB-B500-84F0262A717E): 4
LogDevObjectVersion:   Dev-Editor (E4B068ED-F494-42E9-A231-DA0B2E46BB41): 38
LogDevObjectVersion:   Dev-Framework (CFFC743F-43B0-4480-9391-14DF171D2073): 37
LogDevObjectVersion:   Dev-Mobile (B02B49B5-BB20-44E9-A304-32B752E40360): 2
LogDevObjectVersion:   Dev-Networking (A4E4105C-59A1-49B5-A7C5-40C4547EDFEE): 0
LogDevObjectVersion:   Dev-Online (39C831C9-5AE6-47DC-9A44-9C173E1C8E7C): 0
LogDevObjectVersion:   Dev-Physics (78F01B33-EBEA-4F98-B9B4-84EACCB95AA2): 4
LogDevObjectVersion:   Dev-Platform (6631380F-2D4D-43E0-8009-CF276956A95A): 0
LogDevObjectVersion:   Dev-Rendering (12F88B9F-8875-4AFC-A67C-D90C383ABD29): 43
LogDevObjectVersion:   Dev-Sequencer (7B5AE74C-D270-4C10-A958-57980B212A5A): 12
LogDevObjectVersion:   Dev-VR (D7296918-1DD6-4BDD-9DE2-64A83CC13884): 3
LogDevObjectVersion:   Dev-LoadTimes (C2A15278-BFE7-4AFE-6C17-90FF531DF755): 1
LogDevObjectVersion:   Private-Geometry (6EACA3D4-40EC-4CC1-B786-8BED09428FC5): 3
LogDevObjectVersion:   Dev-AnimPhys (29E575DD-E0A3-4627-9D10-D276232CDCEA): 17
LogDevObjectVersion:   Dev-Anim (AF43A65D-7FD3-4947-9873-3E8ED9C1BB05): 7
LogDevObjectVersion:   Dev-ReflectionCapture (6B266CEC-1EC7-4B8F-A30B-E4D90942FC07): 1
LogDevObjectVersion:   Dev-Automation (0DF73D61-A23F-47EA-B727-89E90C41499A): 1
LogDevObjectVersion:   FortniteMain (601D1886-AC64-4F84-AA16-D3DE0DEAC7D6): 31
LogDevObjectVersion:   Dev-Enterprise (9DFFBCD6-494F-0158-E221-12823C92A888): 10
LogDevObjectVersion:   Dev-Niagara (F2AED0AC-9AFE-416F-8664-AA7FFA26D6FC): 1
LogDevObjectVersion:   Dev-Destruction (174F1F0B-B4C6-45A5-B13F-2EE8D0FB917D): 10
LogDevObjectVersion:   Dev-Physics-Ext (35F94A83-E258-406C-A318-09F59610247C): 37
LogDevObjectVersion:   Dev-PhysicsMaterial-Chaos (B68FC16E-8B1B-42E2-B453-215C058844FE): 1
LogDevObjectVersion:   Dev-CineCamera (B2E18506-4273-CFC2-A54E-F4BB758BBA07): 1
LogInit: Presizing for max 25165824 objects, including 0 objects not considered by GC, pre-allocating 0 bytes for permanent pool.
LogConfig: Applying CVar settings from Section [/Script/Engine.StreamingSettings] File [C:/Users/doria/Documents/GitHub/Unending/MyProject/Saved/Config/Windows/Engine.ini]
LogConfig: Setting CVar [[s.MinBulkDataSizeForAsyncLoading:131072]]
LogConfig: Setting CVar [[s.AsyncLoadingThreadEnabled:0]]
LogConfig: Setting CVar [[s.EventDrivenLoaderEnabled:1]]
LogConfig: Setting CVar [[s.WarnIfTimeLimitExceeded:0]]
LogConfig: Setting CVar [[s.TimeLimitExceededMultiplier:1.5]]
LogConfig: Setting CVar [[s.TimeLimitExceededMinTime:0.005]]
LogConfig: Setting CVar [[s.UseBackgroundLevelStreaming:1]]
LogConfig: Setting CVar [[s.PriorityAsyncLoadingExtraTime:15.0]]
LogConfig: Setting CVar [[s.LevelStreamingActorsUpdateTimeLimit:5.0]]
LogConfig: Setting CVar [[s.PriorityLevelStreamingActorsUpdateExtraTime:5.0]]
LogConfig: Setting CVar [[s.LevelStreamingComponentsRegistrationGranularity:10]]
LogConfig: Setting CVar [[s.UnregisterComponentsTimeLimit:1.0]]
LogConfig: Setting CVar [[s.LevelStreamingComponentsUnregistrationGranularity:5]]
LogConfig: Setting CVar [[s.FlushStreamingOnExit:1]]
LogInit: Object subsystem initialized
LogConfig: Setting CVar [[con.DebugEarlyDefault:1]]
LogConfig: Setting CVar [[r.setres:1280x720]]
[2020.08.28-08.46.42:864][  0]LogConfig: Setting CVar [[r.VSync:0]]
[2020.08.28-08.46.42:864][  0]LogConfig: Setting CVar [[r.RHICmdBypass:0]]
[2020.08.28-08.46.42:865][  0]LogConfig: Applying CVar settings from Section [/Script/Engine.RendererSettings] File [C:/Users/doria/Documents/GitHub/Unending/MyProject/Saved/Config/Windows/Engine.ini]
[2020.08.28-08.46.42:865][  0]LogConfig: Setting CVar [[r.GPUCrashDebugging:0]]
[2020.08.28-08.46.42:865][  0]LogConfig: Setting CVar [[r.DefaultFeature.AutoExposure:0]]
[2020.08.28-08.46.42:865][  0]LogConfig: Setting CVar [[r.GenerateMeshDistanceFields:1]]
[2020.08.28-08.46.42:865][  0]LogConfig: Applying CVar settings from Section [/Script/Engine.RendererOverrideSettings] File [C:/Users/doria/Documents/GitHub/Unending/MyProject/Saved/Config/Windows/Engine.ini]
[2020.08.28-08.46.42:865][  0]LogConfig: Applying CVar settings from Section [/Script/Engine.StreamingSettings] File [C:/Users/doria/Documents/GitHub/Unending/MyProject/Saved/Config/Windows/Engine.ini]
[2020.08.28-08.46.42:865][  0]LogConfig: Setting CVar [[s.MinBulkDataSizeForAsyncLoading:131072]]
[2020.08.28-08.46.42:865][  0]LogConfig: Setting CVar [[s.AsyncLoadingThreadEnabled:0]]
[2020.08.28-08.46.42:865][  0]LogConfig: Setting CVar [[s.EventDrivenLoaderEnabled:1]]
[2020.08.28-08.46.42:865][  0]LogConfig: Setting CVar [[s.WarnIfTimeLimitExceeded:0]]
[2020.08.28-08.46.42:865][  0]LogConfig: Setting CVar [[s.TimeLimitExceededMultiplier:1.5]]
[2020.08.28-08.46.42:865][  0]LogConfig: Setting CVar [[s.TimeLimitExceededMinTime:0.005]]
[2020.08.28-08.46.42:865][  0]LogConfig: Setting CVar [[s.UseBackgroundLevelStreaming:1]]
[2020.08.28-08.46.42:865][  0]LogConfig: Setting CVar [[s.PriorityAsyncLoadingExtraTime:15.0]]
[2020.08.28-08.46.42:865][  0]LogConfig: Setting CVar [[s.LevelStreamingActorsUpdateTimeLimit:5.0]]
[2020.08.28-08.46.42:865][  0]LogConfig: Setting CVar [[s.PriorityLevelStreamingActorsUpdateExtraTime:5.0]]
[2020.08.28-08.46.42:865][  0]LogConfig: Setting CVar [[s.LevelStreamingComponentsRegistrationGranularity:10]]
[2020.08.28-08.46.42:865][  0]LogConfig: Setting CVar [[s.UnregisterComponentsTimeLimit:1.0]]
[2020.08.28-08.46.42:865][  0]LogConfig: Setting CVar [[s.LevelStreamingComponentsUnregistrationGranularity:5]]
[2020.08.28-08.46.42:865][  0]LogConfig: Setting CVar [[s.FlushStreamingOnExit:1]]
[2020.08.28-08.46.42:865][  0]LogConfig: Applying CVar settings from Section [/Script/Engine.GarbageCollectionSettings] File [C:/Users/doria/Documents/GitHub/Unending/MyProject/Saved/Config/Windows/Engine.ini]
[2020.08.28-08.46.42:865][  0]LogConfig: Setting CVar [[gc.MaxObjectsNotConsideredByGC:1]]
[2020.08.28-08.46.42:865][  0]LogConfig: Setting CVar [[gc.SizeOfPermanentObjectPool:0]]
[2020.08.28-08.46.42:865][  0]LogConfig: Setting CVar [[gc.FlushStreamingOnGC:0]]
[2020.08.28-08.46.42:865][  0]LogConfig: Setting CVar [[gc.NumRetriesBeforeForcingGC:10]]
[2020.08.28-08.46.42:865][  0]LogConfig: Setting CVar [[gc.AllowParallelGC:1]]
[2020.08.28-08.46.42:865][  0]LogConfig: Setting CVar [[gc.TimeBetweenPurgingPendingKillObjects:61.1]]
[2020.08.28-08.46.42:865][  0]LogConfig: Setting CVar [[gc.MaxObjectsInEditor:25165824]]
[2020.08.28-08.46.42:865][  0]LogConfig: Setting CVar [[gc.IncrementalBeginDestroyEnabled:1]]
[2020.08.28-08.46.42:865][  0]LogConfig: Setting CVar [[gc.CreateGCClusters:1]]
[2020.08.28-08.46.42:865][  0]LogConfig: Setting CVar [[gc.MinGCClusterSize:5]]
[2020.08.28-08.46.42:865][  0]LogConfig: Setting CVar [[gc.ActorClusteringEnabled:0]]
[2020.08.28-08.46.42:865][  0]LogConfig: Setting CVar [[gc.BlueprintClusteringEnabled:0]]
[2020.08.28-08.46.42:865][  0]LogConfig: Setting CVar [[gc.UseDisregardForGCOnDedicatedServers:0]]
[2020.08.28-08.46.42:865][  0]LogConfig: Applying CVar settings from Section [/Script/Engine.NetworkSettings] File [C:/Users/doria/Documents/GitHub/Unending/MyProject/Saved/Config/Windows/Engine.ini]
[2020.08.28-08.46.42:865][  0]LogConfig: Applying CVar settings from Section [/Script/UnrealEd.CookerSettings] File [C:/Users/doria/Documents/GitHub/Unending/MyProject/Saved/Config/Windows/Engine.ini]
[2020.08.28-08.46.42:872][  0]LogConfig: Applying CVar settings from Section [ViewDistanceQuality@3] File [C:/Users/doria/Documents/GitHub/Unending/MyProject/Saved/Config/Windows/Scalability.ini]
[2020.08.28-08.46.42:872][  0]LogConfig: Setting CVar [[r.SkeletalMeshLODBias:0]]
[2020.08.28-08.46.42:872][  0]LogConfig: Setting CVar [[r.ViewDistanceScale:1.0]]
[2020.08.28-08.46.42:872][  0]LogConfig: Applying CVar settings from Section [AntiAliasingQuality@3] File [C:/Users/doria/Documents/GitHub/Unending/MyProject/Saved/Config/Windows/Scalability.ini]
[2020.08.28-08.46.42:872][  0]LogConfig: Setting CVar [[r.PostProcessAAQuality:4]]
[2020.08.28-08.46.42:872][  0]LogConfig: Applying CVar settings from Section [ShadowQuality@3] File [C:/Users/doria/Documents/GitHub/Unending/MyProject/Saved/Config/Windows/Scalability.ini]
[2020.08.28-08.46.42:872][  0]LogConfig: Setting CVar [[r.LightFunctionQuality:1]]
[2020.08.28-08.46.42:872][  0]LogConfig: Setting CVar [[r.ShadowQuality:5]]
[2020.08.28-08.46.42:872][  0]LogConfig: Setting CVar [[r.Shadow.CSM.MaxCascades:10]]
[2020.08.28-08.46.42:872][  0]LogConfig: Setting CVar [[r.Shadow.MaxResolution:2048]]
[2020.08.28-08.46.42:872][  0]LogConfig: Setting CVar [[r.Shadow.MaxCSMResolution:2048]]
[2020.08.28-08.46.42:872][  0]LogConfig: Setting CVar [[r.Shadow.RadiusThreshold:0.01]]
[2020.08.28-08.46.42:872][  0]LogConfig: Setting CVar [[r.Shadow.DistanceScale:1.0]]
[2020.08.28-08.46.42:872][  0]LogConfig: Setting CVar [[r.Shadow.CSM.TransitionScale:1.0]]
[2020.08.28-08.46.42:872][  0]LogConfig: Setting CVar [[r.Shadow.PreShadowResolutionFactor:1.0]]
[2020.08.28-08.46.42:872][  0]LogConfig: Setting CVar [[r.DistanceFieldShadowing:1]]
[2020.08.28-08.46.42:872][  0]LogConfig: Setting CVar [[r.DistanceFieldAO:1]]
[2020.08.28-08.46.42:872][  0]LogConfig: Setting CVar [[r.AOQuality:2]]
[2020.08.28-08.46.42:872][  0]LogConfig: Setting CVar [[r.VolumetricFog:1]]
[2020.08.28-08.46.42:872][  0]LogConfig: Setting CVar [[r.VolumetricFog.GridPixelSize:8]]
[2020.08.28-08.46.42:872][  0]LogConfig: Setting CVar [[r.VolumetricFog.GridSizeZ:128]]
[2020.08.28-08.46.42:872][  0]LogConfig: Setting CVar [[r.VolumetricFog.HistoryMissSupersampleCount:4]]
[2020.08.28-08.46.42:872][  0]LogConfig: Setting CVar [[r.LightMaxDrawDistanceScale:1]]
[2020.08.28-08.46.42:872][  0]LogConfig: Setting CVar [[r.CapsuleShadows:1]]
[2020.08.28-08.46.42:872][  0]LogConfig: Applying CVar settings from Section [PostProcessQuality@3] File [C:/Users/doria/Documents/GitHub/Unending/MyProject/Saved/Config/Windows/Scalability.ini]
[2020.08.28-08.46.42:872][  0]LogConfig: Setting CVar [[r.MotionBlurQuality:4]]
[2020.08.28-08.46.42:872][  0]LogConfig: Setting CVar [[r.AmbientOcclusionMipLevelFactor:0.4]]
[2020.08.28-08.46.42:873][  0]LogConfig: Setting CVar [[r.AmbientOcclusionMaxQuality:100]]
[2020.08.28-08.46.42:873][  0]LogConfig: Setting CVar [[r.AmbientOcclusionLevels:-1]]
[2020.08.28-08.46.42:873][  0]LogConfig: Setting CVar [[r.AmbientOcclusionRadiusScale:1.0]]
[2020.08.28-08.46.42:873][  0]LogConfig: Setting CVar [[r.DepthOfFieldQuality:2]]
[2020.08.28-08.46.42:873][  0]LogConfig: Setting CVar [[r.RenderTargetPoolMin:400]]
[2020.08.28-08.46.42:873][  0]LogConfig: Setting CVar [[r.LensFlareQuality:2]]
[2020.08.28-08.46.42:873][  0]LogConfig: Setting CVar [[r.SceneColorFringeQuality:1]]
[2020.08.28-08.46.42:873][  0]LogConfig: Setting CVar [[r.EyeAdaptationQuality:2]]
[2020.08.28-08.46.42:873][  0]LogConfig: Setting CVar [[r.BloomQuality:5]]
[2020.08.28-08.46.42:873][  0]LogConfig: Setting CVar [[r.FastBlurThreshold:100]]
[2020.08.28-08.46.42:873][  0]LogConfig: Setting CVar [[r.Upscale.Quality:3]]
[2020.08.28-08.46.42:873][  0]LogConfig: Setting CVar [[r.Tonemapper.GrainQuantization:1]]
[2020.08.28-08.46.42:873][  0]LogConfig: Setting CVar [[r.LightShaftQuality:1]]
[2020.08.28-08.46.42:873][  0]LogConfig: Setting CVar [[r.Filter.SizeScale:1]]
[2020.08.28-08.46.42:873][  0]LogConfig: Setting CVar [[r.Tonemapper.Quality:5]]
[2020.08.28-08.46.42:873][  0]LogConfig: Setting CVar [[r.DOF.Gather.AccumulatorQuality:1        ; higher gathering accumulator quality]]
[2020.08.28-08.46.42:873][  0]LogConfig: Setting CVar [[r.DOF.Gather.PostfilterMethod:1          ; Median3x3 postfilering method]]
[2020.08.28-08.46.42:873][  0]LogConfig: Setting CVar [[r.DOF.Gather.EnableBokehSettings:0       ; no bokeh simulation when gathering]]
[2020.08.28-08.46.42:873][  0]LogConfig: Setting CVar [[r.DOF.Gather.RingCount:4                 ; medium number of samples when gathering]]
[2020.08.28-08.46.42:873][  0]LogConfig: Setting CVar [[r.DOF.Scatter.ForegroundCompositing:1    ; additive foreground scattering]]
[2020.08.28-08.46.42:873][  0]LogConfig: Setting CVar [[r.DOF.Scatter.BackgroundCompositing:2    ; additive background scattering]]
[2020.08.28-08.46.42:873][  0]LogConfig: Setting CVar [[r.DOF.Scatter.EnableBokehSettings:1      ; bokeh simulation when scattering]]
[2020.08.28-08.46.42:873][  0]LogConfig: Setting CVar [[r.DOF.Scatter.MaxSpriteRatio:0.1         ; only a maximum of 10% of scattered bokeh]]
[2020.08.28-08.46.42:873][  0]LogConfig: Setting CVar [[r.DOF.Recombine.Quality:1                ; cheap slight out of focus]]
[2020.08.28-08.46.42:873][  0]LogConfig: Setting CVar [[r.DOF.Recombine.EnableBokehSettings:0    ; no bokeh simulation on slight out of focus]]
[2020.08.28-08.46.42:873][  0]LogConfig: Setting CVar [[r.DOF.TemporalAAQuality:1                ; more stable temporal accumulation]]
[2020.08.28-08.46.42:873][  0]LogConfig: Setting CVar [[r.DOF.Kernel.MaxForegroundRadius:0.025]]
[2020.08.28-08.46.42:873][  0]LogConfig: Setting CVar [[r.DOF.Kernel.MaxBackgroundRadius:0.025]]
[2020.08.28-08.46.42:873][  0]LogConfig: Applying CVar settings from Section [TextureQuality@3] File [C:/Users/doria/Documents/GitHub/Unending/MyProject/Saved/Config/Windows/Scalability.ini]
[2020.08.28-08.46.42:873][  0]LogConfig: Setting CVar [[r.Streaming.MipBias:0]]
[2020.08.28-08.46.42:873][  0]LogConfig: Setting CVar [[r.Streaming.AmortizeCPUToGPUCopy:0]]
[2020.08.28-08.46.42:873][  0]LogConfig: Setting CVar [[r.Streaming.MaxNumTexturesToStreamPerFrame:0]]
[2020.08.28-08.46.42:873][  0]LogConfig: Setting CVar [[r.Streaming.Boost:1]]
[2020.08.28-08.46.42:873][  0]LogConfig: Setting CVar [[r.MaxAnisotropy:8]]
[2020.08.28-08.46.42:873][  0]LogConfig: Setting CVar [[r.VT.MaxAnisotropy:8]]
[2020.08.28-08.46.42:873][  0]LogConfig: Setting CVar [[r.Streaming.LimitPoolSizeToVRAM:0]]
[2020.08.28-08.46.42:873][  0]LogConfig: Setting CVar [[r.Streaming.PoolSize:1000]]
[2020.08.28-08.46.42:873][  0]LogConfig: Setting CVar [[r.Streaming.MaxEffectiveScreenSize:0]]
[2020.08.28-08.46.42:873][  0]LogConfig: Applying CVar settings from Section [EffectsQuality@3] File [C:/Users/doria/Documents/GitHub/Unending/MyProject/Saved/Config/Windows/Scalability.ini]
[2020.08.28-08.46.42:873][  0]LogConfig: Setting CVar [[r.TranslucencyLightingVolumeDim:64]]
[2020.08.28-08.46.42:873][  0]LogConfig: Setting CVar [[r.RefractionQuality:2]]
[2020.08.28-08.46.42:873][  0]LogConfig: Setting CVar [[r.SSR.Quality:3]]
[2020.08.28-08.46.42:873][  0]LogConfig: Setting CVar [[r.SSR.HalfResSceneColor:0]]
[2020.08.28-08.46.42:873][  0]LogConfig: Setting CVar [[r.SceneColorFormat:4]]
[2020.08.28-08.46.42:873][  0]LogConfig: Setting CVar [[r.DetailMode:2]]
[2020.08.28-08.46.42:873][  0]LogConfig: Setting CVar [[r.TranslucencyVolumeBlur:1]]
[2020.08.28-08.46.42:873][  0]LogConfig: Setting CVar [[r.MaterialQualityLevel:1 ; High quality]]
[2020.08.28-08.46.42:873][  0]LogConfig: Setting CVar [[r.SSS.Scale:1]]
[2020.08.28-08.46.42:873][  0]LogConfig: Setting CVar [[r.SSS.SampleSet:2]]
[2020.08.28-08.46.42:873][  0]LogConfig: Setting CVar [[r.SSS.Quality:1]]
[2020.08.28-08.46.42:873][  0]LogConfig: Setting CVar [[r.SSS.HalfRes:0]]
[2020.08.28-08.46.42:873][  0]LogConfig: Setting CVar [[r.SSGI.Quality:3]]
[2020.08.28-08.46.42:873][  0]LogConfig: Setting CVar [[r.EmitterSpawnRateScale:1.0]]
[2020.08.28-08.46.42:873][  0]LogConfig: Setting CVar [[r.ParticleLightQuality:2]]
[2020.08.28-08.46.42:873][  0]LogConfig: Setting CVar [[r.SkyAtmosphere.AerialPerspectiveLUT.FastApplyOnOpaque:1 ; Always have FastSkyLUT 1 in this case to avoid wrong sky]]
[2020.08.28-08.46.42:873][  0]LogConfig: Setting CVar [[r.SkyAtmosphere.AerialPerspectiveLUT.SampleCountPerSlice:1]]
[2020.08.28-08.46.42:873][  0]LogConfig: Setting CVar [[r.SkyAtmosphere.AerialPerspectiveLUT.DepthResolution:16.0]]
[2020.08.28-08.46.42:873][  0]LogConfig: Setting CVar [[r.SkyAtmosphere.FastSkyLUT:1]]
[2020.08.28-08.46.42:873][  0]LogConfig: Setting CVar [[r.SkyAtmosphere.FastSkyLUT.SampleCountMin:4.0]]
[2020.08.28-08.46.42:873][  0]LogConfig: Setting CVar [[r.SkyAtmosphere.FastSkyLUT.SampleCountMax:32.0]]
[2020.08.28-08.46.42:873][  0]LogConfig: Setting CVar [[r.SkyAtmosphere.SampleCountMin:4.0]]
[2020.08.28-08.46.42:873][  0]LogConfig: Setting CVar [[r.SkyAtmosphere.SampleCountMax:32.0]]
[2020.08.28-08.46.42:873][  0]LogConfig: Setting CVar [[r.SkyAtmosphere.TransmittanceLUT.UseSmallFormat:0]]
[2020.08.28-08.46.42:873][  0]LogConfig: Setting CVar [[r.SkyAtmosphere.TransmittanceLUT.SampleCount:10.0]]
[2020.08.28-08.46.42:873][  0]LogConfig: Setting CVar [[r.SkyAtmosphere.MultiScatteringLUT.SampleCount:15.0]]
[2020.08.28-08.46.42:873][  0]LogConfig: Applying CVar settings from Section [FoliageQuality@3] File [C:/Users/doria/Documents/GitHub/Unending/MyProject/Saved/Config/Windows/Scalability.ini]
[2020.08.28-08.46.42:873][  0]LogConfig: Setting CVar [[foliage.DensityScale:1.0]]
[2020.08.28-08.46.42:873][  0]LogConfig: Setting CVar [[grass.DensityScale:1.0]]
[2020.08.28-08.46.42:873][  0]LogConfig: Applying CVar settings from Section [ShadingQuality@3] File [C:/Users/doria/Documents/GitHub/Unending/MyProject/Saved/Config/Windows/Scalability.ini]
[2020.08.28-08.46.42:873][  0]LogConfig: Setting CVar [[r.HairStrands.SkyLighting.SampleCount:16]]
[2020.08.28-08.46.42:874][  0]LogConfig: Setting CVar [[r.HairStrands.SkyLighting.JitterIntegration:0]]
[2020.08.28-08.46.42:874][  0]LogConfig: Setting CVar [[r.HairStrands.SkyAO.SampleCount:16]]
[2020.08.28-08.46.42:874][  0]LogConfig: Setting CVar [[r.HairStrands.DeepShadow.SuperSampling:0]]
[2020.08.28-08.46.42:874][  0]LogConfig: Setting CVar [[r.HairStrands.VisibilityPPLL:0]]
[2020.08.28-08.46.42:874][  0]LogConfig: Setting CVar [[r.HairStrands.RasterizationScale:0.5]]
[2020.08.28-08.46.42:874][  0]LogConfig: Setting CVar [[r.HairStrands.VelocityRasterizationScale:1]]
[2020.08.28-08.46.42:874][  0]LogInit: Selected Device Profile: [Windows]
[2020.08.28-08.46.42:874][  0]LogInit: Applying CVar settings loaded from the selected device profile: [Windows]
[2020.08.28-08.46.42:876][  0]LogHAL: Display: Platform has ~ 32 GB [34287583232 / 34359738368 / 32], which maps to Largest [LargestMinGB=32, LargerMinGB=12, DefaultMinGB=8, SmallerMinGB=6, SmallestMinGB=0)
[2020.08.28-08.46.42:877][  0]LogInit: Going up to parent DeviceProfile []
[2020.08.28-08.46.42:877][  0]LogConfig: Applying CVar settings from Section [ViewDistanceQuality@3] File [C:/Users/doria/Documents/GitHub/Unending/MyProject/Saved/Config/Windows/Scalability.ini]
[2020.08.28-08.46.42:877][  0]LogConfig: Setting CVar [[r.SkeletalMeshLODBias:0]]
[2020.08.28-08.46.42:877][  0]LogConfig: Setting CVar [[r.ViewDistanceScale:1.0]]
[2020.08.28-08.46.42:877][  0]LogConfig: Applying CVar settings from Section [AntiAliasingQuality@3] File [C:/Users/doria/Documents/GitHub/Unending/MyProject/Saved/Config/Windows/Scalability.ini]
[2020.08.28-08.46.42:877][  0]LogConfig: Setting CVar [[r.PostProcessAAQuality:4]]
[2020.08.28-08.46.42:877][  0]LogConfig: Applying CVar settings from Section [ShadowQuality@3] File [C:/Users/doria/Documents/GitHub/Unending/MyProject/Saved/Config/Windows/Scalability.ini]
[2020.08.28-08.46.42:877][  0]LogConfig: Setting CVar [[r.LightFunctionQuality:1]]
[2020.08.28-08.46.42:877][  0]LogConfig: Setting CVar [[r.ShadowQuality:5]]
[2020.08.28-08.46.42:877][  0]LogConfig: Setting CVar [[r.Shadow.CSM.MaxCascades:10]]
[2020.08.28-08.46.42:877][  0]LogConfig: Setting CVar [[r.Shadow.MaxResolution:2048]]
[2020.08.28-08.46.42:877][  0]LogConfig: Setting CVar [[r.Shadow.MaxCSMResolution:2048]]
[2020.08.28-08.46.42:877][  0]LogConfig: Setting CVar [[r.Shadow.RadiusThreshold:0.01]]
[2020.08.28-08.46.42:877][  0]LogConfig: Setting CVar [[r.Shadow.DistanceScale:1.0]]
[2020.08.28-08.46.42:877][  0]LogConfig: Setting CVar [[r.Shadow.CSM.TransitionScale:1.0]]
[2020.08.28-08.46.42:877][  0]LogConfig: Setting CVar [[r.Shadow.PreShadowResolutionFactor:1.0]]
[2020.08.28-08.46.42:877][  0]LogConfig: Setting CVar [[r.DistanceFieldShadowing:1]]
[2020.08.28-08.46.42:877][  0]LogConfig: Setting CVar [[r.DistanceFieldAO:1]]
[2020.08.28-08.46.42:877][  0]LogConfig: Setting CVar [[r.AOQuality:2]]
[2020.08.28-08.46.42:877][  0]LogConfig: Setting CVar [[r.VolumetricFog:1]]
[2020.08.28-08.46.42:877][  0]LogConfig: Setting CVar [[r.VolumetricFog.GridPixelSize:8]]
[2020.08.28-08.46.42:877][  0]LogConfig: Setting CVar [[r.VolumetricFog.GridSizeZ:128]]
[2020.08.28-08.46.42:877][  0]LogConfig: Setting CVar [[r.VolumetricFog.HistoryMissSupersampleCount:4]]
[2020.08.28-08.46.42:877][  0]LogConfig: Setting CVar [[r.LightMaxDrawDistanceScale:1]]
[2020.08.28-08.46.42:877][  0]LogConfig: Setting CVar [[r.CapsuleShadows:1]]
[2020.08.28-08.46.42:877][  0]LogConfig: Applying CVar settings from Section [PostProcessQuality@3] File [C:/Users/doria/Documents/GitHub/Unending/MyProject/Saved/Config/Windows/Scalability.ini]
[2020.08.28-08.46.42:877][  0]LogConfig: Setting CVar [[r.MotionBlurQuality:4]]
[2020.08.28-08.46.42:877][  0]LogConfig: Setting CVar [[r.AmbientOcclusionMipLevelFactor:0.4]]
[2020.08.28-08.46.42:877][  0]LogConfig: Setting CVar [[r.AmbientOcclusionMaxQuality:100]]
[2020.08.28-08.46.42:877][  0]LogConfig: Setting CVar [[r.AmbientOcclusionLevels:-1]]
[2020.08.28-08.46.42:877][  0]LogConfig: Setting CVar [[r.AmbientOcclusionRadiusScale:1.0]]
[2020.08.28-08.46.42:877][  0]LogConfig: Setting CVar [[r.DepthOfFieldQuality:2]]
[2020.08.28-08.46.42:877][  0]LogConfig: Setting CVar [[r.RenderTargetPoolMin:400]]
[2020.08.28-08.46.42:877][  0]LogConfig: Setting CVar [[r.LensFlareQuality:2]]
[2020.08.28-08.46.42:877][  0]LogConfig: Setting CVar [[r.SceneColorFringeQuality:1]]
[2020.08.28-08.46.42:877][  0]LogConfig: Setting CVar [[r.EyeAdaptationQuality:2]]
[2020.08.28-08.46.42:877][  0]LogConfig: Setting CVar [[r.BloomQuality:5]]
[2020.08.28-08.46.42:877][  0]LogConfig: Setting CVar [[r.FastBlurThreshold:100]]
[2020.08.28-08.46.42:877][  0]LogConfig: Setting CVar [[r.Upscale.Quality:3]]
[2020.08.28-08.46.42:877][  0]LogConfig: Setting CVar [[r.Tonemapper.GrainQuantization:1]]
[2020.08.28-08.46.42:877][  0]LogConfig: Setting CVar [[r.LightShaftQuality:1]]
[2020.08.28-08.46.42:877][  0]LogConfig: Setting CVar [[r.Filter.SizeScale:1]]
[2020.08.28-08.46.42:877][  0]LogConfig: Setting CVar [[r.Tonemapper.Quality:5]]
[2020.08.28-08.46.42:877][  0]LogConfig: Setting CVar [[r.DOF.Gather.AccumulatorQuality:1        ; higher gathering accumulator quality]]
[2020.08.28-08.46.42:877][  0]LogConfig: Setting CVar [[r.DOF.Gather.PostfilterMethod:1          ; Median3x3 postfilering method]]
[2020.08.28-08.46.42:877][  0]LogConfig: Setting CVar [[r.DOF.Gather.EnableBokehSettings:0       ; no bokeh simulation when gathering]]
[2020.08.28-08.46.42:877][  0]LogConfig: Setting CVar [[r.DOF.Gather.RingCount:4                 ; medium number of samples when gathering]]
[2020.08.28-08.46.42:877][  0]LogConfig: Setting CVar [[r.DOF.Scatter.ForegroundCompositing:1    ; additive foreground scattering]]
[2020.08.28-08.46.42:877][  0]LogConfig: Setting CVar [[r.DOF.Scatter.BackgroundCompositing:2    ; additive background scattering]]
[2020.08.28-08.46.42:877][  0]LogConfig: Setting CVar [[r.DOF.Scatter.EnableBokehSettings:1      ; bokeh simulation when scattering]]
[2020.08.28-08.46.42:877][  0]LogConfig: Setting CVar [[r.DOF.Scatter.MaxSpriteRatio:0.1         ; only a maximum of 10% of scattered bokeh]]
[2020.08.28-08.46.42:877][  0]LogConfig: Setting CVar [[r.DOF.Recombine.Quality:1                ; cheap slight out of focus]]
[2020.08.28-08.46.42:877][  0]LogConfig: Setting CVar [[r.DOF.Recombine.EnableBokehSettings:0    ; no bokeh simulation on slight out of focus]]
[2020.08.28-08.46.42:877][  0]LogConfig: Setting CVar [[r.DOF.TemporalAAQuality:1                ; more stable temporal accumulation]]
[2020.08.28-08.46.42:877][  0]LogConfig: Setting CVar [[r.DOF.Kernel.MaxForegroundRadius:0.025]]
[2020.08.28-08.46.42:877][  0]LogConfig: Setting CVar [[r.DOF.Kernel.MaxBackgroundRadius:0.025]]
[2020.08.28-08.46.42:877][  0]LogConfig: Applying CVar settings from Section [TextureQuality@3] File [C:/Users/doria/Documents/GitHub/Unending/MyProject/Saved/Config/Windows/Scalability.ini]
[2020.08.28-08.46.42:877][  0]LogConfig: Setting CVar [[r.Streaming.MipBias:0]]
[2020.08.28-08.46.42:877][  0]LogConfig: Setting CVar [[r.Streaming.AmortizeCPUToGPUCopy:0]]
[2020.08.28-08.46.42:877][  0]LogConfig: Setting CVar [[r.Streaming.MaxNumTexturesToStreamPerFrame:0]]
[2020.08.28-08.46.42:877][  0]LogConfig: Setting CVar [[r.Streaming.Boost:1]]
[2020.08.28-08.46.42:877][  0]LogConfig: Setting CVar [[r.MaxAnisotropy:8]]
[2020.08.28-08.46.42:878][  0]LogConfig: Setting CVar [[r.VT.MaxAnisotropy:8]]
[2020.08.28-08.46.42:878][  0]LogConfig: Setting CVar [[r.Streaming.LimitPoolSizeToVRAM:0]]
[2020.08.28-08.46.42:878][  0]LogConfig: Setting CVar [[r.Streaming.PoolSize:1000]]
[2020.08.28-08.46.42:878][  0]LogConfig: Setting CVar [[r.Streaming.MaxEffectiveScreenSize:0]]
[2020.08.28-08.46.42:878][  0]LogConfig: Applying CVar settings from Section [EffectsQuality@3] File [C:/Users/doria/Documents/GitHub/Unending/MyProject/Saved/Config/Windows/Scalability.ini]
[2020.08.28-08.46.42:878][  0]LogConfig: Setting CVar [[r.TranslucencyLightingVolumeDim:64]]
[2020.08.28-08.46.42:878][  0]LogConfig: Setting CVar [[r.RefractionQuality:2]]
[2020.08.28-08.46.42:878][  0]LogConfig: Setting CVar [[r.SSR.Quality:3]]
[2020.08.28-08.46.42:878][  0]LogConfig: Setting CVar [[r.SSR.HalfResSceneColor:0]]
[2020.08.28-08.46.42:878][  0]LogConfig: Setting CVar [[r.SceneColorFormat:4]]
[2020.08.28-08.46.42:878][  0]LogConfig: Setting CVar [[r.DetailMode:2]]
[2020.08.28-08.46.42:878][  0]LogConfig: Setting CVar [[r.TranslucencyVolumeBlur:1]]
[2020.08.28-08.46.42:878][  0]LogConfig: Setting CVar [[r.MaterialQualityLevel:1 ; High quality]]
[2020.08.28-08.46.42:878][  0]LogConfig: Setting CVar [[r.SSS.Scale:1]]
[2020.08.28-08.46.42:878][  0]LogConfig: Setting CVar [[r.SSS.SampleSet:2]]
[2020.08.28-08.46.42:878][  0]LogConfig: Setting CVar [[r.SSS.Quality:1]]
[2020.08.28-08.46.42:878][  0]LogConfig: Setting CVar [[r.SSS.HalfRes:0]]
[2020.08.28-08.46.42:878][  0]LogConfig: Setting CVar [[r.SSGI.Quality:3]]
[2020.08.28-08.46.42:878][  0]LogConfig: Setting CVar [[r.EmitterSpawnRateScale:1.0]]
[2020.08.28-08.46.42:878][  0]LogConfig: Setting CVar [[r.ParticleLightQuality:2]]
[2020.08.28-08.46.42:878][  0]LogConfig: Setting CVar [[r.SkyAtmosphere.AerialPerspectiveLUT.FastApplyOnOpaque:1 ; Always have FastSkyLUT 1 in this case to avoid wrong sky]]
[2020.08.28-08.46.42:878][  0]LogConfig: Setting CVar [[r.SkyAtmosphere.AerialPerspectiveLUT.SampleCountPerSlice:1]]
[2020.08.28-08.46.42:878][  0]LogConfig: Setting CVar [[r.SkyAtmosphere.AerialPerspectiveLUT.DepthResolution:16.0]]
[2020.08.28-08.46.42:878][  0]LogConfig: Setting CVar [[r.SkyAtmosphere.FastSkyLUT:1]]
[2020.08.28-08.46.42:878][  0]LogConfig: Setting CVar [[r.SkyAtmosphere.FastSkyLUT.SampleCountMin:4.0]]
[2020.08.28-08.46.42:878][  0]LogConfig: Setting CVar [[r.SkyAtmosphere.FastSkyLUT.SampleCountMax:32.0]]
[2020.08.28-08.46.42:878][  0]LogConfig: Setting CVar [[r.SkyAtmosphere.SampleCountMin:4.0]]
[2020.08.28-08.46.42:878][  0]LogConfig: Setting CVar [[r.SkyAtmosphere.SampleCountMax:32.0]]
[2020.08.28-08.46.42:878][  0]LogConfig: Setting CVar [[r.SkyAtmosphere.TransmittanceLUT.UseSmallFormat:0]]
[2020.08.28-08.46.42:878][  0]LogConfig: Setting CVar [[r.SkyAtmosphere.TransmittanceLUT.SampleCount:10.0]]
[2020.08.28-08.46.42:878][  0]LogConfig: Setting CVar [[r.SkyAtmosphere.MultiScatteringLUT.SampleCount:15.0]]
[2020.08.28-08.46.42:878][  0]LogConfig: Applying CVar settings from Section [FoliageQuality@3] File [C:/Users/doria/Documents/GitHub/Unending/MyProject/Saved/Config/Windows/Scalability.ini]
[2020.08.28-08.46.42:878][  0]LogConfig: Setting CVar [[foliage.DensityScale:1.0]]
[2020.08.28-08.46.42:878][  0]LogConfig: Setting CVar [[grass.DensityScale:1.0]]
[2020.08.28-08.46.42:878][  0]LogConfig: Applying CVar settings from Section [ShadingQuality@3] File [C:/Users/doria/Documents/GitHub/Unending/MyProject/Saved/Config/Windows/Scalability.ini]
[2020.08.28-08.46.42:878][  0]LogConfig: Setting CVar [[r.HairStrands.SkyLighting.SampleCount:16]]
[2020.08.28-08.46.42:878][  0]LogConfig: Setting CVar [[r.HairStrands.SkyLighting.JitterIntegration:0]]
[2020.08.28-08.46.42:878][  0]LogConfig: Setting CVar [[r.HairStrands.SkyAO.SampleCount:16]]
[2020.08.28-08.46.42:878][  0]LogConfig: Setting CVar [[r.HairStrands.DeepShadow.SuperSampling:0]]
[2020.08.28-08.46.42:878][  0]LogConfig: Setting CVar [[r.HairStrands.VisibilityPPLL:0]]
[2020.08.28-08.46.42:878][  0]LogConfig: Setting CVar [[r.HairStrands.RasterizationScale:0.5]]
[2020.08.28-08.46.42:878][  0]LogConfig: Setting CVar [[r.HairStrands.VelocityRasterizationScale:1]]
[2020.08.28-08.46.42:878][  0]LogConfig: Applying CVar settings from Section [Startup] File [../../../Engine/Config/ConsoleVariables.ini]
[2020.08.28-08.46.42:884][  0]LogConfig: Setting CVar [[net.UseAdaptiveNetUpdateFrequency:0]]
[2020.08.28-08.46.42:884][  0]LogConfig: Setting CVar [[p.chaos.AllowCreatePhysxBodies:1]]
[2020.08.28-08.46.42:884][  0]LogConfig: Setting CVar [[fx.SkipVectorVMBackendOptimizations:1]]
[2020.08.28-08.46.42:884][  0]LogConfig: Applying CVar settings from Section [ConsoleVariables] File [C:/Users/doria/Documents/GitHub/Unending/MyProject/Saved/Config/Windows/Engine.ini]
[2020.08.28-08.46.42:884][  0]LogInit: Computer: DESKTOP-KHPFO13
[2020.08.28-08.46.42:884][  0]LogInit: User: doria
[2020.08.28-08.46.42:884][  0]LogInit: CPU Page size=4096, Cores=8
[2020.08.28-08.46.42:884][  0]LogInit: High frequency timer resolution =10.000000 MHz
[2020.08.28-08.46.42:885][  0]LogMemory: Memory total: Physical=31.9GB (32GB approx)
[2020.08.28-08.46.42:885][  0]LogMemory: Platform Memory Stats for Windows
[2020.08.28-08.46.42:885][  0]LogMemory: Process Physical Memory: 116.27 MB used, 116.27 MB peak
[2020.08.28-08.46.42:885][  0]LogMemory: Process Virtual Memory: 102.29 MB used, 102.29 MB peak
[2020.08.28-08.46.42:885][  0]LogMemory: Physical Memory: 7527.50 MB used,  25171.68 MB free, 32699.19 MB total
[2020.08.28-08.46.42:885][  0]LogMemory: Virtual Memory: 5193.48 MB used,  134212536.00 MB free, 134217728.00 MB total
[2020.08.28-08.46.42:891][  0]LogWindows: WindowsPlatformFeatures enabled
[2020.08.28-08.46.43:167][  0]LogInit: Physics initialised using underlying interface: PhysX
[2020.08.28-08.46.43:170][  0]LogInit: Using OS detected language (fr-FR).
[2020.08.28-08.46.43:170][  0]LogInit: Using OS detected locale (fr-FR).
[2020.08.28-08.46.43:194][  0]LogTextLocalizationManager: No specific localization for 'fr-FR' exists, so the 'fr' localization will be used.
[2020.08.28-08.46.43:195][  0]LogTextLocalizationResource: LocRes '../../../Engine/Content/Localization/Editor/fr/Editor.locres' could not be opened for reading!
[2020.08.28-08.46.43:195][  0]LogTextLocalizationResource: LocRes '../../../Engine/Content/Localization/EditorTutorials/fr/EditorTutorials.locres' could not be opened for reading!
[2020.08.28-08.46.43:195][  0]LogTextLocalizationResource: LocRes '../../../Engine/Content/Localization/Keywords/fr/Keywords.locres' could not be opened for reading!
[2020.08.28-08.46.43:195][  0]LogTextLocalizationResource: LocRes '../../../Engine/Content/Localization/Category/fr/Category.locres' could not be opened for reading!
[2020.08.28-08.46.43:195][  0]LogTextLocalizationResource: LocRes '../../../Engine/Content/Localization/ToolTips/fr/ToolTips.locres' could not be opened for reading!
[2020.08.28-08.46.43:195][  0]LogTextLocalizationResource: LocRes '../../../Engine/Content/Localization/PropertyNames/fr/PropertyNames.locres' could not be opened for reading!
[2020.08.28-08.46.43:195][  0]LogTextLocalizationResource: LocRes '../../../Engine/Content/Localization/Engine/fr/Engine.locres' could not be opened for reading!
[2020.08.28-08.46.43:222][  0]LogInit: Setting process to per monitor DPI aware
[2020.08.28-08.46.43:318][  0]LogSlate: New Slate User Created.  User Index 0, Is Virtual User: 0
[2020.08.28-08.46.43:318][  0]LogSlate: Slate User Registered.  User Index 0, Is Virtual User: 0
[2020.08.28-08.46.46:232][  0]LogHMD: Failed to initialize OpenVR with code 110
[2020.08.28-08.46.46:232][  0]LogD3D11RHI: D3D11 min allowed feature level: 11_0
[2020.08.28-08.46.46:232][  0]LogD3D11RHI: D3D11 max allowed feature level: 11_0
[2020.08.28-08.46.46:232][  0]LogD3D11RHI: D3D11 adapters:
[2020.08.28-08.46.46:324][  0]LogD3D11RHI:    0. 'NVIDIA GeForce RTX 2060 SUPER' (Feature Level 11_0)
[2020.08.28-08.46.46:324][  0]LogD3D11RHI:       8031/0/16349 MB DedicatedVideo/DedicatedSystem/SharedSystem, Outputs:2, VendorId:0x10de
[2020.08.28-08.46.46:326][  0]LogD3D11RHI:    1. 'Microsoft Basic Render Driver' (Feature Level 11_0)
[2020.08.28-08.46.46:326][  0]LogD3D11RHI:       0/0/16349 MB DedicatedVideo/DedicatedSystem/SharedSystem, Outputs:0, VendorId:0x1414
[2020.08.28-08.46.46:326][  0]LogD3D11RHI: Chosen D3D11 Adapter: 0
[2020.08.28-08.46.46:338][  0]LogD3D11RHI: Creating new Direct3DDevice
[2020.08.28-08.46.46:338][  0]LogD3D11RHI:     GPU DeviceId: 0x1f06 (for the marketing name, search the web for "GPU Device Id")
[2020.08.28-08.46.46:338][  0]LogWindows: EnumDisplayDevices:
[2020.08.28-08.46.46:338][  0]LogWindows:    0. 'NVIDIA GeForce RTX 2060 SUPER' (P:1 D:1)
[2020.08.28-08.46.46:338][  0]LogWindows:    1. 'NVIDIA GeForce RTX 2060 SUPER' (P:0 D:1)
[2020.08.28-08.46.46:339][  0]LogWindows:    2. 'NVIDIA GeForce RTX 2060 SUPER' (P:0 D:0)
[2020.08.28-08.46.46:339][  0]LogWindows:    3. 'NVIDIA GeForce RTX 2060 SUPER' (P:0 D:0)
[2020.08.28-08.46.46:339][  0]LogWindows: DebugString: FoundDriverCount:4 
[2020.08.28-08.46.46:339][  0]LogD3D11RHI:     Adapter Name: NVIDIA GeForce RTX 2060 SUPER
[2020.08.28-08.46.46:339][  0]LogD3D11RHI:   Driver Version: 452.06 (internal:27.21.14.5206, unified:452.06)
[2020.08.28-08.46.46:339][  0]LogD3D11RHI:      Driver Date: 8-12-2020
[2020.08.28-08.46.46:339][  0]LogRHI: Texture pool is 5621 MB (70% of 8031 MB)
[2020.08.28-08.46.46:408][  0]LogD3D11RHI: RHI has support for 64 bit atomics
[2020.08.28-08.46.46:410][  0]LogD3D11RHI: [Aftermath] Enabled and primed
[2020.08.28-08.46.46:410][  0]LogD3D11RHI: Async texture creation enabled
[2020.08.28-08.46.46:410][  0]LogD3D11RHI: Array index from any shader is supported
[2020.08.28-08.46.46:445][  0]LogD3D11RHI: GPU Timing Frequency: 1000.000000 (Debug: 2 1)
[2020.08.28-08.46.46:794][  0]LogTargetPlatformManager: Display: Loaded TargetPlatform 'AllDesktop'
[2020.08.28-08.46.46:820][  0]LogTargetPlatformManager: Display: Loaded TargetPlatform 'Android'
[2020.08.28-08.46.46:820][  0]LogTargetPlatformManager: Display: Loaded TargetPlatform 'Android_ASTC'
[2020.08.28-08.46.46:820][  0]LogTargetPlatformManager: Display: Loaded TargetPlatform 'Android_DXT'
[2020.08.28-08.46.46:820][  0]LogTargetPlatformManager: Display: Loaded TargetPlatform 'Android_ETC2'
[2020.08.28-08.46.46:820][  0]LogTargetPlatformManager: Display: Loaded TargetPlatform 'AndroidClient'
[2020.08.28-08.46.46:820][  0]LogTargetPlatformManager: Display: Loaded TargetPlatform 'Android_ASTCClient'
[2020.08.28-08.46.46:820][  0]LogTargetPlatformManager: Display: Loaded TargetPlatform 'Android_DXTClient'
[2020.08.28-08.46.46:820][  0]LogTargetPlatformManager: Display: Loaded TargetPlatform 'Android_ETC2Client'
[2020.08.28-08.46.46:820][  0]LogTargetPlatformManager: Display: Loaded TargetPlatform 'Android_Multi'
[2020.08.28-08.46.46:820][  0]LogTargetPlatformManager: Display: Loaded TargetPlatform 'Android_MultiClient'
[2020.08.28-08.46.46:864][  0]LogTargetPlatformManager: Display: Loaded TargetPlatform 'IOSClient'
[2020.08.28-08.46.46:865][  0]LogTargetPlatformManager: Display: Loaded TargetPlatform 'IOS'
[2020.08.28-08.46.46:887][  0]LogTargetPlatformManager: Display: Loaded TargetPlatform 'Linux'
[2020.08.28-08.46.46:900][  0]LogTargetPlatformManager: Display: Loaded TargetPlatform 'LinuxNoEditor'
[2020.08.28-08.46.46:912][  0]LogTargetPlatformManager: Display: Loaded TargetPlatform 'LinuxClient'
[2020.08.28-08.46.46:925][  0]LogTargetPlatformManager: Display: Loaded TargetPlatform 'LinuxServer'
[2020.08.28-08.46.46:938][  0]LogTargetPlatformManager: Display: Loaded TargetPlatform 'LinuxAArch64NoEditor'
[2020.08.28-08.46.46:951][  0]LogTargetPlatformManager: Display: Loaded TargetPlatform 'LinuxAArch64Client'
[2020.08.28-08.46.46:963][  0]LogTargetPlatformManager: Display: Loaded TargetPlatform 'LinuxAArch64Server'
[2020.08.28-08.46.46:999][  0]LogTargetPlatformManager: Display: Loaded TargetPlatform 'Lumin'
[2020.08.28-08.46.46:999][  0]LogTargetPlatformManager: Display: Loaded TargetPlatform 'LuminClient'
[2020.08.28-08.46.47:018][  0]LogTargetPlatformManager: Display: Loaded TargetPlatform 'TVOSClient'
[2020.08.28-08.46.47:019][  0]LogTargetPlatformManager: Display: Loaded TargetPlatform 'TVOS'
[2020.08.28-08.46.47:032][  0]LogTargetPlatformManager: Display: Loaded TargetPlatform 'WindowsNoEditor'
[2020.08.28-08.46.47:046][  0]LogTargetPlatformManager: Display: Loaded TargetPlatform 'Windows'
[2020.08.28-08.46.47:059][  0]LogTargetPlatformManager: Display: Loaded TargetPlatform 'WindowsClient'
[2020.08.28-08.46.47:071][  0]LogTargetPlatformManager: Display: Loaded TargetPlatform 'WindowsServer'
[2020.08.28-08.46.47:071][  0]LogTargetPlatformManager: Display: Building Assets For Windows
[2020.08.28-08.46.47:125][  0]LogAudioDebug: Display: Lib vorbis DLL was dynamically loaded.
[2020.08.28-08.46.47:295][  0]LogShaderCompilers: Guid format shader working directory is -20 characters bigger than the processId version (../../../../../../Users/doria/Documents/GitHub/Unending/MyProject/Intermediate/Shaders/WorkingDirectory/43364/).
[2020.08.28-08.46.47:295][  0]LogShaderCompilers: Cleaned the shader compiler working directory 'C:/Users/doria/AppData/Local/Temp/UnrealShaderWorkingDir/946B2DA448ACA3BE417754910F1684D3/'.
[2020.08.28-08.46.47:297][  0]LogXGEController: Cleaning working directory: C:/Users/doria/AppData/Local/Temp/UnrealXGEWorkingDir/
[2020.08.28-08.46.47:297][  0]LogXGEController: Cannot use XGE Controller as Incredibuild is not installed on this machine.
[2020.08.28-08.46.47:297][  0]LogShaderCompilers: Cannot use XGE Shader Compiler as Incredibuild is not installed on this machine.
[2020.08.28-08.46.47:297][  0]LogShaderCompilers: Display: Using Local Shader Compiler.
[2020.08.28-08.46.50:595][  0]LogDerivedDataCache: Display: Max Cache Size: 512 MB
[2020.08.28-08.46.50:813][  0]LogDerivedDataCache: Loaded boot cache 0.22s 77MB C:/Users/doria/AppData/Local/UnrealEngine/4.25/DerivedDataCache/Boot.ddc.
[2020.08.28-08.46.50:813][  0]LogDerivedDataCache: Display: Loaded Boot cache: C:/Users/doria/AppData/Local/UnrealEngine/4.25/DerivedDataCache/Boot.ddc
[2020.08.28-08.46.50:813][  0]LogDerivedDataCache: FDerivedDataBackendGraph:  Pak pak cache file ../../../../../../Users/doria/Documents/GitHub/Unending/MyProject/DerivedDataCache/DDC.ddp not found, will not use a pak cache.
[2020.08.28-08.46.50:813][  0]LogDerivedDataCache: Unable to find inner node Pak for hierarchical cache Hierarchy.
[2020.08.28-08.46.50:813][  0]LogDerivedDataCache: FDerivedDataBackendGraph:  CompressedPak pak cache file ../../../../../../Users/doria/Documents/GitHub/Unending/MyProject/DerivedDataCache/Compressed.ddp not found, will not use a pak cache.
[2020.08.28-08.46.50:813][  0]LogDerivedDataCache: Unable to find inner node CompressedPak for hierarchical cache Hierarchy.
[2020.08.28-08.46.50:836][  0]LogDerivedDataCache: Display: Pak cache opened for reading ../../../Engine/DerivedDataCache/Compressed.ddp.
[2020.08.28-08.46.50:836][  0]LogDerivedDataCache: FDerivedDataBackendGraph:  EnterprisePak pak cache file ../../../Enterprise/DerivedDataCache/Compressed.ddp not found, will not use a pak cache.
[2020.08.28-08.46.50:836][  0]LogDerivedDataCache: Unable to find inner node EnterprisePak for hierarchical cache Hierarchy.
[2020.08.28-08.46.50:837][  0]LogDerivedDataCache: Using Local data cache path C:/Users/doria/AppData/Local/UnrealEngine/Common/DerivedDataCache: Writable
[2020.08.28-08.46.50:837][  0]LogDerivedDataCache: Shared data cache path not found in *engine.ini, will not use an Shared cache.
[2020.08.28-08.46.50:837][  0]LogDerivedDataCache: Unable to find inner node Shared for hierarchical cache Hierarchy.
[2020.08.28-08.46.50:896][  0]LogSlate: Using FreeType 2.10.0
[2020.08.28-08.46.50:912][  0]LogSlate: SlateFontServices - WITH_FREETYPE: 1, WITH_HARFBUZZ: 1
[2020.08.28-08.46.50:965][  0]LogAssetRegistry: FAssetRegistry took 0.0048 seconds to start up
[2020.08.28-08.46.51:401][  0]LogInit: Selected Device Profile: [Windows]
[2020.08.28-08.46.51:712][  0]LogMeshReduction: Using QuadricMeshReduction for automatic static mesh reduction
[2020.08.28-08.46.51:712][  0]LogMeshReduction: Using SimplygonMeshReduction for automatic skeletal mesh reduction
[2020.08.28-08.46.51:712][  0]LogMeshReduction: Using ProxyLODMeshReduction for automatic mesh merging
[2020.08.28-08.46.51:712][  0]LogMeshReduction: No distributed automatic mesh merging module available
[2020.08.28-08.46.51:713][  0]LogMeshMerging: No distributed automatic mesh merging module available
[2020.08.28-08.46.51:790][  0]LogNetVersion: Unending 1.0.0, NetCL: 13144385, EngineNetVer: 14, GameNetVer: 0 (Checksum: 1146103487)
[2020.08.28-08.46.59:108][  0]LogAISub: UAISubsystem::UAISubsystem AISubsystem (000001B949F293C0), frame # 0
[2020.08.28-08.46.59:108][  0]LogAISub: UAISubsystem::UAISubsystem AIPerceptionSystem (000001B949DFAAC0), frame # 0
[2020.08.28-08.46.59:113][  0]LogAISub: UAISubsystem::UAISubsystem EnvQueryManager (000001B949E41A00), frame # 0
[2020.08.28-08.46.59:232][  0]LogPackageLocalizationCache: Processed 22 localized package path(s) for 1 prioritized culture(s) in 0.080052 seconds
[2020.08.28-08.46.59:238][  0]LogUObjectArray: 15917 objects as part of root set at end of initial load.
[2020.08.28-08.46.59:238][  0]LogUObjectAllocator: 3965568 out of 0 bytes used by permanent object pool.
[2020.08.28-08.46.59:238][  0]LogUObjectArray: CloseDisregardForGC: 0/0 objects in disregard for GC pool
[2020.08.28-08.47.00:144][  0]LogPython: Using Python 2.7.14
[2020.08.28-08.47.01:563][  0]LogTcpMessaging: Initializing TcpMessaging bridge
[2020.08.28-08.47.01:573][  0]LogUdpMessaging: Initializing bridge on interface 0.0.0.0:0 to multicast group 230.0.0.1:6666.
[2020.08.28-08.47.01:878][  0]SourceControl: Source control is disabled
[2020.08.28-08.47.01:879][  0]SourceControl: Source control is disabled
[2020.08.28-08.47.01:894][  0]SourceControl: Source control is disabled
[2020.08.28-08.47.01:902][  0]SourceControl: Source control is disabled
[2020.08.28-08.47.01:919][  0]SourceControl: Source control is disabled
[2020.08.28-08.47.02:621][  0]LogAndroidPermission: UAndroidPermissionCallbackProxy::GetInstance
[2020.08.28-08.47.02:673][  0]LogAudioCaptureCore: Display: No Audio Capture implementations found. Audio input will be silent.
[2020.08.28-08.47.02:673][  0]LogAudioCaptureCore: Display: No Audio Capture implementations found. Audio input will be silent.
[2020.08.28-08.47.02:819][  0]LogOcInput: OculusInput pre-init called
[2020.08.28-08.47.02:841][  0]LogWindows: Failed to load 'OVRPlugin.dll' (GetLastError=126)
[2020.08.28-08.47.02:841][  0]LogWindows: File 'OVRPlugin.dll' does not exist
[2020.08.28-08.47.03:323][  0]LogEngine: Initializing Engine...
[2020.08.28-08.47.03:325][  0]LogHMD: Failed to initialize OpenVR with code 110
[2020.08.28-08.47.03:325][  0]LogMagicLeap: Warning: VR disabled because ZI is not enabled.  To enable, in the editor, Edit -> Project Settings -> Plugins -> Magic Leap Plugin -> Enable Zero Iteration
[2020.08.28-08.47.03:329][  0]LogStats: UGameplayTagsManager::InitializeManager -  0.001 s
[2020.08.28-08.47.03:651][  0]LogInit: Initializing FReadOnlyCVARCache
[2020.08.28-08.47.03:698][  0]LogAIModule: Creating AISystem for world Untitled
[2020.08.28-08.47.03:698][  0]LogAISub: UAISubsystem::UAISubsystem EnvQueryManager (000001B9552C4C00), frame # 0
[2020.08.28-08.47.03:699][  0]LogAISub: UAISubsystem::UAISubsystem AIPerceptionSystem (000001B955287600), frame # 0
[2020.08.28-08.47.03:714][  0]LogAudioMixer: Display: Audio Mixer Platform Settings:
[2020.08.28-08.47.03:714][  0]LogAudioMixer: Display: 	Sample Rate:						  48000
[2020.08.28-08.47.03:714][  0]LogAudioMixer: Display: 	Callback Buffer Frame Size Requested: 1024
[2020.08.28-08.47.03:714][  0]LogAudioMixer: Display: 	Callback Buffer Frame Size To Use:	  1024
[2020.08.28-08.47.03:714][  0]LogAudioMixer: Display: 	Number of buffers to queue:			  2
[2020.08.28-08.47.03:714][  0]LogAudioMixer: Display: 	Max Channels (voices):				  32
[2020.08.28-08.47.03:714][  0]LogAudioMixer: Display: 	Number of Async Source Workers:		  0
[2020.08.28-08.47.03:714][  0]LogAudio: Display: AudioDevice MaxSources: 32
[2020.08.28-08.47.03:716][  0]LogAudio: Display: Using built-in audio occlusion.
[2020.08.28-08.47.03:716][  0]LogAudioMixer: Display: Initializing audio mixer.
[2020.08.28-08.47.03:741][  0]LogAudioMixer: Display: 0: FrontLeft
[2020.08.28-08.47.03:741][  0]LogAudioMixer: Display: 1: FrontRight
[2020.08.28-08.47.03:795][  0]LogAudioMixer: Display: Using Audio Device Haut-parleurs (Realtek High Definition Audio)
[2020.08.28-08.47.03:796][  0]LogAudioMixer: Display: Initializing Sound Submixes...
[2020.08.28-08.47.03:822][  0]LogAudioMixer: Display: Creating Master Submix 'MasterSubmixDefault'
[2020.08.28-08.47.03:822][  0]LogAudioMixer: Display: Creating Master Submix 'MasterReverbSubmixDefault'
[2020.08.28-08.47.03:823][  0]LogAudioMixer: Display: Creating Master Submix 'MasterEQSubmixDefault'
[2020.08.28-08.47.03:824][  0]LogInit: FAudioDevice initialized.
[2020.08.28-08.47.03:825][  0]LogNetVersion: Set ProjectVersion to 1.0.0.0. Version Checksum will be recalculated on next use.
[2020.08.28-08.47.03:924][  0]LogDerivedDataCache: Saved boot cache 0.10s 77MB C:/Users/doria/AppData/Local/UnrealEngine/4.25/DerivedDataCache/Boot.ddc.
[2020.08.28-08.47.03:932][  0]LogInit: Texture streaming: Enabled
[2020.08.28-08.47.03:997][  0]LogEngineSessionManager: EngineSessionManager initialized
[2020.08.28-08.47.03:997][  0]LogEditorSessionSummary: Verbose: Initializing EditorSessionSummaryWriter for editor session tracking
[2020.08.28-08.47.03:999][  0]LogEditorSessionSummary: EditorSessionSummaryWriter initialized
[2020.08.28-08.47.04:234][  0]LogInit: Transaction tracking system initialized
[2020.08.28-08.47.04:301][  0]BlueprintLog: New page: Editor Load
[2020.08.28-08.47.04:547][  0]LocalizationService: Localization service is disabled
[2020.08.28-08.47.05:156][  0]LogCook: Display: Max memory allowance for cook 16384mb min free memory 0mb
[2020.08.28-08.47.05:156][  0]LogCook: Display: Mobile HDR setting 1
[2020.08.28-08.47.05:550][  0]LogFileCache: Scanning file cache for directory 'C:/Users/doria/Documents/GitHub/Unending/MyProject/Content/' took 0.01s
[2020.08.28-08.47.06:075][  0]SourceControl: Source control is disabled
[2020.08.28-08.47.06:076][  0]LogUnrealEdMisc: Loading editor; pre map load, took 30.092
[2020.08.28-08.47.06:077][  0]Cmd: MAP LOAD FILE="../../../../../../Users/doria/Documents/GitHub/Unending/MyProject/Content/_MapFolder/GamesMaps/Level1.umap" TEMPLATE=0 SHOWPROGRESS=1 FEATURELEVEL=3
[2020.08.28-08.47.06:078][  0]LightingResults: New page: Lighting Build
[2020.08.28-08.47.06:086][  0]LogWorld: UWorld::CleanupWorld for Untitled, bSessionEnded=true, bCleanupResources=true
[2020.08.28-08.47.06:087][  0]LogSlate: InvalidateAllWidgets triggered.  All widgets were invalidated
[2020.08.28-08.47.06:087][  0]MapCheck: New page: Map Check
[2020.08.28-08.47.06:087][  0]LightingResults: New page: Lighting Build
[2020.08.28-08.47.06:115][  0]LogAISub: UAISubsystem::~UAISubsystem EnvQueryManager (000001B9552C4C00), frame # 0
[2020.08.28-08.47.06:115][  0]LogAISub: UAISubsystem::~UAISubsystem AIPerceptionSystem (000001B955287600), frame # 0
[2020.08.28-08.47.06:116][  0]LogUObjectHash: Compacting FUObjectHashTables data took   0.83ms
[2020.08.28-08.47.08:003][  0]LogNiagaraEditor: Verbose: '/Game/Player/WalkParticuleSysteme/WalkNiagaraSystem' Precompile took 0.013471 sec.
[2020.08.28-08.47.08:018][  0]LogNiagara: Compiling System NiagaraSystem /Game/Player/WalkParticuleSysteme/WalkNiagaraSystem.WalkNiagaraSystem took 0.068711 sec (overall compilation time), 0.000000 sec (combined shader worker time).
[2020.08.28-08.47.08:098][  0]LogAIModule: Creating AISystem for world Level1
[2020.08.28-08.47.08:098][  0]LogAISub: UAISubsystem::UAISubsystem EnvQueryManager (000001B967A83E00), frame # 0
[2020.08.28-08.47.08:098][  0]LogAISub: UAISubsystem::UAISubsystem AIPerceptionSystem (000001B967BFBD80), frame # 0
[2020.08.28-08.47.08:143][  0]LogEditorServer: Finished looking for orphan Actors (0.000 secs)
[2020.08.28-08.47.08:148][  0]LogNavigation: Warning: Recreating dtNavMesh instance due to saved navmesh origin (X=171.437 Y=0.000 Z=150.390, usually the RecastNavMesh location) not being aligned with tile size (988 uu) 
[2020.08.28-08.47.08:153][  0]LogNavigationDataBuild: Display:    Building NavData:  Name Default class /Script/NavigationSystem.RecastNavMesh agent radius 35.0.
[2020.08.28-08.47.08:173][  0]LogUObjectHash: Compacting FUObjectHashTables data took   1.17ms
[2020.08.28-08.47.08:174][  0]Cmd: MAP CHECKDEP NOCLEARLOG
[2020.08.28-08.47.08:174][  0]MapCheck: Map check complete: 0 Error(s), 0 Warning(s), took 0,561ms to complete.
[2020.08.28-08.47.08:174][  0]LogFileHelpers: Loading map 'Level1' took 2.098
[2020.08.28-08.47.08:209][  0]LogUnrealEdMisc: Total Editor Startup Time, took 32.226
[2020.08.28-08.47.08:430][  0]LogSlate: Updating window title bar state: overlay mode, drag disabled, window buttons hidden, title bar hidden
[2020.08.28-08.47.08:437][  0]LogSlate: Updating window title bar state: overlay mode, drag disabled, window buttons hidden, title bar hidden
[2020.08.28-08.47.08:444][  0]LogSlate: Updating window title bar state: overlay mode, drag disabled, window buttons hidden, title bar hidden
[2020.08.28-08.47.08:451][  0]LogSlate: Updating window title bar state: overlay mode, drag disabled, window buttons hidden, title bar hidden
[2020.08.28-08.47.08:661][  0]LogCollectionManager: Loaded 0 collections in 0.002053 seconds
[2020.08.28-08.47.08:700][  0]LogFileCache: Scanning file cache for directory 'C:/Users/doria/Documents/GitHub/Unending/MyProject/Saved/Collections/' took 0.00s
[2020.08.28-08.47.08:700][  0]LogFileCache: Scanning file cache for directory 'C:/Users/doria/Documents/GitHub/Unending/MyProject/Content/Developers/doria/Collections/' took 0.00s
[2020.08.28-08.47.08:700][  0]LogFileCache: Scanning file cache for directory 'C:/Users/doria/Documents/GitHub/Unending/MyProject/Content/Collections/' took 0.00s
[2020.08.28-08.47.08:700][  0]LogContentBrowser: Native class hierarchy populated in 0.0107 seconds. Added 3448 classes and 834 folders.
[2020.08.28-08.47.08:712][  0]LogContentBrowser: Native class hierarchy updated for 'WidgetCarousel' in 0.0003 seconds. Added 0 classes and 0 folders.
[2020.08.28-08.47.09:083][  0]LogContentBrowser: Native class hierarchy updated for 'AddContentDialog' in 0.0003 seconds. Added 0 classes and 0 folders.
[2020.08.28-08.47.09:111][  0]LogSlate: Took 0.006013 seconds to synchronously load lazily loaded font '../../../Engine/Content/Slate/Fonts/Roboto-Regular.ttf' (155K)
[2020.08.28-08.47.09:123][  0]LogSlate: Took 0.006510 seconds to synchronously load lazily loaded font '../../../Engine/Content/Slate/Fonts/Roboto-Bold.ttf' (160K)
[2020.08.28-08.47.09:132][  0]LogSlate: Took 0.006088 seconds to synchronously load lazily loaded font '../../../Engine/Content/Editor/Slate/Fonts/FontAwesome.ttf' (139K)
[2020.08.28-08.47.09:233][  0]LogRenderer: Reallocating scene render targets to support 1104x636 Format 10 NumSamples 1 (Frame:1).
[2020.08.28-08.47.09:368][  0]LogContentBrowser: Native class hierarchy updated for 'HierarchicalLODOutliner' in 0.0003 seconds. Added 0 classes and 0 folders.
[2020.08.28-08.47.09:368][  0]LogLoad: (Engine Initialization) Total time: 33.39 seconds
[2020.08.28-08.47.09:369][  0]LogLoad: (Engine Initialization) Total Blueprint compile time: 0.00 seconds
[2020.08.28-08.47.09:414][  0]LogAssetRegistry: Asset discovery search completed in 18.4507 seconds
[2020.08.28-08.47.09:425][  0]LogAutoSizeComments: Loaded auto size comments cache: ../../../Engine/Plugins/Marketplace/AutoSizeComments/ASCCache/4907D6DE4356BE060EB165BB4736FE02.json
[2020.08.28-08.47.09:425][  0]LogCollectionManager: Fixed up redirectors for 0 collections in 0.000002 seconds (updated 0 objects)
[2020.08.28-08.47.09:432][  0]LogContentStreaming: Texture pool size now 1000 MB
[2020.08.28-08.47.09:496][  0]LogSlate: Took 0.006614 seconds to synchronously load lazily loaded font '../../../Engine/Content/Slate/Fonts/Roboto-Light.ttf' (167K)
[2020.08.28-08.47.09:721][  1]LogFileCache: Retrieving MD5 hashes for directory 'C:/Users/doria/Documents/GitHub/Unending/MyProject/Content/' took 0.33s
[2020.08.28-08.47.48:814][ 23]LogTemp: Repeating last play command: Selected Viewport
[2020.08.28-08.47.48:843][ 23]LogPlayLevel: PlayLevel: No blueprints needed recompiling
[2020.08.28-08.47.48:846][ 23]PIE: New page: PIE session: Level1 (28 août 2020 à 12:47:48)
[2020.08.28-08.47.48:848][ 23]LogOnline: OSS: Creating online subsystem instance for: NULL
[2020.08.28-08.47.48:849][ 23]LogOnline: OSS: TryLoadSubsystemAndSetDefault: Loaded subsystem for module [NULL]
[2020.08.28-08.47.48:849][ 23]LogPlayLevel: Creating play world package: /Game/_MapFolder/GamesMaps/UEDPIE_0_Level1
[2020.08.28-08.47.48:864][ 23]LogPlayLevel: PIE: StaticDuplicateObject took: (0.014725s)
[2020.08.28-08.47.48:865][ 23]LogAIModule: Creating AISystem for world Level1
[2020.08.28-08.47.48:865][ 23]LogAISub: UAISubsystem::UAISubsystem EnvQueryManager (000001B971964400), frame # 1023
[2020.08.28-08.47.48:865][ 23]LogAISub: UAISubsystem::UAISubsystem AIPerceptionSystem (000001B9677FAD40), frame # 1023
[2020.08.28-08.47.48:865][ 23]LogPlayLevel: PIE: World Init took: (0.001125s)
[2020.08.28-08.47.48:865][ 23]LogPlayLevel: PIE: Created PIE world by copying editor world from /Game/_MapFolder/GamesMaps/Level1.Level1 to /Game/_MapFolder/GamesMaps/UEDPIE_0_Level1.Level1 (0.015990s)
[2020.08.28-08.47.48:880][ 23]LogUObjectHash: Compacting FUObjectHashTables data took   0.72ms
[2020.08.28-08.47.48:882][ 23]LogAudioMixer: Display: Audio Mixer Platform Settings:
[2020.08.28-08.47.48:882][ 23]LogAudioMixer: Display: 	Sample Rate:						  48000
[2020.08.28-08.47.48:882][ 23]LogAudioMixer: Display: 	Callback Buffer Frame Size Requested: 1024
[2020.08.28-08.47.48:882][ 23]LogAudioMixer: Display: 	Callback Buffer Frame Size To Use:	  1024
[2020.08.28-08.47.48:882][ 23]LogAudioMixer: Display: 	Number of buffers to queue:			  2
[2020.08.28-08.47.48:882][ 23]LogAudioMixer: Display: 	Max Channels (voices):				  32
[2020.08.28-08.47.48:882][ 23]LogAudioMixer: Display: 	Number of Async Source Workers:		  0
[2020.08.28-08.47.48:882][ 23]LogAudio: Display: AudioDevice MaxSources: 32
[2020.08.28-08.47.48:882][ 23]LogAudio: Display: Using built-in audio occlusion.
[2020.08.28-08.47.48:882][ 23]LogAudioMixer: Display: Initializing audio mixer.
[2020.08.28-08.47.48:886][ 23]LogAudioMixer: Display: 0: FrontLeft
[2020.08.28-08.47.48:886][ 23]LogAudioMixer: Display: 1: FrontRight
[2020.08.28-08.47.48:921][ 23]LogAudioMixer: Display: Using Audio Device Haut-parleurs (Realtek High Definition Audio)
[2020.08.28-08.47.48:921][ 23]LogAudioMixer: Display: Initializing Sound Submixes...
[2020.08.28-08.47.48:921][ 23]LogAudioMixer: Display: Creating Master Submix 'MasterSubmixDefault'
[2020.08.28-08.47.48:921][ 23]LogAudioMixer: Display: Creating Master Submix 'MasterReverbSubmixDefault'
[2020.08.28-08.47.48:922][ 23]LogAudioMixer: Display: Creating Master Submix 'MasterEQSubmixDefault'
[2020.08.28-08.47.48:933][ 23]LogInit: FAudioDevice initialized.
[2020.08.28-08.47.48:942][ 23]LogLoad: Game class is 'PlayerGM_C'
[2020.08.28-08.47.48:945][ 23]LogWorld: Bringing World /Game/_MapFolder/GamesMaps/UEDPIE_0_Level1.Level1 up for play (max tick rate 0) at 2020.08.28-10.47.48
[2020.08.28-08.47.48:945][ 23]LogWorld: Bringing up level for play took: 0.000990
[2020.08.28-08.47.48:945][ 23]LogNavigation: Warning: Recreating dtNavMesh instance due to saved navmesh origin (X=171.437 Y=0.000 Z=150.390, usually the RecastNavMesh location) not being aligned with tile size (988 uu) 
[2020.08.28-08.47.48:946][ 23]LogOnline: OSS: Creating online subsystem instance for: :Context_2
[2020.08.28-08.47.48:952][ 23]LogContentBrowser: Native class hierarchy updated for 'MovieSceneCapture' in 0.0004 seconds. Added 20 classes and 0 folders.
[2020.08.28-08.47.48:965][ 23]PIE: Server logged in
[2020.08.28-08.47.48:967][ 23]PIE: Play in editor total start time 0,125 seconds.
[2020.08.28-08.49.06:952][651]LogSlate: Updating window title bar state: overlay mode, drag disabled, window buttons hidden, title bar hidden
[2020.08.28-08.49.06:952][651]LogWorld: BeginTearingDown for /Game/_MapFolder/GamesMaps/UEDPIE_0_Level1
[2020.08.28-08.49.06:952][651]LogWorld: UWorld::CleanupWorld for Level1, bSessionEnded=true, bCleanupResources=true
[2020.08.28-08.49.06:952][651]LogSlate: InvalidateAllWidgets triggered.  All widgets were invalidated
[2020.08.28-08.49.06:962][651]LogPlayLevel: Display: Shutting down PIE online subsystems
[2020.08.28-08.49.06:964][651]LogSlate: InvalidateAllWidgets triggered.  All widgets were invalidated
[2020.08.28-08.49.06:996][651]LogSlate: Updating window title bar state: overlay mode, drag disabled, window buttons hidden, title bar hidden
[2020.08.28-08.49.06:996][651]LogAISub: UAISubsystem::~UAISubsystem AIPerceptionSystem (000001B9677FAD40), frame # 8651
[2020.08.28-08.49.06:997][651]LogAISub: UAISubsystem::~UAISubsystem EnvQueryManager (000001B971964400), frame # 8651
[2020.08.28-08.49.06:998][651]LogUObjectHash: Compacting FUObjectHashTables data took   0.86ms
[2020.08.28-08.49.07:050][652]LogPlayLevel: Display: Destroying online subsystem :Context_2
[2020.08.28-08.49.12:814][315]MapCheck: New page: Map Check
[2020.08.28-08.49.12:847][315]LogSlate: Took 0.016390 seconds to synchronously load lazily loaded font '../../../Engine/Content/Slate/Fonts/DroidSansFallback.ttf' (3848K)
[2020.08.28-08.49.12:851][315]Cmd: MAP REBUILD ALLVISIBLE
[2020.08.28-08.49.12:851][315]LogEditorServer: Rebuildmap Clear paths rebuilt
[2020.08.28-08.49.13:001][315]LogWorld: UWorld::CleanupWorld for Level1, bSessionEnded=true, bCleanupResources=false
[2020.08.28-08.49.13:017][315]LightingResults: New page: Lighting Build - 28 août 2020 à 12:49:13
[2020.08.28-08.49.13:071][315]LogSwarmInterface: [OpenConnection] Registering TCP channel ...
[2020.08.28-08.49.13:125][315]LogSwarmInterface: [OpenConnection] Connecting to agent ...
[2020.08.28-08.49.13:139][315]LogSwarmInterface: [TryOpenConnection] Testing the Agent
[2020.08.28-08.49.13:663][315]LogSwarmInterface: [TryOpenConnection] Opening Connection to Agent
[2020.08.28-08.49.13:663][315]LogSwarmInterface: [TryOpenConnection] Local Process ID is 43364
[2020.08.28-08.49.20:448][315]LogStaticLightingSystem: Running Lightmass w/ ImmediateImport mode ENABLED
[2020.08.28-08.49.20:448][315]LogStaticLightingSystem: Running Lightmass w/ ImmediateProcess mode ENABLED
[2020.08.28-08.49.20:448][315]LogStaticLightingSystem: Running Lightmass w/ Sorting mode ENABLED
[2020.08.28-08.49.20:448][315]LogStaticLightingSystem: Running Lightmass w/ Mapping paddings ENABLED
[2020.08.28-08.49.20:448][315]LogStaticLightingSystem: Running Lightmass w/ Mapping debug paddings DISABLED
[2020.08.28-08.49.20:623][315]LogEditorBuildUtils: Build time 0:07
[2020.08.28-08.49.20:686][316]LogMaterial: Display: Missing cached shader map for material FLightmassMaterialRenderer m_LakeWater, compiling. 
[2020.08.28-08.49.20:697][316]LogMaterial: Display: Missing cached shader map for material FLightmassMaterialRenderer m_LakeWater, compiling. 
[2020.08.28-08.49.20:718][316]LogShaderCompilers: Display: Worker (1/13): shaders left to compile 2
[2020.08.28-08.49.20:718][316]LogShaderCompilers: Display: Worker (2/13): shaders left to compile 1
[2020.08.28-08.49.21:293][317]LogShaderCompilers: Display: Worker (3/13): shaders left to compile 2
[2020.08.28-08.49.21:293][317]LogShaderCompilers: Display: Worker (4/13): shaders left to compile 1
[2020.08.28-08.49.21:431][323]LogUObjectHash: Compacting FUObjectHashTables data took   0.77ms
[2020.08.28-08.49.29:196][943]Job is a success!
[2020.08.28-08.49.29:205][943]LogSlate: Took 0.000195 seconds to synchronously load lazily loaded font '../../../Engine/Content/Slate/Fonts/Roboto-Light.ttf' (167K)
[2020.08.28-08.49.29:434][943]LogVolumetricLightmapImport: Imported Volumetric Lightmap in 0.174s
[2020.08.28-08.49.29:434][943]LogVolumetricLightmapImport:      Indirection Texture 32x32x32 = 0.1Mb
[2020.08.28-08.49.29:434][943]LogVolumetricLightmapImport:      BrickData (all levels) 5.6Mb
[2020.08.28-08.49.29:434][943]LogVolumetricLightmapImport:      Bricks at depth
[2020.08.28-08.49.29:434][943]LogVolumetricLightmapImport:          0: 0.7% covering 100.0% of volume
[2020.08.28-08.49.29:434][943]LogVolumetricLightmapImport:          1: 3.6% covering 7.8% of volume
[2020.08.28-08.49.29:434][943]LogVolumetricLightmapImport:          2: 95.7% covering 3.2% of volume
[2020.08.28-08.49.29:434][943]LogVolumetricLightmapImport:      Bricks in each level
[2020.08.28-08.49.29:434][943]LogVolumetricLightmapImport:          Level1 			 1106 bricks 	 100.0% (Persistent Level)
[2020.08.28-08.49.29:999][943]LogTexture: Display: Building textures: HQ_Lightmap1_1 (AutoDXT, 2048X2048)
[2020.08.28-08.49.29:999][943]LogTexture: Display: Building textures: LQ_Lightmap_1_1 (DXT1, 2048X2048)
[2020.08.28-08.49.30:000][943]LogTexture: Display: Building textures: HQ_Lightmap1_2 (AutoDXT, 256X256)
[2020.08.28-08.49.30:000][943]LogTexture: Display: Building textures: LQ_Lightmap_1_3 (DXT1, 64X64)
[2020.08.28-08.49.30:000][943]LogTexture: Display: Building textures: LQ_Lightmap_1_2 (DXT1, 256X256)
[2020.08.28-08.49.30:000][943]LogTexture: Display: Building textures: HQ_Lightmap1_3 (AutoDXT, 64X64)
[2020.08.28-08.49.30:199][943]LogTexture: Display: Building textures: ShadowMapTexture2D_5 (G8, 32X32)
[2020.08.28-08.49.30:199][943]LogTexture: Display: Building textures: ShadowMapTexture2D_4 (G8, 256X64)
[2020.08.28-08.49.30:273][943]LogTexture: Display: Building textures: ShadowMapTexture2D_3 (G8, 1024X1024)
[2020.08.28-08.49.30:273][943]Lightmass on DESKTOP-KHPFO13: 8.18 sec total, 173 ms importing, 17 ms setup, 1.65 sec photons, 6.29 sec processing, 0 ms extra exporting [11/11 mappings]. Threads: 1:34 min total, 7.44 sec processing.
[2020.08.28-08.49.30:273][943]LogStaticLightingSystem: Level1_BuiltData storing lightmap data for 11 meshes in 4 LightmapResourceClusters (2.8 Meshes per cluster).
[2020.08.28-08.49.30:304][943]LogUObjectHash: Compacting FUObjectHashTables data took   0.76ms
[2020.08.28-08.49.30:321][943]LogStaticLightingSystem: Illumination: 17.2 sec (366 ms encoding lightmaps, 232 ms encoding shadowmaps)
[2020.08.28-08.49.30:321][943]LogStaticLightingSystem: Lightmap texture memory:  8.1 MB (0.1 MB streaming, 8.0 MB non-streaming), 6 textures
[2020.08.28-08.49.30:321][943]LogStaticLightingSystem: Shadowmap texture memory: 1.4 MB (0.0 MB streaming, 1.3 MB non-streaming), 3 textures
[2020.08.28-08.49.30:460][943]DumpUnbuiltLightIteractions
[2020.08.28-08.49.30:460][943]Lights with unbuilt interactions: 0
[2020.08.28-08.49.30:460][943]
[2020.08.28-08.49.30:460][943]Primitives with unbuilt interactions: 0
[2020.08.28-08.49.30:559][944]Cmd: MAP CHECK NOTIFYRESULTS
[2020.08.28-08.49.30:560][944]MapCheck: New page: Level1 - 28 août 2020 à 12:49:30
[2020.08.28-08.49.30:560][944]MapCheck: Map check complete: 0 Error(s), 0 Warning(s), took 0,444ms to complete.
[2020.08.28-08.49.38:665][909]LogTemp: Repeating last play command: Selected Viewport
[2020.08.28-08.49.38:693][909]LogPlayLevel: PlayLevel: No blueprints needed recompiling
[2020.08.28-08.49.38:694][909]PIE: New page: PIE session: Level1 (28 août 2020 à 12:49:38)
[2020.08.28-08.49.38:694][909]LogPlayLevel: Creating play world package: /Game/_MapFolder/GamesMaps/UEDPIE_0_Level1
[2020.08.28-08.49.38:707][909]LogPlayLevel: PIE: StaticDuplicateObject took: (0.013355s)
[2020.08.28-08.49.38:708][909]LogAIModule: Creating AISystem for world Level1
[2020.08.28-08.49.38:708][909]LogAISub: UAISubsystem::UAISubsystem EnvQueryManager (000001B97FDFA200), frame # 10909
[2020.08.28-08.49.38:708][909]LogAISub: UAISubsystem::UAISubsystem AIPerceptionSystem (000001B9409A74C0), frame # 10909
[2020.08.28-08.49.38:708][909]LogPlayLevel: PIE: World Init took: (0.001041s)
[2020.08.28-08.49.38:708][909]LogPlayLevel: PIE: Created PIE world by copying editor world from /Game/_MapFolder/GamesMaps/Level1.Level1 to /Game/_MapFolder/GamesMaps/UEDPIE_0_Level1.Level1 (0.014526s)
[2020.08.28-08.49.38:723][909]LogUObjectHash: Compacting FUObjectHashTables data took   0.76ms
[2020.08.28-08.49.38:725][909]LogAudioMixer: Display: Audio Mixer Platform Settings:
[2020.08.28-08.49.38:725][909]LogAudioMixer: Display: 	Sample Rate:						  48000
[2020.08.28-08.49.38:725][909]LogAudioMixer: Display: 	Callback Buffer Frame Size Requested: 1024
[2020.08.28-08.49.38:725][909]LogAudioMixer: Display: 	Callback Buffer Frame Size To Use:	  1024
[2020.08.28-08.49.38:725][909]LogAudioMixer: Display: 	Number of buffers to queue:			  2
[2020.08.28-08.49.38:725][909]LogAudioMixer: Display: 	Max Channels (voices):				  32
[2020.08.28-08.49.38:725][909]LogAudioMixer: Display: 	Number of Async Source Workers:		  0
[2020.08.28-08.49.38:725][909]LogAudio: Display: AudioDevice MaxSources: 32
[2020.08.28-08.49.38:726][909]LogAudio: Display: Using built-in audio occlusion.
[2020.08.28-08.49.38:726][909]LogAudioMixer: Display: Initializing audio mixer.
[2020.08.28-08.49.38:729][909]LogAudioMixer: Display: 0: FrontLeft
[2020.08.28-08.49.38:729][909]LogAudioMixer: Display: 1: FrontRight
[2020.08.28-08.49.38:764][909]LogAudioMixer: Display: Using Audio Device Haut-parleurs (Realtek High Definition Audio)
[2020.08.28-08.49.38:765][909]LogAudioMixer: Display: Initializing Sound Submixes...
[2020.08.28-08.49.38:765][909]LogAudioMixer: Display: Creating Master Submix 'MasterSubmixDefault'
[2020.08.28-08.49.38:765][909]LogAudioMixer: Display: Creating Master Submix 'MasterReverbSubmixDefault'
[2020.08.28-08.49.38:765][909]LogAudioMixer: Display: Creating Master Submix 'MasterEQSubmixDefault'
[2020.08.28-08.49.38:778][909]LogInit: FAudioDevice initialized.
[2020.08.28-08.49.38:785][909]LogLoad: Game class is 'PlayerGM_C'
[2020.08.28-08.49.38:786][909]LogWorld: Bringing World /Game/_MapFolder/GamesMaps/UEDPIE_0_Level1.Level1 up for play (max tick rate 0) at 2020.08.28-10.49.38
[2020.08.28-08.49.38:786][909]LogWorld: Bringing up level for play took: 0.000954
[2020.08.28-08.49.38:787][909]LogNavigation: Warning: Recreating dtNavMesh instance due to saved navmesh origin (X=342.873 Y=0.000 Z=300.780, usually the RecastNavMesh location) not being aligned with tile size (988 uu) 
[2020.08.28-08.49.38:787][909]LogOnline: OSS: Creating online subsystem instance for: :Context_3
[2020.08.28-08.49.38:791][909]PIE: Server logged in
[2020.08.28-08.49.38:792][909]PIE: Play in editor total start time 0,099 seconds.
[2020.08.28-08.53.26:403][462]LogSlate: Updating window title bar state: overlay mode, drag disabled, window buttons hidden, title bar hidden
[2020.08.28-08.53.26:403][462]LogWorld: BeginTearingDown for /Game/_MapFolder/GamesMaps/UEDPIE_0_Level1
[2020.08.28-08.53.26:403][462]LogWorld: UWorld::CleanupWorld for Level1, bSessionEnded=true, bCleanupResources=true
[2020.08.28-08.53.26:403][462]LogSlate: InvalidateAllWidgets triggered.  All widgets were invalidated
[2020.08.28-08.53.26:408][462]LogPlayLevel: Display: Shutting down PIE online subsystems
[2020.08.28-08.53.26:410][462]LogSlate: InvalidateAllWidgets triggered.  All widgets were invalidated
[2020.08.28-08.53.26:423][462]LogSlate: Updating window title bar state: overlay mode, drag disabled, window buttons hidden, title bar hidden
[2020.08.28-08.53.26:441][462]LogAISub: UAISubsystem::~UAISubsystem AIPerceptionSystem (000001B9409A74C0), frame # 16462
[2020.08.28-08.53.26:441][462]LogAISub: UAISubsystem::~UAISubsystem EnvQueryManager (000001B97FDFA200), frame # 16462
[2020.08.28-08.53.26:442][462]LogUObjectHash: Compacting FUObjectHashTables data took   0.95ms
[2020.08.28-08.53.26:496][463]LogPlayLevel: Display: Destroying online subsystem :Context_3
[2020.08.28-08.53.39:405][938]LogAssetEditorSubsystem: Opening Asset editor for World /Game/_MapFolder/GamesMaps/MainMenu.MainMenu
[2020.08.28-08.53.39:422][938]LogUObjectHash: Compacting FUObjectHashTables data took   1.02ms
[2020.08.28-08.53.40:441][938]LogSlate: Window 'Save Content' being destroyed
[2020.08.28-08.53.40:471][938]LogUObjectHash: Compacting FUObjectHashTables data took   0.31ms
[2020.08.28-08.53.40:574][938]LogSavePackage: Moving '../../../../../../Users/doria/Documents/GitHub/Unending/MyProject/Saved/Level193D4EAF24AE8289E87289DA6388EF727.tmp' to '../../../../../../Users/doria/Documents/GitHub/Unending/MyProject/Content/_MapFolder/GamesMaps/Level1.umap'
[2020.08.28-08.53.40:637][938]LogFileHelpers: Saving map 'Level1' took 0.188
[2020.08.28-08.53.40:773][938]LogSavePackage: Moving '../../../../../../Users/doria/Documents/GitHub/Unending/MyProject/Saved/Level1_BuiltDataF57E08694488B6765A1802934771A66A.tmp' to '../../../../../../Users/doria/Documents/GitHub/Unending/MyProject/Content/_MapFolder/GamesMaps/Level1_BuiltData.uasset'
[2020.08.28-08.53.40:777][938]Cmd: MAP LOAD FILE="../../../../../../Users/doria/Documents/GitHub/Unending/MyProject/Content/_MapFolder/GamesMaps/MainMenu.umap" TEMPLATE=0 SHOWPROGRESS=1 FEATURELEVEL=3
[2020.08.28-08.53.40:777][938]LightingResults: New page: Lighting Build
[2020.08.28-08.53.40:777][938]LoadErrors: New page: Loading map: MainMenu.umap
[2020.08.28-08.53.40:779][938]LogWorld: UWorld::CleanupWorld for Level1, bSessionEnded=true, bCleanupResources=true
[2020.08.28-08.53.40:779][938]LogSlate: InvalidateAllWidgets triggered.  All widgets were invalidated
[2020.08.28-08.53.40:779][938]MapCheck: New page: Map Check
[2020.08.28-08.53.40:779][938]LightingResults: New page: Lighting Build
[2020.08.28-08.53.40:796][938]LogAISub: UAISubsystem::~UAISubsystem EnvQueryManager (000001B967A83E00), frame # 17938
[2020.08.28-08.53.40:796][938]LogAISub: UAISubsystem::~UAISubsystem AIPerceptionSystem (000001B967BFBD80), frame # 17938
[2020.08.28-08.53.40:797][938]LogUObjectHash: Compacting FUObjectHashTables data took   1.19ms
[2020.08.28-08.53.40:943][938]LogEditorServer: Finished looking for orphan Actors (0.000 secs)
[2020.08.28-08.53.40:943][938]LogAIModule: Creating AISystem for world MainMenu
[2020.08.28-08.53.40:943][938]LogAISub: UAISubsystem::UAISubsystem EnvQueryManager (000001B9009F7C00), frame # 17938
[2020.08.28-08.53.40:943][938]LogAISub: UAISubsystem::UAISubsystem AIPerceptionSystem (000001B97FD71F80), frame # 17938
[2020.08.28-08.53.40:959][938]LogUObjectHash: Compacting FUObjectHashTables data took   0.71ms
[2020.08.28-08.53.41:011][938]Cmd: MAP CHECKDEP NOCLEARLOG
[2020.08.28-08.53.41:012][938]MapCheck: Map check complete: 0 Error(s), 0 Warning(s), took 0,148ms to complete.
[2020.08.28-08.53.41:012][938]LogFileHelpers: Loading map 'MainMenu' took 0.235
[2020.08.28-08.53.41:083][938]AssetCheck: New page: Asset Save: multiple assets
[2020.08.28-08.53.41:083][938]LogContentValidation: Display: Validating World /Game/_MapFolder/GamesMaps/Level1.Level1
[2020.08.28-08.53.41:121][938]LogContentValidation: Display: Validating MapBuildDataRegistry /Game/_MapFolder/GamesMaps/Level1_BuiltData.Level1_BuiltData
[2020.08.28-08.53.41:896][ 26]LogTemp: Repeating last play command: Selected Viewport
[2020.08.28-08.53.41:925][ 26]LogPlayLevel: PlayLevel: No blueprints needed recompiling
[2020.08.28-08.53.41:925][ 26]PIE: New page: PIE session: MainMenu (28 août 2020 à 12:53:41)
[2020.08.28-08.53.41:925][ 26]LogPlayLevel: Creating play world package: /Game/_MapFolder/GamesMaps/UEDPIE_0_MainMenu
[2020.08.28-08.53.41:926][ 26]LogPlayLevel: PIE: StaticDuplicateObject took: (0.000930s)
[2020.08.28-08.53.41:927][ 26]LogAIModule: Creating AISystem for world MainMenu
[2020.08.28-08.53.41:927][ 26]LogAISub: UAISubsystem::UAISubsystem EnvQueryManager (000001B970341400), frame # 18026
[2020.08.28-08.53.41:927][ 26]LogAISub: UAISubsystem::UAISubsystem AIPerceptionSystem (000001B96776F380), frame # 18026
[2020.08.28-08.53.41:927][ 26]LogPlayLevel: PIE: World Init took: (0.001066s)
[2020.08.28-08.53.41:927][ 26]LogPlayLevel: PIE: Created PIE world by copying editor world from /Game/_MapFolder/GamesMaps/MainMenu.MainMenu to /Game/_MapFolder/GamesMaps/UEDPIE_0_MainMenu.MainMenu (0.002104s)
[2020.08.28-08.53.41:943][ 26]LogUObjectHash: Compacting FUObjectHashTables data took   1.03ms
[2020.08.28-08.53.41:944][ 26]LogAudioMixer: Display: Audio Mixer Platform Settings:
[2020.08.28-08.53.41:944][ 26]LogAudioMixer: Display: 	Sample Rate:						  48000
[2020.08.28-08.53.41:944][ 26]LogAudioMixer: Display: 	Callback Buffer Frame Size Requested: 1024
[2020.08.28-08.53.41:944][ 26]LogAudioMixer: Display: 	Callback Buffer Frame Size To Use:	  1024
[2020.08.28-08.53.41:944][ 26]LogAudioMixer: Display: 	Number of buffers to queue:			  2
[2020.08.28-08.53.41:944][ 26]LogAudioMixer: Display: 	Max Channels (voices):				  32
[2020.08.28-08.53.41:944][ 26]LogAudioMixer: Display: 	Number of Async Source Workers:		  0
[2020.08.28-08.53.41:944][ 26]LogAudio: Display: AudioDevice MaxSources: 32
[2020.08.28-08.53.41:944][ 26]LogAudio: Display: Using built-in audio occlusion.
[2020.08.28-08.53.41:944][ 26]LogAudioMixer: Display: Initializing audio mixer.
[2020.08.28-08.53.41:948][ 26]LogAudioMixer: Display: 0: FrontLeft
[2020.08.28-08.53.41:948][ 26]LogAudioMixer: Display: 1: FrontRight
[2020.08.28-08.53.41:985][ 26]LogAudioMixer: Display: Using Audio Device Haut-parleurs (Realtek High Definition Audio)
[2020.08.28-08.53.41:985][ 26]LogAudioMixer: Display: Initializing Sound Submixes...
[2020.08.28-08.53.41:985][ 26]LogAudioMixer: Display: Creating Master Submix 'MasterSubmixDefault'
[2020.08.28-08.53.41:985][ 26]LogAudioMixer: Display: Creating Master Submix 'MasterReverbSubmixDefault'
[2020.08.28-08.53.41:986][ 26]LogAudioMixer: Display: Creating Master Submix 'MasterEQSubmixDefault'
[2020.08.28-08.53.41:999][ 26]LogInit: FAudioDevice initialized.
[2020.08.28-08.53.42:008][ 26]LogLoad: Game class is 'MenuGameMode_C'
[2020.08.28-08.53.42:009][ 26]LogWorld: Bringing World /Game/_MapFolder/GamesMaps/UEDPIE_0_MainMenu.MainMenu up for play (max tick rate 0) at 2020.08.28-10.53.42
[2020.08.28-08.53.42:009][ 26]LogWorld: Bringing up level for play took: 0.000278
[2020.08.28-08.53.42:009][ 26]LogOnline: OSS: Creating online subsystem instance for: :Context_4
[2020.08.28-08.53.42:011][ 26]LogGameMode: Display: Match State Changed from EnteringMap to WaitingToStart
[2020.08.28-08.53.42:011][ 26]LogGameState: Match State Changed from EnteringMap to WaitingToStart
[2020.08.28-08.53.42:011][ 26]LogGameMode: Display: Match State Changed from WaitingToStart to InProgress
[2020.08.28-08.53.42:013][ 26]LogGameState: Match State Changed from WaitingToStart to InProgress
[2020.08.28-08.53.42:013][ 26]PIE: Server logged in
[2020.08.28-08.53.42:014][ 26]PIE: Play in editor total start time 0,09 seconds.
[2020.08.28-09.04.47:220][298]LogAudioMixer: Display: Audio Buffer Underrun detected.
[2020.08.28-09.04.47:220][298]LogAudioMixer: Display: Audio Buffer Underrun detected.
[2020.08.28-09.06.22:628][583]LogAudioMixer: Display: Audio Buffer Underrun detected.
[2020.08.28-09.06.22:628][583]LogAudioMixer: Display: Audio Buffer Underrun detected.
[2020.08.28-09.06.30:818][607]LogAudioMixer: Display: Audio Buffer Underrun detected.
[2020.08.28-09.08.11:710][ 24]LogAssetEditorSubsystem: Opening Asset editor for SkeletalMesh /Game/Player/3D/Mesh/Rigged_TPose.Rigged_TPose
[2020.08.28-09.08.11:727][ 24]LogContentBrowser: Native class hierarchy updated for 'SkeletonEditor' in 0.0004 seconds. Added 1 classes and 2 folders.
[2020.08.28-09.08.11:962][ 24]LogActorComponent: RegisterComponentWithWorld: (/Engine/Transient.World_4:PersistentLevel.AnimationEditorPreviewActor_0.DebugSkelMeshComponent_0) Already registered. Aborting.
[2020.08.28-09.08.11:972][ 24]LogContentBrowser: Native class hierarchy updated for 'PinnedCommandList' in 0.0003 seconds. Added 1 classes and 0 folders.
[2020.08.28-09.08.12:096][ 24]LogSkeletalMesh: USkeletalMeshComponent::InitArticulated : Bodies already created (/Engine/Transient.World_4:PersistentLevel.AnimationEditorPreviewActor_0.DebugSkelMeshComponent_0) - call TermArticulated first.
[2020.08.28-09.08.12:404][ 24]LogScript: Warning: Accessed None trying to read property CallFunc_TryGetPawnOwner_ReturnValue
	AnimBP_Player_C /Engine/Transient.World_5:PersistentLevel.SkeletalMeshActor_0.SkeletalMeshComponent0.AnimBP_Player_C_0
	Function /Game/Player/3D/Animation/AnimBP_Player.AnimBP_Player_C:ExecuteUbergraph_AnimBP_Player:0040
[2020.08.28-09.08.12:496][ 24]LogSlate: Took 0.006796 seconds to synchronously load lazily loaded font '../../../Engine/Content/Slate/Fonts/Roboto-Italic.ttf' (157K)
[2020.08.28-09.08.12:526][ 24]LogRenderer: Reallocating scene render targets to support 1144x896 Format 10 NumSamples 1 (Frame:1).
[2020.08.28-09.08.12:531][ 24]LogStaticMesh: Allocated 510x94x64 distance field atlas = 5.9Mb, with 33 objects containing 3.6Mb backing data
